<?xml version="1.0" encoding="UTF-8"?>
<robot generator="Robot 7.4.2 (Python 3.13.5 on win32)" generated="2026-04-03T20:09:34.328032" rpa="false" schemaversion="5">
<suite id="s1" name="Main" source="C:\Users\ARENAHO JUSKA\PycharmProjects\MUHALIARENAHOHOLDINSs\Web Playwright\Test Cases\main.robot">
<test id="s1-t1" name="Login Flow" line="11">
<kw name="Login" owner="LoginTest">
<kw name="New Browser" owner="Browser">
<msg time="2026-04-03T20:09:34.689266" level="INFO">{"browser": "chromium", "headless": false, "chromiumSandbox": false, "devtools": false, "handleSIGHUP": true, "handleSIGINT": true, "handleSIGTERM": true, "slowMo": 0.0, "timeout": 30000.0, "tracesDir": "C:\\Users\\ARENAHO JUSKA\\PycharmProjects\\MUHALIARENAHOHOLDINSs\\Web Playwright\\Test Cases\\log\\browser\\traces\\temp\\ae9b5181-b14c-444a-a5c2-b48f2be884b9"}</msg>
<msg time="2026-04-03T20:09:34.724945" level="INFO">Starting Browser process C:\Users\ARENAHO JUSKA\PycharmProjects\MUHALIARENAHOHOLDINSs\.venv\Lib\site-packages\Browser\wrapper\index.js using at 127.0.0.1:53168</msg>
<msg time="2026-04-03T20:09:36.207130" level="INFO">Successfully created browser with options: {"browser":"chromium","headless":false,"chromiumSandbox":false,"devtools":false,"handleSIGHUP":true,"handleSIGINT":true,"handleSIGTERM":true,"slowMo":0,"timeout":30000,"tracesDir":"C:\\Users\\ARENAHO JUSKA\\PycharmProjects\\MUHALIARENAHOHOLDINSs\\Web Playwright\\Test Cases\\log\\browser\\traces\\temp\\ae9b5181-b14c-444a-a5c2-b48f2be884b9"}</msg>
<arg>chromium</arg>
<arg>headless=False</arg>
<tag>BrowserControl</tag>
<tag>Setter</tag>
<doc>Create a new playwright Browser with specified options.</doc>
<status status="PASS" start="2026-04-03T20:09:34.688047" elapsed="1.520310"/>
</kw>
<kw name="New Context" owner="Browser">
<msg time="2026-04-03T20:09:36.244554" level="INFO">{
  "acceptDownloads": true,
  "bypassCSP": false,
  "forcedColors": "none",
  "ignoreHTTPSErrors": false,
  "javaScriptEnabled": true,
  "offline": false,
  "reducedMotion": "no-preference",
  "serviceWorkers": "allow",
  "viewport": {
    "width": 1920,
    "height": 1300
  }
}</msg>
<msg time="2026-04-03T20:09:36.314820" level="INFO">Successfully created context. </msg>
<msg time="2026-04-03T20:09:36.315029" level="INFO">{'acceptDownloads': True, 'bypassCSP': False, 'forcedColors': 'none', 'ignoreHTTPSErrors': False, 'javaScriptEnabled': True, 'offline': False, 'reducedMotion': 'no-preference', 'serviceWorkers': 'allow', 'viewport': {'width': 1920, 'height': 1300}}</msg>
<arg>viewport={'width': 1920, 'height': 1300}</arg>
<tag>BrowserControl</tag>
<tag>Setter</tag>
<doc>Create a new BrowserContext with specified options.</doc>
<status status="PASS" start="2026-04-03T20:09:36.211771" elapsed="0.103572"/>
</kw>
<kw name="New Page" owner="Browser">
<msg time="2026-04-03T20:09:38.351332" level="INFO">Successfully initialized new page object and opened url: https://eshopmuhali.netlify.app/</msg>
<arg>${BASE_URL}</arg>
<arg>wait_until=domcontentloaded</arg>
<tag>BrowserControl</tag>
<tag>Setter</tag>
<doc>Open a new Page.</doc>
<status status="PASS" start="2026-04-03T20:09:36.315954" elapsed="2.036059"/>
</kw>
<kw name="Take Screenshot" owner="screenshot">
<kw name="Take Screenshot" owner="Browser">
<msg time="2026-04-03T20:09:38.980727" level="INFO" html="true">&lt;/td&gt;&lt;/tr&gt;&lt;tr&gt;&lt;td colspan="3"&gt;&lt;a href="browser/screenshot/None.png" target="_blank"&gt;&lt;img src="browser/screenshot/None.png" width="800px"/&gt;&lt;/a&gt;</msg>
<arg>None</arg>
<arg>return_as=bytes</arg>
<tag>PageContent</tag>
<doc>Takes a screenshot of the current window or element and saves it to disk.</doc>
<status status="PASS" start="2026-04-03T20:09:38.355957" elapsed="0.625021"/>
</kw>
<msg time="2026-04-03T20:09:38.982924" level="INFO">Screenshot saved to: C:\Users\ARENAHO JUSKA\PycharmProjects\MUHALIARENAHOHOLDINSs\Web Playwright\Test Cases\screenshots\2026-04-03\20-09-38-355.png</msg>
<doc>Captured as 'screenshot.Take Screenshot' in Robot Framework.
Saves to: [Project Root]/Web Playwright/screenshots/YYYY-MM-DD/</doc>
<status status="PASS" start="2026-04-03T20:09:38.352530" elapsed="0.630601"/>
</kw>
<kw name="Get Title" owner="Browser">
<msg time="2026-04-03T20:09:38.995996" level="INFO">Title: 'MUHALI E SHOP'</msg>
<msg time="2026-04-03T20:09:38.996360" level="INFO">${title} = MUHALI E SHOP</msg>
<var>${title}</var>
<tag>Assertion</tag>
<tag>Getter</tag>
<tag>PageContent</tag>
<doc>Returns the title of the current page.</doc>
<status status="PASS" start="2026-04-03T20:09:38.983573" elapsed="0.012887"/>
</kw>
<kw name="Log To Console" owner="BuiltIn">
<arg>Page title is: ${title}</arg>
<doc>Logs the given message to the console.</doc>
<status status="PASS" start="2026-04-03T20:09:38.996946" elapsed="0.001058"/>
</kw>
<if>
<branch type="IF" condition="'${title}' == '${TITLE}'">
<kw name="Log To Console" owner="BuiltIn">
<arg>Title matched</arg>
<doc>Logs the given message to the console.</doc>
<status status="PASS" start="2026-04-03T20:09:38.998715" elapsed="0.000465"/>
</kw>
<kw name="Take Screenshot" owner="screenshot">
<kw name="Take Screenshot" owner="Browser">
<msg time="2026-04-03T20:09:39.248563" level="INFO" html="true">&lt;/td&gt;&lt;/tr&gt;&lt;tr&gt;&lt;td colspan="3"&gt;&lt;a href="browser/screenshot/None.png" target="_blank"&gt;&lt;img src="browser/screenshot/None.png" width="800px"/&gt;&lt;/a&gt;</msg>
<arg>None</arg>
<arg>return_as=bytes</arg>
<tag>PageContent</tag>
<doc>Takes a screenshot of the current window or element and saves it to disk.</doc>
<status status="PASS" start="2026-04-03T20:09:39.000397" elapsed="0.248419"/>
</kw>
<msg time="2026-04-03T20:09:39.250130" level="INFO">Screenshot saved to: C:\Users\ARENAHO JUSKA\PycharmProjects\MUHALIARENAHOHOLDINSs\Web Playwright\Test Cases\screenshots\2026-04-03\20-09-39-000.png</msg>
<doc>Captured as 'screenshot.Take Screenshot' in Robot Framework.
Saves to: [Project Root]/Web Playwright/screenshots/YYYY-MM-DD/</doc>
<status status="PASS" start="2026-04-03T20:09:38.999352" elapsed="0.250940"/>
</kw>
<status status="PASS" start="2026-04-03T20:09:38.998202" elapsed="0.252199"/>
</branch>
<branch type="ELSE">
<kw name="Log To Console" owner="BuiltIn">
<arg>Title mismatch</arg>
<doc>Logs the given message to the console.</doc>
<status status="NOT RUN" start="2026-04-03T20:09:39.250912" elapsed="0.000175"/>
</kw>
<kw name="Take Screenshot" owner="screenshot">
<doc>Captured as 'screenshot.Take Screenshot' in Robot Framework.
Saves to: [Project Root]/Web Playwright/screenshots/YYYY-MM-DD/</doc>
<status status="NOT RUN" start="2026-04-03T20:09:39.251301" elapsed="0.000144"/>
</kw>
<kw name="Fail" owner="BuiltIn">
<arg>Title validation failed</arg>
<doc>Fails the test with the given message and optionally alters its tags.</doc>
<status status="NOT RUN" start="2026-04-03T20:09:39.252483" elapsed="0.000339"/>
</kw>
<status status="NOT RUN" start="2026-04-03T20:09:39.250499" elapsed="0.002449"/>
</branch>
<status status="PASS" start="2026-04-03T20:09:38.998151" elapsed="0.254876"/>
</if>
<kw name="Run Keyword And Return Status" owner="BuiltIn">
<kw name="Wait For Elements State" owner="Browser">
<msg time="2026-04-03T20:09:39.299917" level="INFO">Waited for Element with selector id=email at state visible</msg>
<arg>id=email</arg>
<arg>visible</arg>
<arg>timeout=10s</arg>
<tag>PageContent</tag>
<tag>Wait</tag>
<doc>Waits for the element found by ``selector`` to satisfy state option.</doc>
<status status="PASS" start="2026-04-03T20:09:39.254486" elapsed="0.045585"/>
</kw>
<msg time="2026-04-03T20:09:39.300231" level="INFO">${email_visible} = True</msg>
<var>${email_visible}</var>
<arg>Wait For Elements State</arg>
<arg>id=email</arg>
<arg>visible</arg>
<arg>timeout=10s</arg>
<doc>Runs the specified keyword and returns the status as a Boolean value.</doc>
<status status="PASS" start="2026-04-03T20:09:39.253471" elapsed="0.046785"/>
</kw>
<if>
<branch type="IF" condition="${email_visible}">
<kw name="Log To Console" owner="BuiltIn">
<arg>Email field is visible</arg>
<doc>Logs the given message to the console.</doc>
<status status="PASS" start="2026-04-03T20:09:39.300724" elapsed="0.000446"/>
</kw>
<kw name="Take Screenshot" owner="screenshot">
<kw name="Take Screenshot" owner="Browser">
<msg time="2026-04-03T20:09:39.533234" level="INFO" html="true">&lt;/td&gt;&lt;/tr&gt;&lt;tr&gt;&lt;td colspan="3"&gt;&lt;a href="browser/screenshot/None.png" target="_blank"&gt;&lt;img src="browser/screenshot/None.png" width="800px"/&gt;&lt;/a&gt;</msg>
<arg>None</arg>
<arg>return_as=bytes</arg>
<tag>PageContent</tag>
<doc>Takes a screenshot of the current window or element and saves it to disk.</doc>
<status status="PASS" start="2026-04-03T20:09:39.303779" elapsed="0.229687"/>
</kw>
<msg time="2026-04-03T20:09:39.534855" level="INFO">Screenshot saved to: C:\Users\ARENAHO JUSKA\PycharmProjects\MUHALIARENAHOHOLDINSs\Web Playwright\Test Cases\screenshots\2026-04-03\20-09-39-303.png</msg>
<doc>Captured as 'screenshot.Take Screenshot' in Robot Framework.
Saves to: [Project Root]/Web Playwright/screenshots/YYYY-MM-DD/</doc>
<status status="PASS" start="2026-04-03T20:09:39.301694" elapsed="0.233503"/>
</kw>
<kw name="Fill Text" owner="Browser">
<msg time="2026-04-03T20:09:39.537133" level="INFO">Fills the text 'admin@example.com' in the given field.</msg>
<arg>id=email</arg>
<arg>admin@example.com</arg>
<tag>PageContent</tag>
<tag>Setter</tag>
<doc>Clears and fills the given ``txt`` into the text field found by ``selector``.</doc>
<status status="PASS" start="2026-04-03T20:09:39.535755" elapsed="0.038002"/>
</kw>
<status status="PASS" start="2026-04-03T20:09:39.300398" elapsed="0.273610"/>
</branch>
<branch type="ELSE">
<kw name="Log To Console" owner="BuiltIn">
<arg>❌ Email field not visible</arg>
<doc>Logs the given message to the console.</doc>
<status status="NOT RUN" start="2026-04-03T20:09:39.575001" elapsed="0.000316"/>
</kw>
<kw name="Take Screenshot" owner="screenshot">
<doc>Captured as 'screenshot.Take Screenshot' in Robot Framework.
Saves to: [Project Root]/Web Playwright/screenshots/YYYY-MM-DD/</doc>
<status status="NOT RUN" start="2026-04-03T20:09:39.575797" elapsed="0.000336"/>
</kw>
<kw name="Fail" owner="BuiltIn">
<arg>Email field not found</arg>
<doc>Fails the test with the given message and optionally alters its tags.</doc>
<status status="NOT RUN" start="2026-04-03T20:09:39.576588" elapsed="0.000321"/>
</kw>
<status status="NOT RUN" start="2026-04-03T20:09:39.574201" elapsed="0.002981"/>
</branch>
<status status="PASS" start="2026-04-03T20:09:39.300366" elapsed="0.277000"/>
</if>
<kw name="Run Keyword And Return Status" owner="BuiltIn">
<kw name="Wait For Elements State" owner="Browser">
<msg time="2026-04-03T20:09:39.595829" level="INFO">Waited for Element with selector id=password at state visible</msg>
<arg>id=password</arg>
<arg>visible</arg>
<arg>timeout=10s</arg>
<tag>PageContent</tag>
<tag>Wait</tag>
<doc>Waits for the element found by ``selector`` to satisfy state option.</doc>
<status status="PASS" start="2026-04-03T20:09:39.579140" elapsed="0.017014"/>
</kw>
<msg time="2026-04-03T20:09:39.596538" level="INFO">${password_visible} = True</msg>
<var>${password_visible}</var>
<arg>Wait For Elements State</arg>
<arg>id=password</arg>
<arg>visible</arg>
<arg>timeout=10s</arg>
<doc>Runs the specified keyword and returns the status as a Boolean value.</doc>
<status status="PASS" start="2026-04-03T20:09:39.577720" elapsed="0.018920"/>
</kw>
<if>
<branch type="IF" condition="${password_visible}">
<kw name="Log To Console" owner="BuiltIn">
<arg>✅ Password field is visible</arg>
<doc>Logs the given message to the console.</doc>
<status status="PASS" start="2026-04-03T20:09:39.597781" elapsed="0.000838"/>
</kw>
<kw name="Take Screenshot" owner="screenshot">
<kw name="Take Screenshot" owner="Browser">
<msg time="2026-04-03T20:09:39.861910" level="INFO" html="true">&lt;/td&gt;&lt;/tr&gt;&lt;tr&gt;&lt;td colspan="3"&gt;&lt;a href="browser/screenshot/None.png" target="_blank"&gt;&lt;img src="browser/screenshot/None.png" width="800px"/&gt;&lt;/a&gt;</msg>
<arg>None</arg>
<arg>return_as=bytes</arg>
<tag>PageContent</tag>
<doc>Takes a screenshot of the current window or element and saves it to disk.</doc>
<status status="PASS" start="2026-04-03T20:09:39.600395" elapsed="0.261822"/>
</kw>
<msg time="2026-04-03T20:09:39.863814" level="INFO">Screenshot saved to: C:\Users\ARENAHO JUSKA\PycharmProjects\MUHALIARENAHOHOLDINSs\Web Playwright\Test Cases\screenshots\2026-04-03\20-09-39-600.png</msg>
<doc>Captured as 'screenshot.Take Screenshot' in Robot Framework.
Saves to: [Project Root]/Web Playwright/screenshots/YYYY-MM-DD/</doc>
<status status="PASS" start="2026-04-03T20:09:39.598957" elapsed="0.265018"/>
</kw>
<kw name="Fill Text" owner="Browser">
<msg time="2026-04-03T20:09:39.865678" level="INFO">Fills the text 'Pass@123' in the given field.</msg>
<arg>id=password</arg>
<arg>Pass@123</arg>
<tag>PageContent</tag>
<tag>Setter</tag>
<doc>Clears and fills the given ``txt`` into the text field found by ``selector``.</doc>
<status status="PASS" start="2026-04-03T20:09:39.864537" elapsed="0.025556"/>
</kw>
<status status="PASS" start="2026-04-03T20:09:39.597043" elapsed="0.293283"/>
</branch>
<branch type="ELSE">
<kw name="Log To Console" owner="BuiltIn">
<arg>❌ Password field not visible</arg>
<doc>Logs the given message to the console.</doc>
<status status="NOT RUN" start="2026-04-03T20:09:39.891106" elapsed="0.000266"/>
</kw>
<kw name="Take Screenshot" owner="screenshot">
<doc>Captured as 'screenshot.Take Screenshot' in Robot Framework.
Saves to: [Project Root]/Web Playwright/screenshots/YYYY-MM-DD/</doc>
<status status="NOT RUN" start="2026-04-03T20:09:39.891647" elapsed="0.000152"/>
</kw>
<kw name="Fail" owner="BuiltIn">
<arg>Password field not found</arg>
<doc>Fails the test with the given message and optionally alters its tags.</doc>
<status status="NOT RUN" start="2026-04-03T20:09:39.892023" elapsed="0.000131"/>
</kw>
<status status="NOT RUN" start="2026-04-03T20:09:39.890547" elapsed="0.001695"/>
</branch>
<status status="PASS" start="2026-04-03T20:09:39.596937" elapsed="0.295377"/>
</if>
<kw name="Run Keyword And Return Status" owner="BuiltIn">
<kw name="Wait For Elements State" owner="Browser">
<msg time="2026-04-03T20:09:39.904326" level="INFO">Waited for Element with selector xpath=//button[@type="submit"] at state visible</msg>
<arg>xpath=//button[@type="submit"]</arg>
<arg>visible</arg>
<arg>timeout=10s</arg>
<tag>PageContent</tag>
<tag>Wait</tag>
<doc>Waits for the element found by ``selector`` to satisfy state option.</doc>
<status status="PASS" start="2026-04-03T20:09:39.893504" elapsed="0.011280"/>
</kw>
<msg time="2026-04-03T20:09:39.905365" level="INFO">${login_btn_visible} = True</msg>
<var>${login_btn_visible}</var>
<arg>Wait For Elements State</arg>
<arg>xpath=//button[@type="submit"]</arg>
<arg>visible</arg>
<arg>timeout=10s</arg>
<doc>Runs the specified keyword and returns the status as a Boolean value.</doc>
<status status="PASS" start="2026-04-03T20:09:39.892535" elapsed="0.012966"/>
</kw>
<if>
<branch type="IF" condition="${login_btn_visible}">
<kw name="Log To Console" owner="BuiltIn">
<arg>✅ Login button is visible</arg>
<doc>Logs the given message to the console.</doc>
<status status="PASS" start="2026-04-03T20:09:39.906567" elapsed="0.000941"/>
</kw>
<kw name="Take Screenshot" owner="screenshot">
<kw name="Take Screenshot" owner="Browser">
<msg time="2026-04-03T20:09:40.197148" level="INFO" html="true">&lt;/td&gt;&lt;/tr&gt;&lt;tr&gt;&lt;td colspan="3"&gt;&lt;a href="browser/screenshot/None.png" target="_blank"&gt;&lt;img src="browser/screenshot/None.png" width="800px"/&gt;&lt;/a&gt;</msg>
<arg>None</arg>
<arg>return_as=bytes</arg>
<tag>PageContent</tag>
<doc>Takes a screenshot of the current window or element and saves it to disk.</doc>
<status status="PASS" start="2026-04-03T20:09:39.909694" elapsed="0.287943"/>
</kw>
<msg time="2026-04-03T20:09:40.200906" level="INFO">Screenshot saved to: C:\Users\ARENAHO JUSKA\PycharmProjects\MUHALIARENAHOHOLDINSs\Web Playwright\Test Cases\screenshots\2026-04-03\20-09-39-909.png</msg>
<doc>Captured as 'screenshot.Take Screenshot' in Robot Framework.
Saves to: [Project Root]/Web Playwright/screenshots/YYYY-MM-DD/</doc>
<status status="PASS" start="2026-04-03T20:09:39.907869" elapsed="0.293511"/>
</kw>
<kw name="Click" owner="Browser">
<msg time="2026-04-03T20:09:40.206394" level="INFO">Clicks the element 'xpath=//button[@type="submit"]'.</msg>
<arg>xpath=//button[@type="submit"]</arg>
<tag>PageContent</tag>
<tag>Setter</tag>
<doc>Simulates mouse click on the element found by ``selector``.</doc>
<status status="PASS" start="2026-04-03T20:09:40.204213" elapsed="0.113000"/>
</kw>
<status status="PASS" start="2026-04-03T20:09:39.905868" elapsed="0.411706"/>
</branch>
<branch type="ELSE">
<kw name="Log To Console" owner="BuiltIn">
<arg>❌ Login button not visible</arg>
<doc>Logs the given message to the console.</doc>
<status status="NOT RUN" start="2026-04-03T20:09:40.323479" elapsed="0.000667"/>
</kw>
<kw name="Take Screenshot" owner="screenshot">
<doc>Captured as 'screenshot.Take Screenshot' in Robot Framework.
Saves to: [Project Root]/Web Playwright/screenshots/YYYY-MM-DD/</doc>
<status status="NOT RUN" start="2026-04-03T20:09:40.329425" elapsed="0.000321"/>
</kw>
<kw name="Fail" owner="BuiltIn">
<arg>Login button missing</arg>
<doc>Fails the test with the given message and optionally alters its tags.</doc>
<status status="NOT RUN" start="2026-04-03T20:09:40.330256" elapsed="0.000369"/>
</kw>
<status status="NOT RUN" start="2026-04-03T20:09:40.317833" elapsed="0.013086"/>
</branch>
<status status="PASS" start="2026-04-03T20:09:39.905790" elapsed="0.425271"/>
</if>
<kw name="Run Keyword And Return Status" owner="BuiltIn">
<kw name="Wait For Elements State" owner="Browser">
<msg time="2026-04-03T20:09:41.756356" level="INFO">Waited for Element with selector text="Logout" at state visible</msg>
<arg>text="Logout"</arg>
<arg>visible</arg>
<arg>timeout=10s</arg>
<tag>PageContent</tag>
<tag>Wait</tag>
<doc>Waits for the element found by ``selector`` to satisfy state option.</doc>
<status status="PASS" start="2026-04-03T20:09:40.332894" elapsed="1.424012"/>
</kw>
<msg time="2026-04-03T20:09:41.757437" level="INFO">${login_status} = True</msg>
<var>${login_status}</var>
<arg>Wait For Elements State</arg>
<arg>text="Logout"</arg>
<arg>visible</arg>
<arg>timeout=10s</arg>
<doc>Runs the specified keyword and returns the status as a Boolean value.</doc>
<status status="PASS" start="2026-04-03T20:09:40.331489" elapsed="1.426166"/>
</kw>
<if>
<branch type="IF" condition="${login_status}">
<kw name="Log To Console" owner="BuiltIn">
<arg>✅ Login successful</arg>
<doc>Logs the given message to the console.</doc>
<status status="PASS" start="2026-04-03T20:09:41.780166" elapsed="0.001541"/>
</kw>
<kw name="Take Screenshot" owner="screenshot">
<kw name="Take Screenshot" owner="Browser">
<msg time="2026-04-03T20:09:42.843357" level="INFO" html="true">&lt;/td&gt;&lt;/tr&gt;&lt;tr&gt;&lt;td colspan="3"&gt;&lt;a href="browser/screenshot/None.png" target="_blank"&gt;&lt;img src="browser/screenshot/None.png" width="800px"/&gt;&lt;/a&gt;</msg>
<arg>None</arg>
<arg>return_as=bytes</arg>
<tag>PageContent</tag>
<doc>Takes a screenshot of the current window or element and saves it to disk.</doc>
<status status="PASS" start="2026-04-03T20:09:41.787004" elapsed="1.056986"/>
</kw>
<msg time="2026-04-03T20:09:42.847243" level="INFO">Screenshot saved to: C:\Users\ARENAHO JUSKA\PycharmProjects\MUHALIARENAHOHOLDINSs\Web Playwright\Test Cases\screenshots\2026-04-03\20-09-41-786.png</msg>
<doc>Captured as 'screenshot.Take Screenshot' in Robot Framework.
Saves to: [Project Root]/Web Playwright/screenshots/YYYY-MM-DD/</doc>
<status status="PASS" start="2026-04-03T20:09:41.782163" elapsed="1.065242"/>
</kw>
<status status="PASS" start="2026-04-03T20:09:41.758188" elapsed="1.089372"/>
</branch>
<branch type="ELSE">
<kw name="Log To Console" owner="BuiltIn">
<arg>❌ Login failed</arg>
<doc>Logs the given message to the console.</doc>
<status status="NOT RUN" start="2026-04-03T20:09:42.848147" elapsed="0.000208"/>
</kw>
<kw name="Take Screenshot" owner="screenshot">
<doc>Captured as 'screenshot.Take Screenshot' in Robot Framework.
Saves to: [Project Root]/Web Playwright/screenshots/YYYY-MM-DD/</doc>
<status status="NOT RUN" start="2026-04-03T20:09:42.848641" elapsed="0.000272"/>
</kw>
<kw name="Fail" owner="BuiltIn">
<arg>Login failed</arg>
<doc>Fails the test with the given message and optionally alters its tags.</doc>
<status status="NOT RUN" start="2026-04-03T20:09:42.849405" elapsed="0.000342"/>
</kw>
<status status="NOT RUN" start="2026-04-03T20:09:42.847683" elapsed="0.002301"/>
</branch>
<status status="PASS" start="2026-04-03T20:09:41.758042" elapsed="1.092086"/>
</if>
<status status="PASS" start="2026-04-03T20:09:34.686374" elapsed="8.163951"/>
</kw>
<kw name="Close Browser" owner="Browser" type="TEARDOWN">
<msg time="2026-04-03T20:09:43.666562" level="INFO">Closed browser</msg>
<tag>BrowserControl</tag>
<tag>Setter</tag>
<doc>Closes the current browser.</doc>
<status status="PASS" start="2026-04-03T20:09:42.850900" elapsed="0.816231"/>
</kw>
<status status="PASS" start="2026-04-03T20:09:34.684342" elapsed="8.983140"/>
</test>
<test id="s1-t2" name="Purchase" line="15">
<kw name="Login" owner="LoginTest">
<kw name="New Browser" owner="Browser">
<msg time="2026-04-03T20:09:43.714164" level="INFO">{"browser": "chromium", "headless": false, "chromiumSandbox": false, "devtools": false, "handleSIGHUP": true, "handleSIGINT": true, "handleSIGTERM": true, "slowMo": 0.0, "timeout": 30000.0, "tracesDir": "C:\\Users\\ARENAHO JUSKA\\PycharmProjects\\MUHALIARENAHOHOLDINSs\\Web Playwright\\Test Cases\\log\\browser\\traces\\temp\\6f52e266-ccf2-4b93-a078-621c01c2ddce"}</msg>
<msg time="2026-04-03T20:09:44.412398" level="INFO">Successfully created browser with options: {"browser":"chromium","headless":false,"chromiumSandbox":false,"devtools":false,"handleSIGHUP":true,"handleSIGINT":true,"handleSIGTERM":true,"slowMo":0,"timeout":30000,"tracesDir":"C:\\Users\\ARENAHO JUSKA\\PycharmProjects\\MUHALIARENAHOHOLDINSs\\Web Playwright\\Test Cases\\log\\browser\\traces\\temp\\6f52e266-ccf2-4b93-a078-621c01c2ddce"}</msg>
<arg>chromium</arg>
<arg>headless=False</arg>
<tag>BrowserControl</tag>
<tag>Setter</tag>
<doc>Create a new playwright Browser with specified options.</doc>
<status status="PASS" start="2026-04-03T20:09:43.711810" elapsed="0.702996"/>
</kw>
<kw name="New Context" owner="Browser">
<msg time="2026-04-03T20:09:44.445417" level="INFO">{
  "acceptDownloads": true,
  "bypassCSP": false,
  "forcedColors": "none",
  "ignoreHTTPSErrors": false,
  "javaScriptEnabled": true,
  "offline": false,
  "reducedMotion": "no-preference",
  "serviceWorkers": "allow",
  "viewport": {
    "width": 1920,
    "height": 1300
  }
}</msg>
<msg time="2026-04-03T20:09:44.498026" level="INFO">Successfully created context. </msg>
<msg time="2026-04-03T20:09:44.498220" level="INFO">{'acceptDownloads': True, 'bypassCSP': False, 'forcedColors': 'none', 'ignoreHTTPSErrors': False, 'javaScriptEnabled': True, 'offline': False, 'reducedMotion': 'no-preference', 'serviceWorkers': 'allow', 'viewport': {'width': 1920, 'height': 1300}}</msg>
<arg>viewport={'width': 1920, 'height': 1300}</arg>
<tag>BrowserControl</tag>
<tag>Setter</tag>
<doc>Create a new BrowserContext with specified options.</doc>
<status status="PASS" start="2026-04-03T20:09:44.424694" elapsed="0.073783"/>
</kw>
<kw name="New Page" owner="Browser">
<msg time="2026-04-03T20:09:46.598576" level="INFO">Successfully initialized new page object and opened url: https://eshopmuhali.netlify.app/</msg>
<arg>${BASE_URL}</arg>
<arg>wait_until=domcontentloaded</arg>
<tag>BrowserControl</tag>
<tag>Setter</tag>
<doc>Open a new Page.</doc>
<status status="PASS" start="2026-04-03T20:09:44.498965" elapsed="2.100029"/>
</kw>
<kw name="Take Screenshot" owner="screenshot">
<kw name="Take Screenshot" owner="Browser">
<msg time="2026-04-03T20:09:47.279599" level="INFO" html="true">&lt;/td&gt;&lt;/tr&gt;&lt;tr&gt;&lt;td colspan="3"&gt;&lt;a href="browser/screenshot/None.png" target="_blank"&gt;&lt;img src="browser/screenshot/None.png" width="800px"/&gt;&lt;/a&gt;</msg>
<arg>None</arg>
<arg>return_as=bytes</arg>
<tag>PageContent</tag>
<doc>Takes a screenshot of the current window or element and saves it to disk.</doc>
<status status="PASS" start="2026-04-03T20:09:46.601656" elapsed="0.678483"/>
</kw>
<msg time="2026-04-03T20:09:47.281253" level="INFO">Screenshot saved to: C:\Users\ARENAHO JUSKA\PycharmProjects\MUHALIARENAHOHOLDINSs\Web Playwright\Test Cases\screenshots\2026-04-03\20-09-46-601.png</msg>
<doc>Captured as 'screenshot.Take Screenshot' in Robot Framework.
Saves to: [Project Root]/Web Playwright/screenshots/YYYY-MM-DD/</doc>
<status status="PASS" start="2026-04-03T20:09:46.599432" elapsed="0.681961"/>
</kw>
<kw name="Get Title" owner="Browser">
<msg time="2026-04-03T20:09:47.289816" level="INFO">Title: 'MUHALI E SHOP'</msg>
<msg time="2026-04-03T20:09:47.290260" level="INFO">${title} = MUHALI E SHOP</msg>
<var>${title}</var>
<tag>Assertion</tag>
<tag>Getter</tag>
<tag>PageContent</tag>
<doc>Returns the title of the current page.</doc>
<status status="PASS" start="2026-04-03T20:09:47.281722" elapsed="0.008659"/>
</kw>
<kw name="Log To Console" owner="BuiltIn">
<arg>Page title is: ${title}</arg>
<doc>Logs the given message to the console.</doc>
<status status="PASS" start="2026-04-03T20:09:47.290961" elapsed="0.001310"/>
</kw>
<if>
<branch type="IF" condition="'${title}' == '${TITLE}'">
<kw name="Log To Console" owner="BuiltIn">
<arg>Title matched</arg>
<doc>Logs the given message to the console.</doc>
<status status="PASS" start="2026-04-03T20:09:47.293532" elapsed="0.000895"/>
</kw>
<kw name="Take Screenshot" owner="screenshot">
<kw name="Take Screenshot" owner="Browser">
<msg time="2026-04-03T20:09:47.583947" level="INFO" html="true">&lt;/td&gt;&lt;/tr&gt;&lt;tr&gt;&lt;td colspan="3"&gt;&lt;a href="browser/screenshot/None.png" target="_blank"&gt;&lt;img src="browser/screenshot/None.png" width="800px"/&gt;&lt;/a&gt;</msg>
<arg>None</arg>
<arg>return_as=bytes</arg>
<tag>PageContent</tag>
<doc>Takes a screenshot of the current window or element and saves it to disk.</doc>
<status status="PASS" start="2026-04-03T20:09:47.296300" elapsed="0.287977"/>
</kw>
<msg time="2026-04-03T20:09:47.586050" level="INFO">Screenshot saved to: C:\Users\ARENAHO JUSKA\PycharmProjects\MUHALIARENAHOHOLDINSs\Web Playwright\Test Cases\screenshots\2026-04-03\20-09-47-295.png</msg>
<doc>Captured as 'screenshot.Take Screenshot' in Robot Framework.
Saves to: [Project Root]/Web Playwright/screenshots/YYYY-MM-DD/</doc>
<status status="PASS" start="2026-04-03T20:09:47.294792" elapsed="0.291469"/>
</kw>
<status status="PASS" start="2026-04-03T20:09:47.292611" elapsed="0.293775"/>
</branch>
<branch type="ELSE">
<kw name="Log To Console" owner="BuiltIn">
<arg>Title mismatch</arg>
<doc>Logs the given message to the console.</doc>
<status status="NOT RUN" start="2026-04-03T20:09:47.587161" elapsed="0.000420"/>
</kw>
<kw name="Take Screenshot" owner="screenshot">
<doc>Captured as 'screenshot.Take Screenshot' in Robot Framework.
Saves to: [Project Root]/Web Playwright/screenshots/YYYY-MM-DD/</doc>
<status status="NOT RUN" start="2026-04-03T20:09:47.588222" elapsed="0.000274"/>
</kw>
<kw name="Fail" owner="BuiltIn">
<arg>Title validation failed</arg>
<doc>Fails the test with the given message and optionally alters its tags.</doc>
<status status="NOT RUN" start="2026-04-03T20:09:47.588936" elapsed="0.000256"/>
</kw>
<status status="NOT RUN" start="2026-04-03T20:09:47.586510" elapsed="0.002801"/>
</branch>
<status status="PASS" start="2026-04-03T20:09:47.292539" elapsed="0.296851"/>
</if>
<kw name="Run Keyword And Return Status" owner="BuiltIn">
<kw name="Wait For Elements State" owner="Browser">
<msg time="2026-04-03T20:09:47.632311" level="INFO">Waited for Element with selector id=email at state visible</msg>
<arg>id=email</arg>
<arg>visible</arg>
<arg>timeout=10s</arg>
<tag>PageContent</tag>
<tag>Wait</tag>
<doc>Waits for the element found by ``selector`` to satisfy state option.</doc>
<status status="PASS" start="2026-04-03T20:09:47.591430" elapsed="0.041236"/>
</kw>
<msg time="2026-04-03T20:09:47.633035" level="INFO">${email_visible} = True</msg>
<var>${email_visible}</var>
<arg>Wait For Elements State</arg>
<arg>id=email</arg>
<arg>visible</arg>
<arg>timeout=10s</arg>
<doc>Runs the specified keyword and returns the status as a Boolean value.</doc>
<status status="PASS" start="2026-04-03T20:09:47.589612" elapsed="0.043495"/>
</kw>
<if>
<branch type="IF" condition="${email_visible}">
<kw name="Log To Console" owner="BuiltIn">
<arg>Email field is visible</arg>
<doc>Logs the given message to the console.</doc>
<status status="PASS" start="2026-04-03T20:09:47.634016" elapsed="0.000797"/>
</kw>
<kw name="Take Screenshot" owner="screenshot">
<kw name="Take Screenshot" owner="Browser">
<msg time="2026-04-03T20:09:47.914049" level="INFO" html="true">&lt;/td&gt;&lt;/tr&gt;&lt;tr&gt;&lt;td colspan="3"&gt;&lt;a href="browser/screenshot/None.png" target="_blank"&gt;&lt;img src="browser/screenshot/None.png" width="800px"/&gt;&lt;/a&gt;</msg>
<arg>None</arg>
<arg>return_as=bytes</arg>
<tag>PageContent</tag>
<doc>Takes a screenshot of the current window or element and saves it to disk.</doc>
<status status="PASS" start="2026-04-03T20:09:47.637901" elapsed="0.276648"/>
</kw>
<msg time="2026-04-03T20:09:47.916334" level="INFO">Screenshot saved to: C:\Users\ARENAHO JUSKA\PycharmProjects\MUHALIARENAHOHOLDINSs\Web Playwright\Test Cases\screenshots\2026-04-03\20-09-47-637.png</msg>
<doc>Captured as 'screenshot.Take Screenshot' in Robot Framework.
Saves to: [Project Root]/Web Playwright/screenshots/YYYY-MM-DD/</doc>
<status status="PASS" start="2026-04-03T20:09:47.635130" elapsed="0.281367"/>
</kw>
<kw name="Fill Text" owner="Browser">
<msg time="2026-04-03T20:09:47.917728" level="INFO">Fills the text 'admin@example.com' in the given field.</msg>
<arg>id=email</arg>
<arg>admin@example.com</arg>
<tag>PageContent</tag>
<tag>Setter</tag>
<doc>Clears and fills the given ``txt`` into the text field found by ``selector``.</doc>
<status status="PASS" start="2026-04-03T20:09:47.916772" elapsed="0.042436"/>
</kw>
<status status="PASS" start="2026-04-03T20:09:47.633372" elapsed="0.326451"/>
</branch>
<branch type="ELSE">
<kw name="Log To Console" owner="BuiltIn">
<arg>❌ Email field not visible</arg>
<doc>Logs the given message to the console.</doc>
<status status="NOT RUN" start="2026-04-03T20:09:47.960630" elapsed="0.000308"/>
</kw>
<kw name="Take Screenshot" owner="screenshot">
<doc>Captured as 'screenshot.Take Screenshot' in Robot Framework.
Saves to: [Project Root]/Web Playwright/screenshots/YYYY-MM-DD/</doc>
<status status="NOT RUN" start="2026-04-03T20:09:47.961307" elapsed="0.000262"/>
</kw>
<kw name="Fail" owner="BuiltIn">
<arg>Email field not found</arg>
<doc>Fails the test with the given message and optionally alters its tags.</doc>
<status status="NOT RUN" start="2026-04-03T20:09:47.961977" elapsed="0.000281"/>
</kw>
<status status="NOT RUN" start="2026-04-03T20:09:47.959988" elapsed="0.002475"/>
</branch>
<status status="PASS" start="2026-04-03T20:09:47.633301" elapsed="0.329317"/>
</if>
<kw name="Run Keyword And Return Status" owner="BuiltIn">
<kw name="Wait For Elements State" owner="Browser">
<msg time="2026-04-03T20:09:47.980737" level="INFO">Waited for Element with selector id=password at state visible</msg>
<arg>id=password</arg>
<arg>visible</arg>
<arg>timeout=10s</arg>
<tag>PageContent</tag>
<tag>Wait</tag>
<doc>Waits for the element found by ``selector`` to satisfy state option.</doc>
<status status="PASS" start="2026-04-03T20:09:47.964478" elapsed="0.016684"/>
</kw>
<msg time="2026-04-03T20:09:47.981615" level="INFO">${password_visible} = True</msg>
<var>${password_visible}</var>
<arg>Wait For Elements State</arg>
<arg>id=password</arg>
<arg>visible</arg>
<arg>timeout=10s</arg>
<doc>Runs the specified keyword and returns the status as a Boolean value.</doc>
<status status="PASS" start="2026-04-03T20:09:47.963028" elapsed="0.018676"/>
</kw>
<if>
<branch type="IF" condition="${password_visible}">
<kw name="Log To Console" owner="BuiltIn">
<arg>✅ Password field is visible</arg>
<doc>Logs the given message to the console.</doc>
<status status="PASS" start="2026-04-03T20:09:47.982965" elapsed="0.000979"/>
</kw>
<kw name="Take Screenshot" owner="screenshot">
<kw name="Take Screenshot" owner="Browser">
<msg time="2026-04-03T20:09:48.291406" level="INFO" html="true">&lt;/td&gt;&lt;/tr&gt;&lt;tr&gt;&lt;td colspan="3"&gt;&lt;a href="browser/screenshot/None.png" target="_blank"&gt;&lt;img src="browser/screenshot/None.png" width="800px"/&gt;&lt;/a&gt;</msg>
<arg>None</arg>
<arg>return_as=bytes</arg>
<tag>PageContent</tag>
<doc>Takes a screenshot of the current window or element and saves it to disk.</doc>
<status status="PASS" start="2026-04-03T20:09:47.988612" elapsed="0.303835"/>
</kw>
<msg time="2026-04-03T20:09:48.294809" level="INFO">Screenshot saved to: C:\Users\ARENAHO JUSKA\PycharmProjects\MUHALIARENAHOHOLDINSs\Web Playwright\Test Cases\screenshots\2026-04-03\20-09-47-987.png</msg>
<doc>Captured as 'screenshot.Take Screenshot' in Robot Framework.
Saves to: [Project Root]/Web Playwright/screenshots/YYYY-MM-DD/</doc>
<status status="PASS" start="2026-04-03T20:09:47.984355" elapsed="0.310704"/>
</kw>
<kw name="Fill Text" owner="Browser">
<msg time="2026-04-03T20:09:48.297550" level="INFO">Fills the text 'Pass@123' in the given field.</msg>
<arg>id=password</arg>
<arg>Pass@123</arg>
<tag>PageContent</tag>
<tag>Setter</tag>
<doc>Clears and fills the given ``txt`` into the text field found by ``selector``.</doc>
<status status="PASS" start="2026-04-03T20:09:48.295736" elapsed="0.040639"/>
</kw>
<status status="PASS" start="2026-04-03T20:09:47.982017" elapsed="0.354943"/>
</branch>
<branch type="ELSE">
<kw name="Log To Console" owner="BuiltIn">
<arg>❌ Password field not visible</arg>
<doc>Logs the given message to the console.</doc>
<status status="NOT RUN" start="2026-04-03T20:09:48.338117" elapsed="0.000402"/>
</kw>
<kw name="Take Screenshot" owner="screenshot">
<doc>Captured as 'screenshot.Take Screenshot' in Robot Framework.
Saves to: [Project Root]/Web Playwright/screenshots/YYYY-MM-DD/</doc>
<status status="NOT RUN" start="2026-04-03T20:09:48.339107" elapsed="0.000561"/>
</kw>
<kw name="Fail" owner="BuiltIn">
<arg>Password field not found</arg>
<doc>Fails the test with the given message and optionally alters its tags.</doc>
<status status="NOT RUN" start="2026-04-03T20:09:48.340294" elapsed="0.000624"/>
</kw>
<status status="NOT RUN" start="2026-04-03T20:09:48.337305" elapsed="0.003949"/>
</branch>
<status status="PASS" start="2026-04-03T20:09:47.981949" elapsed="0.359486"/>
</if>
<kw name="Run Keyword And Return Status" owner="BuiltIn">
<kw name="Wait For Elements State" owner="Browser">
<msg time="2026-04-03T20:09:48.366870" level="INFO">Waited for Element with selector xpath=//button[@type="submit"] at state visible</msg>
<arg>xpath=//button[@type="submit"]</arg>
<arg>visible</arg>
<arg>timeout=10s</arg>
<tag>PageContent</tag>
<tag>Wait</tag>
<doc>Waits for the element found by ``selector`` to satisfy state option.</doc>
<status status="PASS" start="2026-04-03T20:09:48.343823" elapsed="0.023482"/>
</kw>
<msg time="2026-04-03T20:09:48.367784" level="INFO">${login_btn_visible} = True</msg>
<var>${login_btn_visible}</var>
<arg>Wait For Elements State</arg>
<arg>xpath=//button[@type="submit"]</arg>
<arg>visible</arg>
<arg>timeout=10s</arg>
<doc>Runs the specified keyword and returns the status as a Boolean value.</doc>
<status status="PASS" start="2026-04-03T20:09:48.342030" elapsed="0.025882"/>
</kw>
<if>
<branch type="IF" condition="${login_btn_visible}">
<kw name="Log To Console" owner="BuiltIn">
<arg>✅ Login button is visible</arg>
<doc>Logs the given message to the console.</doc>
<status status="PASS" start="2026-04-03T20:09:48.372031" elapsed="0.004243"/>
</kw>
<kw name="Take Screenshot" owner="screenshot">
<kw name="Take Screenshot" owner="Browser">
<msg time="2026-04-03T20:09:48.775325" level="INFO" html="true">&lt;/td&gt;&lt;/tr&gt;&lt;tr&gt;&lt;td colspan="3"&gt;&lt;a href="browser/screenshot/None.png" target="_blank"&gt;&lt;img src="browser/screenshot/None.png" width="800px"/&gt;&lt;/a&gt;</msg>
<arg>None</arg>
<arg>return_as=bytes</arg>
<tag>PageContent</tag>
<doc>Takes a screenshot of the current window or element and saves it to disk.</doc>
<status status="PASS" start="2026-04-03T20:09:48.379240" elapsed="0.396460"/>
</kw>
<msg time="2026-04-03T20:09:48.777468" level="INFO">Screenshot saved to: C:\Users\ARENAHO JUSKA\PycharmProjects\MUHALIARENAHOHOLDINSs\Web Playwright\Test Cases\screenshots\2026-04-03\20-09-48-378.png</msg>
<doc>Captured as 'screenshot.Take Screenshot' in Robot Framework.
Saves to: [Project Root]/Web Playwright/screenshots/YYYY-MM-DD/</doc>
<status status="PASS" start="2026-04-03T20:09:48.376823" elapsed="0.400772"/>
</kw>
<kw name="Click" owner="Browser">
<msg time="2026-04-03T20:09:48.778799" level="INFO">Clicks the element 'xpath=//button[@type="submit"]'.</msg>
<arg>xpath=//button[@type="submit"]</arg>
<tag>PageContent</tag>
<tag>Setter</tag>
<doc>Simulates mouse click on the element found by ``selector``.</doc>
<status status="PASS" start="2026-04-03T20:09:48.777958" elapsed="0.082307"/>
</kw>
<status status="PASS" start="2026-04-03T20:09:48.368270" elapsed="0.492291"/>
</branch>
<branch type="ELSE">
<kw name="Log To Console" owner="BuiltIn">
<arg>❌ Login button not visible</arg>
<doc>Logs the given message to the console.</doc>
<status status="NOT RUN" start="2026-04-03T20:09:48.861298" elapsed="0.000371"/>
</kw>
<kw name="Take Screenshot" owner="screenshot">
<doc>Captured as 'screenshot.Take Screenshot' in Robot Framework.
Saves to: [Project Root]/Web Playwright/screenshots/YYYY-MM-DD/</doc>
<status status="NOT RUN" start="2026-04-03T20:09:48.862020" elapsed="0.000198"/>
</kw>
<kw name="Fail" owner="BuiltIn">
<arg>Login button missing</arg>
<doc>Fails the test with the given message and optionally alters its tags.</doc>
<status status="NOT RUN" start="2026-04-03T20:09:48.862496" elapsed="0.000205"/>
</kw>
<status status="NOT RUN" start="2026-04-03T20:09:48.860755" elapsed="0.002071"/>
</branch>
<status status="PASS" start="2026-04-03T20:09:48.368190" elapsed="0.494726"/>
</if>
<kw name="Run Keyword And Return Status" owner="BuiltIn">
<kw name="Wait For Elements State" owner="Browser">
<msg time="2026-04-03T20:09:50.243855" level="INFO">Waited for Element with selector text="Logout" at state visible</msg>
<arg>text="Logout"</arg>
<arg>visible</arg>
<arg>timeout=10s</arg>
<tag>PageContent</tag>
<tag>Wait</tag>
<doc>Waits for the element found by ``selector`` to satisfy state option.</doc>
<status status="PASS" start="2026-04-03T20:09:48.864137" elapsed="1.380121"/>
</kw>
<msg time="2026-04-03T20:09:50.244613" level="INFO">${login_status} = True</msg>
<var>${login_status}</var>
<arg>Wait For Elements State</arg>
<arg>text="Logout"</arg>
<arg>visible</arg>
<arg>timeout=10s</arg>
<doc>Runs the specified keyword and returns the status as a Boolean value.</doc>
<status status="PASS" start="2026-04-03T20:09:48.863189" elapsed="1.381485"/>
</kw>
<if>
<branch type="IF" condition="${login_status}">
<kw name="Log To Console" owner="BuiltIn">
<arg>✅ Login successful</arg>
<doc>Logs the given message to the console.</doc>
<status status="PASS" start="2026-04-03T20:09:50.245679" elapsed="0.000878"/>
</kw>
<kw name="Take Screenshot" owner="screenshot">
<kw name="Take Screenshot" owner="Browser">
<msg time="2026-04-03T20:09:50.416232" level="INFO" html="true">&lt;/td&gt;&lt;/tr&gt;&lt;tr&gt;&lt;td colspan="3"&gt;&lt;a href="browser/screenshot/None.png" target="_blank"&gt;&lt;img src="browser/screenshot/None.png" width="800px"/&gt;&lt;/a&gt;</msg>
<arg>None</arg>
<arg>return_as=bytes</arg>
<tag>PageContent</tag>
<doc>Takes a screenshot of the current window or element and saves it to disk.</doc>
<status status="PASS" start="2026-04-03T20:09:50.248155" elapsed="0.168407"/>
</kw>
<msg time="2026-04-03T20:09:50.417409" level="INFO">Screenshot saved to: C:\Users\ARENAHO JUSKA\PycharmProjects\MUHALIARENAHOHOLDINSs\Web Playwright\Test Cases\screenshots\2026-04-03\20-09-50-247.png</msg>
<doc>Captured as 'screenshot.Take Screenshot' in Robot Framework.
Saves to: [Project Root]/Web Playwright/screenshots/YYYY-MM-DD/</doc>
<status status="PASS" start="2026-04-03T20:09:50.246845" elapsed="0.170725"/>
</kw>
<status status="PASS" start="2026-04-03T20:09:50.244886" elapsed="0.172741"/>
</branch>
<branch type="ELSE">
<kw name="Log To Console" owner="BuiltIn">
<arg>❌ Login failed</arg>
<doc>Logs the given message to the console.</doc>
<status status="NOT RUN" start="2026-04-03T20:09:50.418041" elapsed="0.000206"/>
</kw>
<kw name="Take Screenshot" owner="screenshot">
<doc>Captured as 'screenshot.Take Screenshot' in Robot Framework.
Saves to: [Project Root]/Web Playwright/screenshots/YYYY-MM-DD/</doc>
<status status="NOT RUN" start="2026-04-03T20:09:50.418634" elapsed="0.000754"/>
</kw>
<kw name="Fail" owner="BuiltIn">
<arg>Login failed</arg>
<doc>Fails the test with the given message and optionally alters its tags.</doc>
<status status="NOT RUN" start="2026-04-03T20:09:50.420027" elapsed="0.000319"/>
</kw>
<status status="NOT RUN" start="2026-04-03T20:09:50.417672" elapsed="0.002817"/>
</branch>
<status status="PASS" start="2026-04-03T20:09:50.244838" elapsed="0.175728"/>
</if>
<status status="PASS" start="2026-04-03T20:09:43.710527" elapsed="6.710185"/>
</kw>
<kw name="Purchase" owner="purchase">
<kw name="Wait For Elements State" owner="Browser">
<msg time="2026-04-03T20:09:50.433433" level="INFO">Waited for Element with selector xpath=//*[@id="root"]/nav/div[2]/a[2] at state visible</msg>
<arg>xpath=//*[@id="root"]/nav/div[2]/a[2]</arg>
<arg>visible</arg>
<arg>timeout=10s</arg>
<tag>PageContent</tag>
<tag>Wait</tag>
<doc>Waits for the element found by ``selector`` to satisfy state option.</doc>
<status status="PASS" start="2026-04-03T20:09:50.422461" elapsed="0.011187"/>
</kw>
<kw name="Click" owner="Browser">
<msg time="2026-04-03T20:09:50.435185" level="INFO">Clicks the element 'xpath=//*[@id="root"]/nav/div[2]/a[2]'.</msg>
<arg>xpath=//*[@id="root"]/nav/div[2]/a[2]</arg>
<tag>PageContent</tag>
<tag>Setter</tag>
<doc>Simulates mouse click on the element found by ``selector``.</doc>
<status status="PASS" start="2026-04-03T20:09:50.434051" elapsed="0.092340"/>
</kw>
<kw name="Run Keyword And Return Status" owner="BuiltIn">
<kw name="Wait For Elements State" owner="Browser">
<msg time="2026-04-03T20:09:50.564028" level="INFO">Waited for Element with selector xpath=//*[@id="root"]/div/h2 at state visible</msg>
<arg>xpath=//*[@id="root"]/div/h2</arg>
<arg>visible</arg>
<arg>timeout=10s</arg>
<tag>PageContent</tag>
<tag>Wait</tag>
<doc>Waits for the element found by ``selector`` to satisfy state option.</doc>
<status status="PASS" start="2026-04-03T20:09:50.528432" elapsed="0.035864"/>
</kw>
<msg time="2026-04-03T20:09:50.564551" level="INFO">${Shop_visible} = True</msg>
<var>${Shop_visible}</var>
<arg>Wait For Elements State</arg>
<arg>xpath=//*[@id="root"]/div/h2</arg>
<arg>visible</arg>
<arg>timeout=10s</arg>
<doc>Runs the specified keyword and returns the status as a Boolean value.</doc>
<status status="PASS" start="2026-04-03T20:09:50.527154" elapsed="0.037440"/>
</kw>
<if>
<branch type="IF" condition="${Shop_visible}">
<kw name="Log To Console" owner="BuiltIn">
<arg>✅ Shop page is visible. Starting product clicks...</arg>
<doc>Logs the given message to the console.</doc>
<status status="PASS" start="2026-04-03T20:09:50.565218" elapsed="0.000581"/>
</kw>
<kw name="Take Screenshot" owner="screenshot">
<kw name="Take Screenshot" owner="Browser">
<msg time="2026-04-03T20:09:50.687231" level="INFO" html="true">&lt;/td&gt;&lt;/tr&gt;&lt;tr&gt;&lt;td colspan="3"&gt;&lt;a href="browser/screenshot/None.png" target="_blank"&gt;&lt;img src="browser/screenshot/None.png" width="800px"/&gt;&lt;/a&gt;</msg>
<arg>None</arg>
<arg>return_as=bytes</arg>
<tag>PageContent</tag>
<doc>Takes a screenshot of the current window or element and saves it to disk.</doc>
<status status="PASS" start="2026-04-03T20:09:50.567149" elapsed="0.120465"/>
</kw>
<msg time="2026-04-03T20:09:50.689209" level="INFO">Screenshot saved to: C:\Users\ARENAHO JUSKA\PycharmProjects\MUHALIARENAHOHOLDINSs\Web Playwright\Test Cases\screenshots\2026-04-03\20-09-50-566.png</msg>
<doc>Captured as 'screenshot.Take Screenshot' in Robot Framework.
Saves to: [Project Root]/Web Playwright/screenshots/YYYY-MM-DD/</doc>
<status status="PASS" start="2026-04-03T20:09:50.566044" elapsed="0.123357"/>
</kw>
<for flavor="IN RANGE">
<iter>
<kw name="Scroll To Element" owner="Browser">
<arg>xpath=//*[@id="root"]/div/div[3]/div[${index}]/div[2]/button</arg>
<tag>PageContent</tag>
<tag>Setter</tag>
<doc>This method waits for actionability checks, then tries to scroll element into view,
unless it is completely visible.</doc>
<status status="PASS" start="2026-04-03T20:09:50.691115" elapsed="0.068423"/>
</kw>
<kw name="Click" owner="Browser">
<msg time="2026-04-03T20:09:50.760942" level="INFO">Clicks the element 'xpath=//*[@id="root"]/div/div[3]/div[1]/div[2]/button'.</msg>
<arg>xpath=//*[@id="root"]/div/div[3]/div[${index}]/div[2]/button</arg>
<tag>PageContent</tag>
<tag>Setter</tag>
<doc>Simulates mouse click on the element found by ``selector``.</doc>
<status status="PASS" start="2026-04-03T20:09:50.759909" elapsed="0.062531"/>
</kw>
<kw name="Log To Console" owner="BuiltIn">
<arg>Product ${index} clicked.</arg>
<doc>Logs the given message to the console.</doc>
<status status="PASS" start="2026-04-03T20:09:50.822879" elapsed="0.001491"/>
</kw>
<kw name="Sleep" owner="BuiltIn">
<msg time="2026-04-03T20:09:51.026239" level="INFO">Slept 200 milliseconds.</msg>
<arg>0.2s</arg>
<doc>Pauses the test executed for the given time.</doc>
<status status="PASS" start="2026-04-03T20:09:50.824851" elapsed="0.201653"/>
</kw>
<var name="${index}">1</var>
<status status="PASS" start="2026-04-03T20:09:50.690608" elapsed="0.336088"/>
</iter>
<iter>
<kw name="Scroll To Element" owner="Browser">
<arg>xpath=//*[@id="root"]/div/div[3]/div[${index}]/div[2]/button</arg>
<tag>PageContent</tag>
<tag>Setter</tag>
<doc>This method waits for actionability checks, then tries to scroll element into view,
unless it is completely visible.</doc>
<status status="PASS" start="2026-04-03T20:09:51.027730" elapsed="0.081742"/>
</kw>
<kw name="Click" owner="Browser">
<msg time="2026-04-03T20:09:51.112242" level="INFO">Clicks the element 'xpath=//*[@id="root"]/div/div[3]/div[2]/div[2]/button'.</msg>
<arg>xpath=//*[@id="root"]/div/div[3]/div[${index}]/div[2]/button</arg>
<tag>PageContent</tag>
<tag>Setter</tag>
<doc>Simulates mouse click on the element found by ``selector``.</doc>
<status status="PASS" start="2026-04-03T20:09:51.110401" elapsed="0.073866"/>
</kw>
<kw name="Log To Console" owner="BuiltIn">
<arg>Product ${index} clicked.</arg>
<doc>Logs the given message to the console.</doc>
<status status="PASS" start="2026-04-03T20:09:51.184670" elapsed="0.000886"/>
</kw>
<kw name="Sleep" owner="BuiltIn">
<msg time="2026-04-03T20:09:51.389624" level="INFO">Slept 200 milliseconds.</msg>
<arg>0.2s</arg>
<doc>Pauses the test executed for the given time.</doc>
<status status="PASS" start="2026-04-03T20:09:51.186790" elapsed="0.203047"/>
</kw>
<var name="${index}">2</var>
<status status="PASS" start="2026-04-03T20:09:51.027145" elapsed="0.362851"/>
</iter>
<iter>
<kw name="Scroll To Element" owner="Browser">
<arg>xpath=//*[@id="root"]/div/div[3]/div[${index}]/div[2]/button</arg>
<tag>PageContent</tag>
<tag>Setter</tag>
<doc>This method waits for actionability checks, then tries to scroll element into view,
unless it is completely visible.</doc>
<status status="PASS" start="2026-04-03T20:09:51.391271" elapsed="0.054192"/>
</kw>
<kw name="Click" owner="Browser">
<msg time="2026-04-03T20:09:51.447311" level="INFO">Clicks the element 'xpath=//*[@id="root"]/div/div[3]/div[3]/div[2]/button'.</msg>
<arg>xpath=//*[@id="root"]/div/div[3]/div[${index}]/div[2]/button</arg>
<tag>PageContent</tag>
<tag>Setter</tag>
<doc>Simulates mouse click on the element found by ``selector``.</doc>
<status status="PASS" start="2026-04-03T20:09:51.445900" elapsed="0.069545"/>
</kw>
<kw name="Log To Console" owner="BuiltIn">
<arg>Product ${index} clicked.</arg>
<doc>Logs the given message to the console.</doc>
<status status="PASS" start="2026-04-03T20:09:51.516638" elapsed="0.001290"/>
</kw>
<kw name="Sleep" owner="BuiltIn">
<msg time="2026-04-03T20:09:51.722129" level="INFO">Slept 200 milliseconds.</msg>
<arg>0.2s</arg>
<doc>Pauses the test executed for the given time.</doc>
<status status="PASS" start="2026-04-03T20:09:51.518236" elapsed="0.204169"/>
</kw>
<var name="${index}">3</var>
<status status="PASS" start="2026-04-03T20:09:51.390431" elapsed="0.332295"/>
</iter>
<iter>
<kw name="Scroll To Element" owner="Browser">
<arg>xpath=//*[@id="root"]/div/div[3]/div[${index}]/div[2]/button</arg>
<tag>PageContent</tag>
<tag>Setter</tag>
<doc>This method waits for actionability checks, then tries to scroll element into view,
unless it is completely visible.</doc>
<status status="PASS" start="2026-04-03T20:09:51.724685" elapsed="0.054042"/>
</kw>
<kw name="Click" owner="Browser">
<msg time="2026-04-03T20:09:51.780102" level="INFO">Clicks the element 'xpath=//*[@id="root"]/div/div[3]/div[4]/div[2]/button'.</msg>
<arg>xpath=//*[@id="root"]/div/div[3]/div[${index}]/div[2]/button</arg>
<tag>PageContent</tag>
<tag>Setter</tag>
<doc>Simulates mouse click on the element found by ``selector``.</doc>
<status status="PASS" start="2026-04-03T20:09:51.779044" elapsed="0.069052"/>
</kw>
<kw name="Log To Console" owner="BuiltIn">
<arg>Product ${index} clicked.</arg>
<doc>Logs the given message to the console.</doc>
<status status="PASS" start="2026-04-03T20:09:51.848628" elapsed="0.000974"/>
</kw>
<kw name="Sleep" owner="BuiltIn">
<msg time="2026-04-03T20:09:52.051286" level="INFO">Slept 200 milliseconds.</msg>
<arg>0.2s</arg>
<doc>Pauses the test executed for the given time.</doc>
<status status="PASS" start="2026-04-03T20:09:51.849983" elapsed="0.201545"/>
</kw>
<var name="${index}">4</var>
<status status="PASS" start="2026-04-03T20:09:51.723398" elapsed="0.328285"/>
</iter>
<iter>
<kw name="Scroll To Element" owner="Browser">
<arg>xpath=//*[@id="root"]/div/div[3]/div[${index}]/div[2]/button</arg>
<tag>PageContent</tag>
<tag>Setter</tag>
<doc>This method waits for actionability checks, then tries to scroll element into view,
unless it is completely visible.</doc>
<status status="PASS" start="2026-04-03T20:09:52.053733" elapsed="0.060997"/>
</kw>
<kw name="Click" owner="Browser">
<msg time="2026-04-03T20:09:52.116439" level="INFO">Clicks the element 'xpath=//*[@id="root"]/div/div[3]/div[5]/div[2]/button'.</msg>
<arg>xpath=//*[@id="root"]/div/div[3]/div[${index}]/div[2]/button</arg>
<tag>PageContent</tag>
<tag>Setter</tag>
<doc>Simulates mouse click on the element found by ``selector``.</doc>
<status status="PASS" start="2026-04-03T20:09:52.115160" elapsed="0.070296"/>
</kw>
<kw name="Log To Console" owner="BuiltIn">
<arg>Product ${index} clicked.</arg>
<doc>Logs the given message to the console.</doc>
<status status="PASS" start="2026-04-03T20:09:52.186330" elapsed="0.002449"/>
</kw>
<kw name="Sleep" owner="BuiltIn">
<msg time="2026-04-03T20:09:52.391964" level="INFO">Slept 200 milliseconds.</msg>
<arg>0.2s</arg>
<doc>Pauses the test executed for the given time.</doc>
<status status="PASS" start="2026-04-03T20:09:52.189482" elapsed="0.202966"/>
</kw>
<var name="${index}">5</var>
<status status="PASS" start="2026-04-03T20:09:52.052059" elapsed="0.340674"/>
</iter>
<iter>
<kw name="Scroll To Element" owner="Browser">
<arg>xpath=//*[@id="root"]/div/div[3]/div[${index}]/div[2]/button</arg>
<tag>PageContent</tag>
<tag>Setter</tag>
<doc>This method waits for actionability checks, then tries to scroll element into view,
unless it is completely visible.</doc>
<status status="PASS" start="2026-04-03T20:09:52.394203" elapsed="0.068893"/>
</kw>
<kw name="Click" owner="Browser">
<msg time="2026-04-03T20:09:52.464886" level="INFO">Clicks the element 'xpath=//*[@id="root"]/div/div[3]/div[6]/div[2]/button'.</msg>
<arg>xpath=//*[@id="root"]/div/div[3]/div[${index}]/div[2]/button</arg>
<tag>PageContent</tag>
<tag>Setter</tag>
<doc>Simulates mouse click on the element found by ``selector``.</doc>
<status status="PASS" start="2026-04-03T20:09:52.463540" elapsed="0.095384"/>
</kw>
<kw name="Log To Console" owner="BuiltIn">
<arg>Product ${index} clicked.</arg>
<doc>Logs the given message to the console.</doc>
<status status="PASS" start="2026-04-03T20:09:52.559481" elapsed="0.001258"/>
</kw>
<kw name="Sleep" owner="BuiltIn">
<msg time="2026-04-03T20:09:52.762342" level="INFO">Slept 200 milliseconds.</msg>
<arg>0.2s</arg>
<doc>Pauses the test executed for the given time.</doc>
<status status="PASS" start="2026-04-03T20:09:52.561126" elapsed="0.201481"/>
</kw>
<var name="${index}">6</var>
<status status="PASS" start="2026-04-03T20:09:52.393343" elapsed="0.369446"/>
</iter>
<iter>
<kw name="Scroll To Element" owner="Browser">
<arg>xpath=//*[@id="root"]/div/div[3]/div[${index}]/div[2]/button</arg>
<tag>PageContent</tag>
<tag>Setter</tag>
<doc>This method waits for actionability checks, then tries to scroll element into view,
unless it is completely visible.</doc>
<status status="PASS" start="2026-04-03T20:09:52.763803" elapsed="0.067110"/>
</kw>
<kw name="Click" owner="Browser">
<msg time="2026-04-03T20:09:52.832921" level="INFO">Clicks the element 'xpath=//*[@id="root"]/div/div[3]/div[7]/div[2]/button'.</msg>
<arg>xpath=//*[@id="root"]/div/div[3]/div[${index}]/div[2]/button</arg>
<tag>PageContent</tag>
<tag>Setter</tag>
<doc>Simulates mouse click on the element found by ``selector``.</doc>
<status status="PASS" start="2026-04-03T20:09:52.831440" elapsed="0.095114"/>
</kw>
<kw name="Log To Console" owner="BuiltIn">
<arg>Product ${index} clicked.</arg>
<doc>Logs the given message to the console.</doc>
<status status="PASS" start="2026-04-03T20:09:52.927081" elapsed="0.001190"/>
</kw>
<kw name="Sleep" owner="BuiltIn">
<msg time="2026-04-03T20:09:53.130355" level="INFO">Slept 200 milliseconds.</msg>
<arg>0.2s</arg>
<doc>Pauses the test executed for the given time.</doc>
<status status="PASS" start="2026-04-03T20:09:52.928674" elapsed="0.201883"/>
</kw>
<var name="${index}">7</var>
<status status="PASS" start="2026-04-03T20:09:52.763205" elapsed="0.367481"/>
</iter>
<iter>
<kw name="Scroll To Element" owner="Browser">
<arg>xpath=//*[@id="root"]/div/div[3]/div[${index}]/div[2]/button</arg>
<tag>PageContent</tag>
<tag>Setter</tag>
<doc>This method waits for actionability checks, then tries to scroll element into view,
unless it is completely visible.</doc>
<status status="PASS" start="2026-04-03T20:09:53.131534" elapsed="0.049037"/>
</kw>
<kw name="Click" owner="Browser">
<msg time="2026-04-03T20:09:53.182903" level="INFO">Clicks the element 'xpath=//*[@id="root"]/div/div[3]/div[8]/div[2]/button'.</msg>
<arg>xpath=//*[@id="root"]/div/div[3]/div[${index}]/div[2]/button</arg>
<tag>PageContent</tag>
<tag>Setter</tag>
<doc>Simulates mouse click on the element found by ``selector``.</doc>
<status status="PASS" start="2026-04-03T20:09:53.181373" elapsed="0.087342"/>
</kw>
<kw name="Log To Console" owner="BuiltIn">
<arg>Product ${index} clicked.</arg>
<doc>Logs the given message to the console.</doc>
<status status="PASS" start="2026-04-03T20:09:53.270021" elapsed="0.002571"/>
</kw>
<kw name="Sleep" owner="BuiltIn">
<msg time="2026-04-03T20:09:53.475406" level="INFO">Slept 200 milliseconds.</msg>
<arg>0.2s</arg>
<doc>Pauses the test executed for the given time.</doc>
<status status="PASS" start="2026-04-03T20:09:53.273105" elapsed="0.202634"/>
</kw>
<var name="${index}">8</var>
<status status="PASS" start="2026-04-03T20:09:53.131001" elapsed="0.345068"/>
</iter>
<iter>
<kw name="Scroll To Element" owner="Browser">
<arg>xpath=//*[@id="root"]/div/div[3]/div[${index}]/div[2]/button</arg>
<tag>PageContent</tag>
<tag>Setter</tag>
<doc>This method waits for actionability checks, then tries to scroll element into view,
unless it is completely visible.</doc>
<status status="PASS" start="2026-04-03T20:09:53.477881" elapsed="0.068095"/>
</kw>
<kw name="Click" owner="Browser">
<msg time="2026-04-03T20:09:53.548021" level="INFO">Clicks the element 'xpath=//*[@id="root"]/div/div[3]/div[9]/div[2]/button'.</msg>
<arg>xpath=//*[@id="root"]/div/div[3]/div[${index}]/div[2]/button</arg>
<tag>PageContent</tag>
<tag>Setter</tag>
<doc>Simulates mouse click on the element found by ``selector``.</doc>
<status status="PASS" start="2026-04-03T20:09:53.546588" elapsed="0.067394"/>
</kw>
<kw name="Log To Console" owner="BuiltIn">
<arg>Product ${index} clicked.</arg>
<doc>Logs the given message to the console.</doc>
<status status="PASS" start="2026-04-03T20:09:53.614312" elapsed="0.000895"/>
</kw>
<kw name="Sleep" owner="BuiltIn">
<msg time="2026-04-03T20:09:53.816549" level="INFO">Slept 200 milliseconds.</msg>
<arg>0.2s</arg>
<doc>Pauses the test executed for the given time.</doc>
<status status="PASS" start="2026-04-03T20:09:53.615492" elapsed="0.201294"/>
</kw>
<var name="${index}">9</var>
<status status="PASS" start="2026-04-03T20:09:53.476894" elapsed="0.340044"/>
</iter>
<iter>
<kw name="Scroll To Element" owner="Browser">
<arg>xpath=//*[@id="root"]/div/div[3]/div[${index}]/div[2]/button</arg>
<tag>PageContent</tag>
<tag>Setter</tag>
<doc>This method waits for actionability checks, then tries to scroll element into view,
unless it is completely visible.</doc>
<status status="PASS" start="2026-04-03T20:09:53.817805" elapsed="0.062322"/>
</kw>
<kw name="Click" owner="Browser">
<msg time="2026-04-03T20:09:53.881956" level="INFO">Clicks the element 'xpath=//*[@id="root"]/div/div[3]/div[10]/div[2]/button'.</msg>
<arg>xpath=//*[@id="root"]/div/div[3]/div[${index}]/div[2]/button</arg>
<tag>PageContent</tag>
<tag>Setter</tag>
<doc>Simulates mouse click on the element found by ``selector``.</doc>
<status status="PASS" start="2026-04-03T20:09:53.880629" elapsed="0.097598"/>
</kw>
<kw name="Log To Console" owner="BuiltIn">
<arg>Product ${index} clicked.</arg>
<doc>Logs the given message to the console.</doc>
<status status="PASS" start="2026-04-03T20:09:53.978583" elapsed="0.000826"/>
</kw>
<kw name="Sleep" owner="BuiltIn">
<msg time="2026-04-03T20:09:54.180464" level="INFO">Slept 200 milliseconds.</msg>
<arg>0.2s</arg>
<doc>Pauses the test executed for the given time.</doc>
<status status="PASS" start="2026-04-03T20:09:53.979659" elapsed="0.200975"/>
</kw>
<var name="${index}">10</var>
<status status="PASS" start="2026-04-03T20:09:53.817269" elapsed="0.363468"/>
</iter>
<iter>
<kw name="Scroll To Element" owner="Browser">
<arg>xpath=//*[@id="root"]/div/div[3]/div[${index}]/div[2]/button</arg>
<tag>PageContent</tag>
<tag>Setter</tag>
<doc>This method waits for actionability checks, then tries to scroll element into view,
unless it is completely visible.</doc>
<status status="PASS" start="2026-04-03T20:09:54.181331" elapsed="0.093972"/>
</kw>
<kw name="Click" owner="Browser">
<msg time="2026-04-03T20:09:54.288969" level="INFO">Clicks the element 'xpath=//*[@id="root"]/div/div[3]/div[11]/div[2]/button'.</msg>
<arg>xpath=//*[@id="root"]/div/div[3]/div[${index}]/div[2]/button</arg>
<tag>PageContent</tag>
<tag>Setter</tag>
<doc>Simulates mouse click on the element found by ``selector``.</doc>
<status status="PASS" start="2026-04-03T20:09:54.275983" elapsed="0.321374"/>
</kw>
<kw name="Log To Console" owner="BuiltIn">
<arg>Product ${index} clicked.</arg>
<doc>Logs the given message to the console.</doc>
<status status="PASS" start="2026-04-03T20:09:54.597916" elapsed="0.001292"/>
</kw>
<kw name="Sleep" owner="BuiltIn">
<msg time="2026-04-03T20:09:54.800859" level="INFO">Slept 200 milliseconds.</msg>
<arg>0.2s</arg>
<doc>Pauses the test executed for the given time.</doc>
<status status="PASS" start="2026-04-03T20:09:54.599670" elapsed="0.201474"/>
</kw>
<var name="${index}">11</var>
<status status="PASS" start="2026-04-03T20:09:54.180957" elapsed="0.620392"/>
</iter>
<iter>
<kw name="Scroll To Element" owner="Browser">
<arg>xpath=//*[@id="root"]/div/div[3]/div[${index}]/div[2]/button</arg>
<tag>PageContent</tag>
<tag>Setter</tag>
<doc>This method waits for actionability checks, then tries to scroll element into view,
unless it is completely visible.</doc>
<status status="PASS" start="2026-04-03T20:09:54.802404" elapsed="0.095684"/>
</kw>
<kw name="Click" owner="Browser">
<msg time="2026-04-03T20:09:54.900099" level="INFO">Clicks the element 'xpath=//*[@id="root"]/div/div[3]/div[12]/div[2]/button'.</msg>
<arg>xpath=//*[@id="root"]/div/div[3]/div[${index}]/div[2]/button</arg>
<tag>PageContent</tag>
<tag>Setter</tag>
<doc>Simulates mouse click on the element found by ``selector``.</doc>
<status status="PASS" start="2026-04-03T20:09:54.898664" elapsed="0.082493"/>
</kw>
<kw name="Log To Console" owner="BuiltIn">
<arg>Product ${index} clicked.</arg>
<doc>Logs the given message to the console.</doc>
<status status="PASS" start="2026-04-03T20:09:54.981654" elapsed="0.000940"/>
</kw>
<kw name="Sleep" owner="BuiltIn">
<msg time="2026-04-03T20:09:55.184039" level="INFO">Slept 200 milliseconds.</msg>
<arg>0.2s</arg>
<doc>Pauses the test executed for the given time.</doc>
<status status="PASS" start="2026-04-03T20:09:54.982888" elapsed="0.201360"/>
</kw>
<var name="${index}">12</var>
<status status="PASS" start="2026-04-03T20:09:54.801782" elapsed="0.382607"/>
</iter>
<iter>
<kw name="Scroll To Element" owner="Browser">
<arg>xpath=//*[@id="root"]/div/div[3]/div[${index}]/div[2]/button</arg>
<tag>PageContent</tag>
<tag>Setter</tag>
<doc>This method waits for actionability checks, then tries to scroll element into view,
unless it is completely visible.</doc>
<status status="PASS" start="2026-04-03T20:09:55.185195" elapsed="0.098413"/>
</kw>
<kw name="Click" owner="Browser">
<msg time="2026-04-03T20:09:55.285396" level="INFO">Clicks the element 'xpath=//*[@id="root"]/div/div[3]/div[13]/div[2]/button'.</msg>
<arg>xpath=//*[@id="root"]/div/div[3]/div[${index}]/div[2]/button</arg>
<tag>PageContent</tag>
<tag>Setter</tag>
<doc>Simulates mouse click on the element found by ``selector``.</doc>
<status status="PASS" start="2026-04-03T20:09:55.284014" elapsed="0.096885"/>
</kw>
<kw name="Log To Console" owner="BuiltIn">
<arg>Product ${index} clicked.</arg>
<doc>Logs the given message to the console.</doc>
<status status="PASS" start="2026-04-03T20:09:55.381263" elapsed="0.000899"/>
</kw>
<kw name="Sleep" owner="BuiltIn">
<msg time="2026-04-03T20:09:55.583735" level="INFO">Slept 200 milliseconds.</msg>
<arg>0.2s</arg>
<doc>Pauses the test executed for the given time.</doc>
<status status="PASS" start="2026-04-03T20:09:55.382554" elapsed="0.201389"/>
</kw>
<var name="${index}">13</var>
<status status="PASS" start="2026-04-03T20:09:55.184714" elapsed="0.399354"/>
</iter>
<iter>
<kw name="Scroll To Element" owner="Browser">
<arg>xpath=//*[@id="root"]/div/div[3]/div[${index}]/div[2]/button</arg>
<tag>PageContent</tag>
<tag>Setter</tag>
<doc>This method waits for actionability checks, then tries to scroll element into view,
unless it is completely visible.</doc>
<status status="PASS" start="2026-04-03T20:09:55.584897" elapsed="0.083646"/>
</kw>
<kw name="Click" owner="Browser">
<msg time="2026-04-03T20:09:55.671478" level="INFO">Clicks the element 'xpath=//*[@id="root"]/div/div[3]/div[14]/div[2]/button'.</msg>
<arg>xpath=//*[@id="root"]/div/div[3]/div[${index}]/div[2]/button</arg>
<tag>PageContent</tag>
<tag>Setter</tag>
<doc>Simulates mouse click on the element found by ``selector``.</doc>
<status status="PASS" start="2026-04-03T20:09:55.668880" elapsed="0.078743"/>
</kw>
<kw name="Log To Console" owner="BuiltIn">
<arg>Product ${index} clicked.</arg>
<doc>Logs the given message to the console.</doc>
<status status="PASS" start="2026-04-03T20:09:55.748104" elapsed="0.001138"/>
</kw>
<kw name="Sleep" owner="BuiltIn">
<msg time="2026-04-03T20:09:55.950691" level="INFO">Slept 200 milliseconds.</msg>
<arg>0.2s</arg>
<doc>Pauses the test executed for the given time.</doc>
<status status="PASS" start="2026-04-03T20:09:55.749514" elapsed="0.201400"/>
</kw>
<var name="${index}">14</var>
<status status="PASS" start="2026-04-03T20:09:55.584400" elapsed="0.366815"/>
</iter>
<iter>
<kw name="Scroll To Element" owner="Browser">
<arg>xpath=//*[@id="root"]/div/div[3]/div[${index}]/div[2]/button</arg>
<tag>PageContent</tag>
<tag>Setter</tag>
<doc>This method waits for actionability checks, then tries to scroll element into view,
unless it is completely visible.</doc>
<status status="PASS" start="2026-04-03T20:09:55.952010" elapsed="0.060680"/>
</kw>
<kw name="Click" owner="Browser">
<msg time="2026-04-03T20:09:56.013709" level="INFO">Clicks the element 'xpath=//*[@id="root"]/div/div[3]/div[15]/div[2]/button'.</msg>
<arg>xpath=//*[@id="root"]/div/div[3]/div[${index}]/div[2]/button</arg>
<tag>PageContent</tag>
<tag>Setter</tag>
<doc>Simulates mouse click on the element found by ``selector``.</doc>
<status status="PASS" start="2026-04-03T20:09:56.012952" elapsed="0.082188"/>
</kw>
<kw name="Log To Console" owner="BuiltIn">
<arg>Product ${index} clicked.</arg>
<doc>Logs the given message to the console.</doc>
<status status="PASS" start="2026-04-03T20:09:56.095418" elapsed="0.000624"/>
</kw>
<kw name="Sleep" owner="BuiltIn">
<msg time="2026-04-03T20:09:56.297087" level="INFO">Slept 200 milliseconds.</msg>
<arg>0.2s</arg>
<doc>Pauses the test executed for the given time.</doc>
<status status="PASS" start="2026-04-03T20:09:56.096234" elapsed="0.201084"/>
</kw>
<var name="${index}">15</var>
<status status="PASS" start="2026-04-03T20:09:55.951573" elapsed="0.345910"/>
</iter>
<iter>
<kw name="Scroll To Element" owner="Browser">
<arg>xpath=//*[@id="root"]/div/div[3]/div[${index}]/div[2]/button</arg>
<tag>PageContent</tag>
<tag>Setter</tag>
<doc>This method waits for actionability checks, then tries to scroll element into view,
unless it is completely visible.</doc>
<status status="PASS" start="2026-04-03T20:09:56.298333" elapsed="0.065767"/>
</kw>
<kw name="Click" owner="Browser">
<msg time="2026-04-03T20:09:56.365776" level="INFO">Clicks the element 'xpath=//*[@id="root"]/div/div[3]/div[16]/div[2]/button'.</msg>
<arg>xpath=//*[@id="root"]/div/div[3]/div[${index}]/div[2]/button</arg>
<tag>PageContent</tag>
<tag>Setter</tag>
<doc>Simulates mouse click on the element found by ``selector``.</doc>
<status status="PASS" start="2026-04-03T20:09:56.364530" elapsed="0.076996"/>
</kw>
<kw name="Log To Console" owner="BuiltIn">
<arg>Product ${index} clicked.</arg>
<doc>Logs the given message to the console.</doc>
<status status="PASS" start="2026-04-03T20:09:56.442349" elapsed="0.001280"/>
</kw>
<kw name="Sleep" owner="BuiltIn">
<msg time="2026-04-03T20:09:56.645224" level="INFO">Slept 200 milliseconds.</msg>
<arg>0.2s</arg>
<doc>Pauses the test executed for the given time.</doc>
<status status="PASS" start="2026-04-03T20:09:56.443920" elapsed="0.201524"/>
</kw>
<var name="${index}">16</var>
<status status="PASS" start="2026-04-03T20:09:56.297814" elapsed="0.347795"/>
</iter>
<iter>
<kw name="Scroll To Element" owner="Browser">
<arg>xpath=//*[@id="root"]/div/div[3]/div[${index}]/div[2]/button</arg>
<tag>PageContent</tag>
<tag>Setter</tag>
<doc>This method waits for actionability checks, then tries to scroll element into view,
unless it is completely visible.</doc>
<status status="PASS" start="2026-04-03T20:09:56.646511" elapsed="0.050631"/>
</kw>
<kw name="Click" owner="Browser">
<msg time="2026-04-03T20:09:56.698730" level="INFO">Clicks the element 'xpath=//*[@id="root"]/div/div[3]/div[17]/div[2]/button'.</msg>
<arg>xpath=//*[@id="root"]/div/div[3]/div[${index}]/div[2]/button</arg>
<tag>PageContent</tag>
<tag>Setter</tag>
<doc>Simulates mouse click on the element found by ``selector``.</doc>
<status status="PASS" start="2026-04-03T20:09:56.697546" elapsed="0.082014"/>
</kw>
<kw name="Log To Console" owner="BuiltIn">
<arg>Product ${index} clicked.</arg>
<doc>Logs the given message to the console.</doc>
<status status="PASS" start="2026-04-03T20:09:56.780001" elapsed="0.001022"/>
</kw>
<kw name="Sleep" owner="BuiltIn">
<msg time="2026-04-03T20:09:56.982801" level="INFO">Slept 200 milliseconds.</msg>
<arg>0.2s</arg>
<doc>Pauses the test executed for the given time.</doc>
<status status="PASS" start="2026-04-03T20:09:56.781362" elapsed="0.201700"/>
</kw>
<var name="${index}">17</var>
<status status="PASS" start="2026-04-03T20:09:56.646009" elapsed="0.337273"/>
</iter>
<iter>
<kw name="Scroll To Element" owner="Browser">
<arg>xpath=//*[@id="root"]/div/div[3]/div[${index}]/div[2]/button</arg>
<tag>PageContent</tag>
<tag>Setter</tag>
<doc>This method waits for actionability checks, then tries to scroll element into view,
unless it is completely visible.</doc>
<status status="PASS" start="2026-04-03T20:09:56.984349" elapsed="0.065519"/>
</kw>
<kw name="Click" owner="Browser">
<msg time="2026-04-03T20:09:57.051740" level="INFO">Clicks the element 'xpath=//*[@id="root"]/div/div[3]/div[18]/div[2]/button'.</msg>
<arg>xpath=//*[@id="root"]/div/div[3]/div[${index}]/div[2]/button</arg>
<tag>PageContent</tag>
<tag>Setter</tag>
<doc>Simulates mouse click on the element found by ``selector``.</doc>
<status status="PASS" start="2026-04-03T20:09:57.050344" elapsed="0.311302"/>
</kw>
<kw name="Log To Console" owner="BuiltIn">
<arg>Product ${index} clicked.</arg>
<doc>Logs the given message to the console.</doc>
<status status="PASS" start="2026-04-03T20:09:57.362158" elapsed="0.001138"/>
</kw>
<kw name="Sleep" owner="BuiltIn">
<msg time="2026-04-03T20:09:57.564525" level="INFO">Slept 200 milliseconds.</msg>
<arg>0.2s</arg>
<doc>Pauses the test executed for the given time.</doc>
<status status="PASS" start="2026-04-03T20:09:57.363631" elapsed="0.201082"/>
</kw>
<var name="${index}">18</var>
<status status="PASS" start="2026-04-03T20:09:56.983758" elapsed="0.581081"/>
</iter>
<iter>
<kw name="Scroll To Element" owner="Browser">
<arg>xpath=//*[@id="root"]/div/div[3]/div[${index}]/div[2]/button</arg>
<tag>PageContent</tag>
<tag>Setter</tag>
<doc>This method waits for actionability checks, then tries to scroll element into view,
unless it is completely visible.</doc>
<status status="PASS" start="2026-04-03T20:09:57.565615" elapsed="0.081748"/>
</kw>
<kw name="Click" owner="Browser">
<msg time="2026-04-03T20:09:57.649112" level="INFO">Clicks the element 'xpath=//*[@id="root"]/div/div[3]/div[19]/div[2]/button'.</msg>
<arg>xpath=//*[@id="root"]/div/div[3]/div[${index}]/div[2]/button</arg>
<tag>PageContent</tag>
<tag>Setter</tag>
<doc>Simulates mouse click on the element found by ``selector``.</doc>
<status status="PASS" start="2026-04-03T20:09:57.647831" elapsed="0.075533"/>
</kw>
<kw name="Log To Console" owner="BuiltIn">
<arg>Product ${index} clicked.</arg>
<doc>Logs the given message to the console.</doc>
<status status="PASS" start="2026-04-03T20:09:57.724232" elapsed="0.001479"/>
</kw>
<kw name="Sleep" owner="BuiltIn">
<msg time="2026-04-03T20:09:57.939951" level="INFO">Slept 200 milliseconds.</msg>
<arg>0.2s</arg>
<doc>Pauses the test executed for the given time.</doc>
<status status="PASS" start="2026-04-03T20:09:57.726503" elapsed="0.213771"/>
</kw>
<var name="${index}">19</var>
<status status="PASS" start="2026-04-03T20:09:57.565130" elapsed="0.375673"/>
</iter>
<iter>
<kw name="Scroll To Element" owner="Browser">
<arg>xpath=//*[@id="root"]/div/div[3]/div[${index}]/div[2]/button</arg>
<tag>PageContent</tag>
<tag>Setter</tag>
<doc>This method waits for actionability checks, then tries to scroll element into view,
unless it is completely visible.</doc>
<status status="PASS" start="2026-04-03T20:09:57.943042" elapsed="0.075860"/>
</kw>
<kw name="Click" owner="Browser">
<msg time="2026-04-03T20:09:58.029156" level="INFO">Clicks the element 'xpath=//*[@id="root"]/div/div[3]/div[20]/div[2]/button'.</msg>
<arg>xpath=//*[@id="root"]/div/div[3]/div[${index}]/div[2]/button</arg>
<tag>PageContent</tag>
<tag>Setter</tag>
<doc>Simulates mouse click on the element found by ``selector``.</doc>
<status status="PASS" start="2026-04-03T20:09:58.019490" elapsed="0.095326"/>
</kw>
<kw name="Log To Console" owner="BuiltIn">
<arg>Product ${index} clicked.</arg>
<doc>Logs the given message to the console.</doc>
<status status="PASS" start="2026-04-03T20:09:58.115312" elapsed="0.000838"/>
</kw>
<kw name="Sleep" owner="BuiltIn">
<msg time="2026-04-03T20:09:58.317286" level="INFO">Slept 200 milliseconds.</msg>
<arg>0.2s</arg>
<doc>Pauses the test executed for the given time.</doc>
<status status="PASS" start="2026-04-03T20:09:58.116425" elapsed="0.201112"/>
</kw>
<var name="${index}">20</var>
<status status="PASS" start="2026-04-03T20:09:57.941825" elapsed="0.375875"/>
</iter>
<iter>
<kw name="Scroll To Element" owner="Browser">
<arg>xpath=//*[@id="root"]/div/div[3]/div[${index}]/div[2]/button</arg>
<tag>PageContent</tag>
<tag>Setter</tag>
<doc>This method waits for actionability checks, then tries to scroll element into view,
unless it is completely visible.</doc>
<status status="PASS" start="2026-04-03T20:09:58.318532" elapsed="0.060677"/>
</kw>
<kw name="Click" owner="Browser">
<msg time="2026-04-03T20:09:58.380571" level="INFO">Clicks the element 'xpath=//*[@id="root"]/div/div[3]/div[21]/div[2]/button'.</msg>
<arg>xpath=//*[@id="root"]/div/div[3]/div[${index}]/div[2]/button</arg>
<tag>PageContent</tag>
<tag>Setter</tag>
<doc>Simulates mouse click on the element found by ``selector``.</doc>
<status status="PASS" start="2026-04-03T20:09:58.379564" elapsed="0.076285"/>
</kw>
<kw name="Log To Console" owner="BuiltIn">
<arg>Product ${index} clicked.</arg>
<doc>Logs the given message to the console.</doc>
<status status="PASS" start="2026-04-03T20:09:58.456468" elapsed="0.001400"/>
</kw>
<kw name="Sleep" owner="BuiltIn">
<msg time="2026-04-03T20:09:58.659531" level="INFO">Slept 200 milliseconds.</msg>
<arg>0.2s</arg>
<doc>Pauses the test executed for the given time.</doc>
<status status="PASS" start="2026-04-03T20:09:58.458252" elapsed="0.201591"/>
</kw>
<var name="${index}">21</var>
<status status="PASS" start="2026-04-03T20:09:58.318041" elapsed="0.342018"/>
</iter>
<iter>
<kw name="Scroll To Element" owner="Browser">
<arg>xpath=//*[@id="root"]/div/div[3]/div[${index}]/div[2]/button</arg>
<tag>PageContent</tag>
<tag>Setter</tag>
<doc>This method waits for actionability checks, then tries to scroll element into view,
unless it is completely visible.</doc>
<status status="PASS" start="2026-04-03T20:09:58.661460" elapsed="0.069891"/>
</kw>
<kw name="Click" owner="Browser">
<msg time="2026-04-03T20:09:58.732730" level="INFO">Clicks the element 'xpath=//*[@id="root"]/div/div[3]/div[22]/div[2]/button'.</msg>
<arg>xpath=//*[@id="root"]/div/div[3]/div[${index}]/div[2]/button</arg>
<tag>PageContent</tag>
<tag>Setter</tag>
<doc>Simulates mouse click on the element found by ``selector``.</doc>
<status status="PASS" start="2026-04-03T20:09:58.731689" elapsed="0.070296"/>
</kw>
<kw name="Log To Console" owner="BuiltIn">
<arg>Product ${index} clicked.</arg>
<doc>Logs the given message to the console.</doc>
<status status="PASS" start="2026-04-03T20:09:58.802307" elapsed="0.002715"/>
</kw>
<kw name="Sleep" owner="BuiltIn">
<msg time="2026-04-03T20:09:59.007596" level="INFO">Slept 200 milliseconds.</msg>
<arg>0.2s</arg>
<doc>Pauses the test executed for the given time.</doc>
<status status="PASS" start="2026-04-03T20:09:58.806005" elapsed="0.201872"/>
</kw>
<var name="${index}">22</var>
<status status="PASS" start="2026-04-03T20:09:58.660562" elapsed="0.347478"/>
</iter>
<iter>
<kw name="Scroll To Element" owner="Browser">
<arg>xpath=//*[@id="root"]/div/div[3]/div[${index}]/div[2]/button</arg>
<tag>PageContent</tag>
<tag>Setter</tag>
<doc>This method waits for actionability checks, then tries to scroll element into view,
unless it is completely visible.</doc>
<status status="PASS" start="2026-04-03T20:09:59.008988" elapsed="0.075413"/>
</kw>
<kw name="Click" owner="Browser">
<msg time="2026-04-03T20:09:59.085843" level="INFO">Clicks the element 'xpath=//*[@id="root"]/div/div[3]/div[23]/div[2]/button'.</msg>
<arg>xpath=//*[@id="root"]/div/div[3]/div[${index}]/div[2]/button</arg>
<tag>PageContent</tag>
<tag>Setter</tag>
<doc>Simulates mouse click on the element found by ``selector``.</doc>
<status status="PASS" start="2026-04-03T20:09:59.084916" elapsed="0.069117"/>
</kw>
<kw name="Log To Console" owner="BuiltIn">
<arg>Product ${index} clicked.</arg>
<doc>Logs the given message to the console.</doc>
<status status="PASS" start="2026-04-03T20:09:59.154910" elapsed="0.001546"/>
</kw>
<kw name="Sleep" owner="BuiltIn">
<msg time="2026-04-03T20:09:59.359118" level="INFO">Slept 200 milliseconds.</msg>
<arg>0.2s</arg>
<doc>Pauses the test executed for the given time.</doc>
<status status="PASS" start="2026-04-03T20:09:59.156991" elapsed="0.202452"/>
</kw>
<var name="${index}">23</var>
<status status="PASS" start="2026-04-03T20:09:59.008407" elapsed="0.351389"/>
</iter>
<var>${index}</var>
<value>1</value>
<value>24</value>
<status status="PASS" start="2026-04-03T20:09:50.689668" elapsed="8.670661"/>
</for>
<kw name="Log To Console" owner="BuiltIn">
<arg>✅ All 23 products clicked successfully.</arg>
<doc>Logs the given message to the console.</doc>
<status status="PASS" start="2026-04-03T20:09:59.360988" elapsed="0.001106"/>
</kw>
<status status="PASS" start="2026-04-03T20:09:50.564750" elapsed="8.797511"/>
</branch>
<branch type="ELSE">
<kw name="Log To Console" owner="BuiltIn">
<arg>❌ Shop page failed to load</arg>
<doc>Logs the given message to the console.</doc>
<status status="NOT RUN" start="2026-04-03T20:09:59.362850" elapsed="0.000165"/>
</kw>
<kw name="Take Screenshot" owner="screenshot">
<doc>Captured as 'screenshot.Take Screenshot' in Robot Framework.
Saves to: [Project Root]/Web Playwright/screenshots/YYYY-MM-DD/</doc>
<status status="NOT RUN" start="2026-04-03T20:09:59.363225" elapsed="0.000155"/>
</kw>
<kw name="Fail" owner="BuiltIn">
<arg>Could not reach the shop page - stopping test.</arg>
<doc>Fails the test with the given message and optionally alters its tags.</doc>
<status status="NOT RUN" start="2026-04-03T20:09:59.363591" elapsed="0.000132"/>
</kw>
<status status="NOT RUN" start="2026-04-03T20:09:59.362381" elapsed="0.001421"/>
</branch>
<status status="PASS" start="2026-04-03T20:09:50.564713" elapsed="8.799145"/>
</if>
<kw name="Take Screenshot" owner="screenshot">
<kw name="Take Screenshot" owner="Browser">
<msg time="2026-04-03T20:09:59.767074" level="INFO" html="true">&lt;/td&gt;&lt;/tr&gt;&lt;tr&gt;&lt;td colspan="3"&gt;&lt;a href="browser/screenshot/None.png" target="_blank"&gt;&lt;img src="browser/screenshot/None.png" width="800px"/&gt;&lt;/a&gt;</msg>
<arg>None</arg>
<arg>return_as=bytes</arg>
<tag>PageContent</tag>
<doc>Takes a screenshot of the current window or element and saves it to disk.</doc>
<status status="PASS" start="2026-04-03T20:09:59.365163" elapsed="0.402178"/>
</kw>
<msg time="2026-04-03T20:09:59.768174" level="INFO">Screenshot saved to: C:\Users\ARENAHO JUSKA\PycharmProjects\MUHALIARENAHOHOLDINSs\Web Playwright\Test Cases\screenshots\2026-04-03\20-09-59-364.png</msg>
<doc>Captured as 'screenshot.Take Screenshot' in Robot Framework.
Saves to: [Project Root]/Web Playwright/screenshots/YYYY-MM-DD/</doc>
[...]
</kw>
<status status="PASS" start="2026-04-03T20:10:20.298060" elapsed="0.001297"/>
</branch>
<branch type="ELSE">
<kw name="Log To Console" owner="BuiltIn">
<arg>Skipping: ${text} (Cleaned: ${clean})</arg>
<doc>Logs the given message to the console.</doc>
<status status="NOT RUN" start="2026-04-03T20:10:20.299599" elapsed="0.000079"/>
</kw>
<status status="NOT RUN" start="2026-04-03T20:10:20.299410" elapsed="0.000350"/>
</branch>
<status status="PASS" start="2026-04-03T20:10:20.298035" elapsed="0.001777"/>
</if>
<var name="${i}">21</var>
<status status="PASS" start="2026-04-03T20:10:20.269527" elapsed="0.030321"/>
</iter>
<iter>
<kw name="Set Variable" owner="BuiltIn">
<msg time="2026-04-03T20:10:20.300763" level="INFO">${current_xpath} = xpath=//*[@id="root"]/div/div/div[22]/p</msg>
<var>${current_xpath}</var>
<arg>xpath=//*[@id="root"]/div/div/div[${i}]/p</arg>
<doc>Returns the given values which can then be assigned to a variables.</doc>
<status status="PASS" start="2026-04-03T20:10:20.300291" elapsed="0.000508"/>
</kw>
<kw name="Get Text" owner="Browser">
<msg time="2026-04-03T20:10:20.318568" level="INFO">Text: 'R899.99'</msg>
<msg time="2026-04-03T20:10:20.318737" level="INFO">${text} = R899.99</msg>
<var>${text}</var>
<arg>${current_xpath}</arg>
<tag>Assertion</tag>
<tag>Getter</tag>
<tag>PageContent</tag>
<doc>Returns text attribute of the element found by ``selector``.</doc>
<status status="PASS" start="2026-04-03T20:10:20.300943" elapsed="0.017827"/>
</kw>
<kw name="Log To Console" owner="BuiltIn">
<arg>Index ${i} raw text: ${text}</arg>
<doc>Logs the given message to the console.</doc>
<status status="PASS" start="2026-04-03T20:10:20.318970" elapsed="0.000510"/>
</kw>
<kw name="Evaluate" owner="BuiltIn">
<msg time="2026-04-03T20:10:20.320119" level="INFO">${clean} = 899.99</msg>
<var>${clean}</var>
<arg>re.sub(r'[^0-9.]', '', """${text}""")</arg>
<arg>modules=re</arg>
<doc>Evaluates the given expression in Python and returns the result.</doc>
<status status="PASS" start="2026-04-03T20:10:20.319641" elapsed="0.000510"/>
</kw>
<kw name="Log To Console" owner="BuiltIn">
<arg>Cleaned value: ${clean}</arg>
<doc>Logs the given message to the console.</doc>
<status status="PASS" start="2026-04-03T20:10:20.320269" elapsed="0.000313"/>
</kw>
<kw name="Evaluate" owner="BuiltIn">
<msg time="2026-04-03T20:10:20.321614" level="INFO">${found_price} = True</msg>
<var>${found_price}</var>
<arg>re.search(r"\\d+\\.\\d{2}", """${clean}""") is not None</arg>
<arg>modules=re</arg>
<doc>Evaluates the given expression in Python and returns the result.</doc>
<status status="PASS" start="2026-04-03T20:10:20.320713" elapsed="0.000957"/>
</kw>
<if>
<branch type="IF" condition="${found_price}">
<kw name="Log To Console" owner="BuiltIn">
<arg>Adding price: ${clean}</arg>
<doc>Logs the given message to the console.</doc>
<status status="PASS" start="2026-04-03T20:10:20.322330" elapsed="0.000562"/>
</kw>
<kw name="Evaluate" owner="BuiltIn">
<msg time="2026-04-03T20:10:20.324168" level="INFO">${total} = 29279.790000000008</msg>
<var>${total}</var>
<arg>${total} + float(${clean})</arg>
<doc>Evaluates the given expression in Python and returns the result.</doc>
<status status="PASS" start="2026-04-03T20:10:20.323124" elapsed="0.001106"/>
</kw>
<status status="PASS" start="2026-04-03T20:10:20.321950" elapsed="0.002388"/>
</branch>
<branch type="ELSE">
<kw name="Log To Console" owner="BuiltIn">
<arg>Skipping: ${text} (Cleaned: ${clean})</arg>
<doc>Logs the given message to the console.</doc>
<status status="NOT RUN" start="2026-04-03T20:10:20.324738" elapsed="0.000121"/>
</kw>
<status status="NOT RUN" start="2026-04-03T20:10:20.324400" elapsed="0.000527"/>
</branch>
<status status="PASS" start="2026-04-03T20:10:20.321911" elapsed="0.003070"/>
</if>
<var name="${i}">22</var>
<status status="PASS" start="2026-04-03T20:10:20.300103" elapsed="0.024914"/>
</iter>
<iter>
<kw name="Set Variable" owner="BuiltIn">
<msg time="2026-04-03T20:10:20.326142" level="INFO">${current_xpath} = xpath=//*[@id="root"]/div/div/div[23]/p</msg>
<var>${current_xpath}</var>
<arg>xpath=//*[@id="root"]/div/div/div[${i}]/p</arg>
<doc>Returns the given values which can then be assigned to a variables.</doc>
<status status="PASS" start="2026-04-03T20:10:20.325553" elapsed="0.000635"/>
</kw>
<kw name="Get Text" owner="Browser">
<msg time="2026-04-03T20:10:20.347114" level="INFO">Text: 'R3299.99'</msg>
<msg time="2026-04-03T20:10:20.347285" level="INFO">${text} = R3299.99</msg>
<var>${text}</var>
<arg>${current_xpath}</arg>
<tag>Assertion</tag>
<tag>Getter</tag>
<tag>PageContent</tag>
<doc>Returns text attribute of the element found by ``selector``.</doc>
<status status="PASS" start="2026-04-03T20:10:20.326377" elapsed="0.020945"/>
</kw>
<kw name="Log To Console" owner="BuiltIn">
<arg>Index ${i} raw text: ${text}</arg>
<doc>Logs the given message to the console.</doc>
<status status="PASS" start="2026-04-03T20:10:20.347522" elapsed="0.000539"/>
</kw>
<kw name="Evaluate" owner="BuiltIn">
<msg time="2026-04-03T20:10:20.348693" level="INFO">${clean} = 3299.99</msg>
<var>${clean}</var>
<arg>re.sub(r'[^0-9.]', '', """${text}""")</arg>
<arg>modules=re</arg>
<doc>Evaluates the given expression in Python and returns the result.</doc>
<status status="PASS" start="2026-04-03T20:10:20.348208" elapsed="0.000516"/>
</kw>
<kw name="Log To Console" owner="BuiltIn">
<arg>Cleaned value: ${clean}</arg>
<doc>Logs the given message to the console.</doc>
<status status="PASS" start="2026-04-03T20:10:20.348836" elapsed="0.000287"/>
</kw>
<kw name="Evaluate" owner="BuiltIn">
<msg time="2026-04-03T20:10:20.349622" level="INFO">${found_price} = True</msg>
<var>${found_price}</var>
<arg>re.search(r"\\d+\\.\\d{2}", """${clean}""") is not None</arg>
<arg>modules=re</arg>
<doc>Evaluates the given expression in Python and returns the result.</doc>
<status status="PASS" start="2026-04-03T20:10:20.349231" elapsed="0.000421"/>
</kw>
<if>
<branch type="IF" condition="${found_price}">
<kw name="Log To Console" owner="BuiltIn">
<arg>Adding price: ${clean}</arg>
<doc>Logs the given message to the console.</doc>
<status status="PASS" start="2026-04-03T20:10:20.349926" elapsed="0.000276"/>
</kw>
<kw name="Evaluate" owner="BuiltIn">
<msg time="2026-04-03T20:10:20.350718" level="INFO">${total} = 32579.780000000006</msg>
<var>${total}</var>
<arg>${total} + float(${clean})</arg>
<doc>Evaluates the given expression in Python and returns the result.</doc>
<status status="PASS" start="2026-04-03T20:10:20.350313" elapsed="0.000438"/>
</kw>
<status status="PASS" start="2026-04-03T20:10:20.349745" elapsed="0.001060"/>
</branch>
<branch type="ELSE">
<kw name="Log To Console" owner="BuiltIn">
<arg>Skipping: ${text} (Cleaned: ${clean})</arg>
<doc>Logs the given message to the console.</doc>
<status status="NOT RUN" start="2026-04-03T20:10:20.351040" elapsed="0.000078"/>
</kw>
<status status="NOT RUN" start="2026-04-03T20:10:20.350855" elapsed="0.000316"/>
</branch>
<status status="PASS" start="2026-04-03T20:10:20.349723" elapsed="0.001487"/>
</if>
<var name="${i}">23</var>
<status status="PASS" start="2026-04-03T20:10:20.325298" elapsed="0.025942"/>
</iter>
<iter>
<kw name="Set Variable" owner="BuiltIn">
<msg time="2026-04-03T20:10:20.351933" level="INFO">${current_xpath} = xpath=//*[@id="root"]/div/div/div[24]/p</msg>
<var>${current_xpath}</var>
<arg>xpath=//*[@id="root"]/div/div/div[${i}]/p</arg>
<doc>Returns the given values which can then be assigned to a variables.</doc>
<status status="PASS" start="2026-04-03T20:10:20.351588" elapsed="0.000378"/>
</kw>
<kw name="Get Text" owner="Browser">
<msg time="2026-04-03T20:10:20.369490" level="INFO">Text: 'R7499.99'</msg>
<msg time="2026-04-03T20:10:20.369698" level="INFO">${text} = R7499.99</msg>
<var>${text}</var>
<arg>${current_xpath}</arg>
<tag>Assertion</tag>
<tag>Getter</tag>
<tag>PageContent</tag>
<doc>Returns text attribute of the element found by ``selector``.</doc>
<status status="PASS" start="2026-04-03T20:10:20.352098" elapsed="0.017641"/>
</kw>
<kw name="Log To Console" owner="BuiltIn">
<arg>Index ${i} raw text: ${text}</arg>
<doc>Logs the given message to the console.</doc>
<status status="PASS" start="2026-04-03T20:10:20.369973" elapsed="0.000599"/>
</kw>
<kw name="Evaluate" owner="BuiltIn">
<msg time="2026-04-03T20:10:20.371800" level="INFO">${clean} = 7499.99</msg>
<var>${clean}</var>
<arg>re.sub(r'[^0-9.]', '', """${text}""")</arg>
<arg>modules=re</arg>
<doc>Evaluates the given expression in Python and returns the result.</doc>
<status status="PASS" start="2026-04-03T20:10:20.370745" elapsed="0.001153"/>
</kw>
<kw name="Log To Console" owner="BuiltIn">
<arg>Cleaned value: ${clean}</arg>
<doc>Logs the given message to the console.</doc>
<status status="PASS" start="2026-04-03T20:10:20.372236" elapsed="0.001094"/>
</kw>
<kw name="Evaluate" owner="BuiltIn">
<msg time="2026-04-03T20:10:20.375393" level="INFO">${found_price} = True</msg>
<var>${found_price}</var>
<arg>re.search(r"\\d+\\.\\d{2}", """${clean}""") is not None</arg>
<arg>modules=re</arg>
<doc>Evaluates the given expression in Python and returns the result.</doc>
<status status="PASS" start="2026-04-03T20:10:20.373760" elapsed="0.001739"/>
</kw>
<if>
<branch type="IF" condition="${found_price}">
<kw name="Log To Console" owner="BuiltIn">
<arg>Adding price: ${clean}</arg>
<doc>Logs the given message to the console.</doc>
<status status="PASS" start="2026-04-03T20:10:20.376291" elapsed="0.000792"/>
</kw>
<kw name="Evaluate" owner="BuiltIn">
<msg time="2026-04-03T20:10:20.378142" level="INFO">${total} = 40079.770000000004</msg>
<var>${total}</var>
<arg>${total} + float(${clean})</arg>
<doc>Evaluates the given expression in Python and returns the result.</doc>
<status status="PASS" start="2026-04-03T20:10:20.377368" elapsed="0.000827"/>
</kw>
<status status="PASS" start="2026-04-03T20:10:20.375745" elapsed="0.002545"/>
</branch>
<branch type="ELSE">
<kw name="Log To Console" owner="BuiltIn">
<arg>Skipping: ${text} (Cleaned: ${clean})</arg>
<doc>Logs the given message to the console.</doc>
<status status="NOT RUN" start="2026-04-03T20:10:20.378655" elapsed="0.000097"/>
</kw>
<status status="NOT RUN" start="2026-04-03T20:10:20.378375" elapsed="0.000454"/>
</branch>
<status status="PASS" start="2026-04-03T20:10:20.375689" elapsed="0.003198"/>
</if>
<var name="${i}">24</var>
<status status="PASS" start="2026-04-03T20:10:20.351441" elapsed="0.027491"/>
</iter>
<var>${i}</var>
<value>2</value>
<value>25</value>
<status status="PASS" start="2026-04-03T20:10:19.745604" elapsed="0.633501"/>
</for>
<kw name="Evaluate" owner="BuiltIn">
<msg time="2026-04-03T20:10:20.379912" level="INFO">${formatted_total} = 40079.77</msg>
<var>${formatted_total}</var>
<arg>"{:.2f}".format(${total})</arg>
<doc>Evaluates the given expression in Python and returns the result.</doc>
<status status="PASS" start="2026-04-03T20:10:20.379306" elapsed="0.000651"/>
</kw>
<kw name="Log To Console" owner="BuiltIn">
<arg>==============================</arg>
<doc>Logs the given message to the console.</doc>
<status status="PASS" start="2026-04-03T20:10:20.380125" elapsed="0.000395"/>
</kw>
<kw name="Log To Console" owner="BuiltIn">
<arg>Final Calculated Total: R${formatted_total}</arg>
<doc>Logs the given message to the console.</doc>
<status status="PASS" start="2026-04-03T20:10:20.380704" elapsed="0.000376"/>
</kw>
<kw name="Log To Console" owner="BuiltIn">
<arg>==============================</arg>
<doc>Logs the given message to the console.</doc>
<status status="PASS" start="2026-04-03T20:10:20.381228" elapsed="0.000326"/>
</kw>
<kw name="Get Text" owner="Browser">
<msg time="2026-04-03T20:10:20.401288" level="INFO">Text: 'R40079.77'</msg>
<msg time="2026-04-03T20:10:20.401540" level="INFO">${ui_total_text} = R40079.77</msg>
<var>${ui_total_text}</var>
<arg>xpath=//*[@id="root"]/div/div/div[25]/div/div/div[2]/span[2]</arg>
<tag>Assertion</tag>
<tag>Getter</tag>
<tag>PageContent</tag>
<doc>Returns text attribute of the element found by ``selector``.</doc>
<status status="PASS" start="2026-04-03T20:10:20.381737" elapsed="0.019860"/>
</kw>
<kw name="Log To Console" owner="BuiltIn">
<arg>Cart UI shows: ${ui_total_text}</arg>
<doc>Logs the given message to the console.</doc>
<status status="PASS" start="2026-04-03T20:10:20.401870" elapsed="0.000699"/>
</kw>
<kw name="Evaluate" owner="BuiltIn">
<msg time="2026-04-03T20:10:20.403429" level="INFO">${ui_clean} = 40079.77</msg>
<var>${ui_clean}</var>
<arg>re.sub(r'[^0-9.]', '', """${ui_total_text}""")</arg>
<arg>modules=re</arg>
<doc>Evaluates the given expression in Python and returns the result.</doc>
<status status="PASS" start="2026-04-03T20:10:20.402793" elapsed="0.000679"/>
</kw>
<kw name="Convert To Number" owner="BuiltIn">
<msg time="2026-04-03T20:10:20.404106" level="INFO">${ui_total} = 40079.77</msg>
<var>${ui_total}</var>
<arg>${ui_clean}</arg>
<doc>Converts the given item to a floating point number.</doc>
<status status="PASS" start="2026-04-03T20:10:20.403649" elapsed="0.000497"/>
</kw>
<kw name="Evaluate" owner="BuiltIn">
<msg time="2026-04-03T20:10:20.406223" level="INFO">${formatted_ui_total} = 40079.77</msg>
<var>${formatted_ui_total}</var>
<arg>"{:.2f}".format(${ui_total})</arg>
<doc>Evaluates the given expression in Python and returns the result.</doc>
<status status="PASS" start="2026-04-03T20:10:20.404974" elapsed="0.001372"/>
</kw>
<kw name="Log To Console" owner="BuiltIn">
<arg>Formatted Cart UI Total: R${formatted_ui_total}</arg>
<doc>Logs the given message to the console.</doc>
<status status="PASS" start="2026-04-03T20:10:20.406912" elapsed="0.001048"/>
</kw>
<kw name="Should Be Equal" owner="BuiltIn">
<arg>${formatted_total}</arg>
<arg>${formatted_ui_total}</arg>
<doc>Fails if the given objects are unequal.</doc>
<status status="PASS" start="2026-04-03T20:10:20.408299" elapsed="0.000827"/>
</kw>
<kw name="Log To Console" owner="BuiltIn">
<arg>🟢 Cart total matches UI (both R${formatted_total})</arg>
<doc>Logs the given message to the console.</doc>
<status status="PASS" start="2026-04-03T20:10:20.409489" elapsed="0.000894"/>
</kw>
<if>
<branch type="IF" condition="'${formatted_total}' == '${formatted_ui_total}'">
<kw name="Log To Console" owner="BuiltIn">
<arg>Cart total matches UI (R${formatted_total})</arg>
<doc>Logs the given message to the console.</doc>
<status status="PASS" start="2026-04-03T20:10:20.411050" elapsed="0.000469"/>
</kw>
<kw name="Take Screenshot" owner="screenshot">
<kw name="Take Screenshot" owner="Browser">
<msg time="2026-04-03T20:10:20.539538" level="INFO" html="true">&lt;/td&gt;&lt;/tr&gt;&lt;tr&gt;&lt;td colspan="3"&gt;&lt;a href="browser/screenshot/None.png" target="_blank"&gt;&lt;img src="browser/screenshot/None.png" width="800px"/&gt;&lt;/a&gt;</msg>
<arg>None</arg>
<arg>return_as=bytes</arg>
<tag>PageContent</tag>
<doc>Takes a screenshot of the current window or element and saves it to disk.</doc>
<status status="PASS" start="2026-04-03T20:10:20.412544" elapsed="0.127250"/>
</kw>
<msg time="2026-04-03T20:10:20.541106" level="INFO">Screenshot saved to: C:\Users\ARENAHO JUSKA\PycharmProjects\MUHALIARENAHOHOLDINSs\Web Playwright\Test Cases\screenshots\2026-04-03\20-10-20-412.png</msg>
<doc>Captured as 'screenshot.Take Screenshot' in Robot Framework.
Saves to: [Project Root]/Web Playwright/screenshots/YYYY-MM-DD/</doc>
<status status="PASS" start="2026-04-03T20:10:20.411715" elapsed="0.129537"/>
</kw>
<status status="PASS" start="2026-04-03T20:10:20.410579" elapsed="0.130802"/>
</branch>
<branch type="ELSE">
<kw name="Log To Console" owner="BuiltIn">
<arg>Cart total mismatch! Expected UI: R${formatted_ui_total}, Calculated: R${formatted_total}</arg>
<doc>Logs the given message to the console.</doc>
<status status="NOT RUN" start="2026-04-03T20:10:20.541850" elapsed="0.000099"/>
</kw>
<kw name="Take Screenshot" owner="screenshot">
<doc>Captured as 'screenshot.Take Screenshot' in Robot Framework.
Saves to: [Project Root]/Web Playwright/screenshots/YYYY-MM-DD/</doc>
<status status="NOT RUN" start="2026-04-03T20:10:20.542103" elapsed="0.000112"/>
</kw>
<kw name="Fail" owner="BuiltIn">
<arg>Cart total did not match UI</arg>
<doc>Fails the test with the given message and optionally alters its tags.</doc>
<status status="NOT RUN" start="2026-04-03T20:10:20.542359" elapsed="0.000177"/>
</kw>
<status status="NOT RUN" start="2026-04-03T20:10:20.541478" elapsed="0.001128"/>
</branch>
<status status="PASS" start="2026-04-03T20:10:20.410539" elapsed="0.132114"/>
</if>
<kw name="Sleep" owner="BuiltIn">
<msg time="2026-04-03T20:10:23.544363" level="INFO">Slept 3 seconds.</msg>
<arg>3s</arg>
<doc>Pauses the test executed for the given time.</doc>
<status status="PASS" start="2026-04-03T20:10:20.542856" elapsed="3.001742"/>
</kw>
<return>
<value>${formatted_total}</value>
<status status="PASS" start="2026-04-03T20:10:23.544801" elapsed="0.000371"/>
</return>
<status status="PASS" start="2026-04-03T20:10:19.744717" elapsed="3.800844"/>
</kw>
<kw name="Close Browser" owner="Browser" type="TEARDOWN">
<msg time="2026-04-03T20:10:23.980130" level="INFO">Closed browser</msg>
<tag>BrowserControl</tag>
<tag>Setter</tag>
<doc>Closes the current browser.</doc>
<status status="PASS" start="2026-04-03T20:10:23.546035" elapsed="0.434371"/>
</kw>
<status status="PASS" start="2026-04-03T20:10:02.652909" elapsed="21.327639"/>
</test>
<status status="PASS" start="2026-04-03T20:09:34.329442" elapsed="49.656655"/>
</suite>
<statistics>
<total>
<stat pass="3" fail="0" skip="0">All Tests</stat>
</total>
<tag>
</tag>
<suite>
<stat name="Main" id="s1" pass="3" fail="0" skip="0">Main</stat>
</suite>
</statistics>
<errors>
<msg time="2026-04-03T20:09:34.583262" level="ERROR">Error in file 'C:\Users\ARENAHO JUSKA\PycharmProjects\MUHALIARENAHOHOLDINSs\Web Playwright\Test Cases\LoginTest.robot' on line 3: Initializing library 'Browser' with arguments [ enable_auto_screenshot=False ] failed: ValueError: Browser library does not accept positional arguments.
Traceback (most recent call last):
  File "C:\Users\ARENAHO JUSKA\PycharmProjects\MUHALIARENAHOHOLDINSs\.venv\Lib\site-packages\Browser\browser.py", line 853, in __init__
    raise ValueError("Browser library does not accept positional arguments.")
ValueError: Browser library does not accept positional arguments.</msg>
<msg time="2026-04-03T20:09:34.651807" level="ERROR">Error in file 'C:\Users\ARENAHO JUSKA\PycharmProjects\MUHALIARENAHOHOLDINSs\Web Playwright\Test Cases\purchase.robot' on line 3: Initializing library 'Browser' with arguments [ enable_auto_screenshot=False ] failed: ValueError: Browser library does not accept positional arguments.
Traceback (most recent call last):
  File "C:\Users\ARENAHO JUSKA\PycharmProjects\MUHALIARENAHOHOLDINSs\.venv\Lib\site-packages\Browser\browser.py", line 853, in __init__
    raise ValueError("Browser library does not accept positional arguments.")
ValueError: Browser library does not accept positional arguments.</msg>
<msg time="2026-04-03T20:09:34.657033" level="WARN">Error in file 'C:\Users\ARENAHO JUSKA\PycharmProjects\MUHALIARENAHOHOLDINSs\Web Playwright\Test Cases\cart.robot' on line 73: The '[Return]' setting is deprecated. Use the 'RETURN' statement instead.</msg>
<msg time="2026-04-03T20:09:34.658443" level="ERROR">Error in file 'C:\Users\ARENAHO JUSKA\PycharmProjects\MUHALIARENAHOHOLDINSs\Web Playwright\Test Cases\cart.robot' on line 2: Initializing library 'Browser' with arguments [ enable_auto_screenshot=False ] failed: ValueError: Browser library does not accept positional arguments.
Traceback (most recent call last):
  File "C:\Users\ARENAHO JUSKA\PycharmProjects\MUHALIARENAHOHOLDINSs\.venv\Lib\site-packages\Browser\browser.py", line 853, in __init__
    raise ValueError("Browser library does not accept positional arguments.")
ValueError: Browser library does not accept positional arguments.</msg>
</errors>
</robot>
