<?xml version="1.0" encoding="UTF-8"?>
<robot generator="Robot 7.3.1 (Python 3.13.5 on win32)" generated="2026-02-01T03:59:43.846179" rpa="false" schemaversion="5">
<suite id="s1" name="Main" source="C:\Users\arenaho.muhali\PycharmProjects\MUHALI_ARENAHO_HOLDINGS\Web Playwright\Test Cases\main.robot">
<test id="s1-t1" name="Login Flow" line="11">
<kw name="Login" owner="LoginTest">
<kw name="New Browser" owner="Browser">
<msg time="2026-02-01T03:59:44.700312" level="INFO">{"browser": "chromium", "headless": false, "chromiumSandbox": false, "devtools": false, "handleSIGHUP": true, "handleSIGINT": true, "handleSIGTERM": true, "slowMo": 0.0, "timeout": 30000.0, "tracesDir": "C:\\Users\\arenaho.muhali\\PycharmProjects\\MUHALI_ARENAHO_HOLDINGS\\Web Playwright\\Test Cases\\log\\browser\\traces\\temp\\81f4eb8e-b3a0-4be6-8dc0-0bcc63be899e"}</msg>
<msg time="2026-02-01T03:59:44.861724" level="INFO">Starting Browser process C:\Users\arenaho.muhali\PycharmProjects\MUHALI_ARENAHO_HOLDINGS\.venv\Lib\site-packages\Browser\wrapper\index.js using at 127.0.0.1:58322</msg>
<msg time="2026-02-01T04:00:02.721912" level="INFO">Successfully created browser with options: {"browser":"chromium","headless":false,"chromiumSandbox":false,"devtools":false,"handleSIGHUP":true,"handleSIGINT":true,"handleSIGTERM":true,"slowMo":0,"timeout":30000,"tracesDir":"C:\\Users\\arenaho.muhali\\PycharmProjects\\MUHALI_ARENAHO_HOLDINGS\\Web Playwright\\Test Cases\\log\\browser\\traces\\temp\\81f4eb8e-b3a0-4be6-8dc0-0bcc63be899e"}</msg>
<arg>chromium</arg>
<arg>headless=False</arg>
<tag>BrowserControl</tag>
<tag>Setter</tag>
<doc>Create a new playwright Browser with specified options.</doc>
<status status="PASS" start="2026-02-01T03:59:44.699008" elapsed="18.023412"/>
</kw>
<kw name="New Context" owner="Browser">
<msg time="2026-02-01T04:00:02.728167" level="INFO">{
  "acceptDownloads": true,
  "bypassCSP": false,
  "forcedColors": "none",
  "ignoreHTTPSErrors": false,
  "javaScriptEnabled": true,
  "offline": false,
  "reducedMotion": "no-preference",
  "serviceWorkers": "allow",
  "viewport": {
    "width": 1920,
    "height": 1300
  }
}</msg>
<msg time="2026-02-01T04:00:02.770359" level="INFO">Successfully created context. </msg>
<msg time="2026-02-01T04:00:02.770529" level="INFO">{'acceptDownloads': True, 'bypassCSP': False, 'forcedColors': 'none', 'ignoreHTTPSErrors': False, 'javaScriptEnabled': True, 'offline': False, 'reducedMotion': 'no-preference', 'serviceWorkers': 'allow', 'viewport': {'width': 1920, 'height': 1300}}</msg>
<arg>viewport={'width': 1920, 'height': 1300}</arg>
<tag>BrowserControl</tag>
<tag>Setter</tag>
<doc>Create a new BrowserContext with specified options.</doc>
<status status="PASS" start="2026-02-01T04:00:02.723126" elapsed="0.047597"/>
</kw>
<kw name="New Page" owner="Browser">
<msg time="2026-02-01T04:00:30.008619" level="INFO">Successfully initialized new page object and opened url: https://eshopmuhali.netlify.app/</msg>
<arg>${BASE_URL}</arg>
<arg>wait_until=domcontentloaded</arg>
<tag>BrowserControl</tag>
<tag>Setter</tag>
<doc>Open a new Page.</doc>
<status status="PASS" start="2026-02-01T04:00:02.771160" elapsed="27.239233"/>
</kw>
<kw name="Take Screenshot" owner="screenshot">
<kw name="Take Screenshot" owner="Browser">
<msg time="2026-02-01T04:00:31.038683" level="INFO" html="true">&lt;/td&gt;&lt;/tr&gt;&lt;tr&gt;&lt;td colspan="3"&gt;&lt;a href="browser/screenshot/robotframework-browser-screenshot-1.png" target="_blank"&gt;&lt;img src="browser/screenshot/robotframework-browser-screenshot-1.png" width="800px"/&gt;&lt;/a&gt;</msg>
<arg>return_as=bytes</arg>
<tag>PageContent</tag>
<doc>Takes a screenshot of the current window or element and saves it to disk.</doc>
<status status="PASS" start="2026-02-01T04:00:30.012794" elapsed="1.026603"/>
</kw>
<msg time="2026-02-01T04:00:31.042341" level="INFO">Screenshot saved to: C:\Users\arenaho.muhali\PycharmProjects\MUHALI_ARENAHO_HOLDINGS\Web Playwright\screenshots\2026-02-01\04-00-30-012.png</msg>
<doc>Captured as 'screenshot.Take Screenshot' in Robot Framework.
Saves to: C:\Users\arenaho.muhali\PycharmProjects\MUHALI_ARENAHO_HOLDINGS\Web Playwright\screenshots\YYYY-MM-DD\</doc>
<status status="PASS" start="2026-02-01T04:00:30.011044" elapsed="1.031577"/>
</kw>
<kw name="Get Title" owner="Browser">
<msg time="2026-02-01T04:00:31.079589" level="INFO">Title: 'MUHALI E SHOP'</msg>
<msg time="2026-02-01T04:00:31.080344" level="INFO">${title} = MUHALI E SHOP</msg>
<var>${title}</var>
<tag>Assertion</tag>
<tag>Getter</tag>
<tag>PageContent</tag>
<doc>Returns the title of the current page.</doc>
<status status="PASS" start="2026-02-01T04:00:31.046787" elapsed="0.033701"/>
</kw>
<kw name="Log To Console" owner="BuiltIn">
<arg>Page title is: ${title}</arg>
<doc>Logs the given message to the console.</doc>
<status status="PASS" start="2026-02-01T04:00:31.081077" elapsed="0.001764"/>
</kw>
<if>
<branch type="IF" condition="'${title}' == '${TITLE}'">
<kw name="Log To Console" owner="BuiltIn">
<arg>Title matched</arg>
<doc>Logs the given message to the console.</doc>
<status status="PASS" start="2026-02-01T04:00:31.085953" elapsed="0.001048"/>
</kw>
<kw name="Take Screenshot" owner="screenshot">
<kw name="Take Screenshot" owner="Browser">
<msg time="2026-02-01T04:00:31.505797" level="INFO" html="true">&lt;/td&gt;&lt;/tr&gt;&lt;tr&gt;&lt;td colspan="3"&gt;&lt;a href="browser/screenshot/robotframework-browser-screenshot-2.png" target="_blank"&gt;&lt;img src="browser/screenshot/robotframework-browser-screenshot-2.png" width="800px"/&gt;&lt;/a&gt;</msg>
<arg>return_as=bytes</arg>
<tag>PageContent</tag>
<doc>Takes a screenshot of the current window or element and saves it to disk.</doc>
<status status="PASS" start="2026-02-01T04:00:31.089380" elapsed="0.417027"/>
</kw>
<msg time="2026-02-01T04:00:31.514340" level="INFO">Screenshot saved to: C:\Users\arenaho.muhali\PycharmProjects\MUHALI_ARENAHO_HOLDINGS\Web Playwright\screenshots\2026-02-01\04-00-31-089.png</msg>
<doc>Captured as 'screenshot.Take Screenshot' in Robot Framework.
Saves to: C:\Users\arenaho.muhali\PycharmProjects\MUHALI_ARENAHO_HOLDINGS\Web Playwright\screenshots\YYYY-MM-DD\</doc>
<status status="PASS" start="2026-02-01T04:00:31.087524" elapsed="0.427734"/>
</kw>
<status status="PASS" start="2026-02-01T04:00:31.083379" elapsed="0.432132"/>
</branch>
<branch type="ELSE">
<kw name="Log To Console" owner="BuiltIn">
<arg>Title mismatch</arg>
<doc>Logs the given message to the console.</doc>
<status status="NOT RUN" start="2026-02-01T04:00:31.516450" elapsed="0.000222"/>
</kw>
<kw name="Take Screenshot" owner="screenshot">
<doc>Captured as 'screenshot.Take Screenshot' in Robot Framework.
Saves to: C:\Users\arenaho.muhali\PycharmProjects\MUHALI_ARENAHO_HOLDINGS\Web Playwright\screenshots\YYYY-MM-DD\</doc>
<status status="NOT RUN" start="2026-02-01T04:00:31.516909" elapsed="0.000165"/>
</kw>
<kw name="Fail" owner="BuiltIn">
<arg>Title validation failed</arg>
<doc>Fails the test with the given message and optionally alters its tags.</doc>
<status status="NOT RUN" start="2026-02-01T04:00:31.517283" elapsed="0.000167"/>
</kw>
<status status="NOT RUN" start="2026-02-01T04:00:31.515729" elapsed="0.001814"/>
</branch>
<status status="PASS" start="2026-02-01T04:00:31.083227" elapsed="0.434390"/>
</if>
<kw name="Run Keyword And Return Status" owner="BuiltIn">
<kw name="Wait For Elements State" owner="Browser">
<msg time="2026-02-01T04:00:31.633185" level="INFO">Waited for Element with selector id=email at state visible</msg>
<arg>id=email</arg>
<arg>visible</arg>
<arg>timeout=10s</arg>
<tag>PageContent</tag>
<tag>Wait</tag>
<doc>Waits for the element found by ``selector`` to satisfy state option.</doc>
<status status="PASS" start="2026-02-01T04:00:31.518674" elapsed="0.115043"/>
</kw>
<msg time="2026-02-01T04:00:31.634366" level="INFO">${email_visible} = True</msg>
<var>${email_visible}</var>
<arg>Wait For Elements State</arg>
<arg>id=email</arg>
<arg>visible</arg>
<arg>timeout=10s</arg>
<doc>Runs the given keyword with given arguments and returns the status as a Boolean value.</doc>
<status status="PASS" start="2026-02-01T04:00:31.517840" elapsed="0.116751"/>
</kw>
<if>
<branch type="IF" condition="${email_visible}">
<kw name="Log To Console" owner="BuiltIn">
<arg>Email field is visible</arg>
<doc>Logs the given message to the console.</doc>
<status status="PASS" start="2026-02-01T04:00:31.636973" elapsed="0.000909"/>
</kw>
<kw name="Take Screenshot" owner="screenshot">
<kw name="Take Screenshot" owner="Browser">
<msg time="2026-02-01T04:00:32.097568" level="INFO" html="true">&lt;/td&gt;&lt;/tr&gt;&lt;tr&gt;&lt;td colspan="3"&gt;&lt;a href="browser/screenshot/robotframework-browser-screenshot-3.png" target="_blank"&gt;&lt;img src="browser/screenshot/robotframework-browser-screenshot-3.png" width="800px"/&gt;&lt;/a&gt;</msg>
<arg>return_as=bytes</arg>
<tag>PageContent</tag>
<doc>Takes a screenshot of the current window or element and saves it to disk.</doc>
<status status="PASS" start="2026-02-01T04:00:31.640699" elapsed="0.457252"/>
</kw>
<msg time="2026-02-01T04:00:32.100338" level="INFO">Screenshot saved to: C:\Users\arenaho.muhali\PycharmProjects\MUHALI_ARENAHO_HOLDINGS\Web Playwright\screenshots\2026-02-01\04-00-31-640.png</msg>
<doc>Captured as 'screenshot.Take Screenshot' in Robot Framework.
Saves to: C:\Users\arenaho.muhali\PycharmProjects\MUHALI_ARENAHO_HOLDINGS\Web Playwright\screenshots\YYYY-MM-DD\</doc>
<status status="PASS" start="2026-02-01T04:00:31.638395" elapsed="0.462251"/>
</kw>
<kw name="Fill Text" owner="Browser">
<msg time="2026-02-01T04:00:32.103633" level="INFO">Fills the text 'admin@example.com' in the given field.</msg>
<arg>id=email</arg>
<arg>admin@example.com</arg>
<tag>PageContent</tag>
<tag>Setter</tag>
<doc>Clears and fills the given ``txt`` into the text field found by ``selector``.</doc>
<status status="PASS" start="2026-02-01T04:00:32.101369" elapsed="0.090433"/>
</kw>
<status status="PASS" start="2026-02-01T04:00:31.636168" elapsed="0.555851"/>
</branch>
<branch type="ELSE">
<kw name="Log To Console" owner="BuiltIn">
<arg>❌ Email field not visible</arg>
<doc>Logs the given message to the console.</doc>
<status status="NOT RUN" start="2026-02-01T04:00:32.192978" elapsed="0.000325"/>
</kw>
<kw name="Take Screenshot" owner="screenshot">
<doc>Captured as 'screenshot.Take Screenshot' in Robot Framework.
Saves to: C:\Users\arenaho.muhali\PycharmProjects\MUHALI_ARENAHO_HOLDINGS\Web Playwright\screenshots\YYYY-MM-DD\</doc>
<status status="NOT RUN" start="2026-02-01T04:00:32.193663" elapsed="0.000235"/>
</kw>
<kw name="Fail" owner="BuiltIn">
<arg>Email field not found</arg>
<doc>Fails the test with the given message and optionally alters its tags.</doc>
<status status="NOT RUN" start="2026-02-01T04:00:32.194173" elapsed="0.000221"/>
</kw>
<status status="NOT RUN" start="2026-02-01T04:00:32.192198" elapsed="0.002306"/>
</branch>
<status status="PASS" start="2026-02-01T04:00:31.636057" elapsed="0.558534"/>
</if>
<kw name="Run Keyword And Return Status" owner="BuiltIn">
<kw name="Wait For Elements State" owner="Browser">
<msg time="2026-02-01T04:00:32.219152" level="INFO">Waited for Element with selector id=password at state visible</msg>
<arg>id=password</arg>
<arg>visible</arg>
<arg>timeout=10s</arg>
<tag>PageContent</tag>
<tag>Wait</tag>
<doc>Waits for the element found by ``selector`` to satisfy state option.</doc>
<status status="PASS" start="2026-02-01T04:00:32.195579" elapsed="0.023965"/>
</kw>
<msg time="2026-02-01T04:00:32.219753" level="INFO">${password_visible} = True</msg>
<var>${password_visible}</var>
<arg>Wait For Elements State</arg>
<arg>id=password</arg>
<arg>visible</arg>
<arg>timeout=10s</arg>
<doc>Runs the given keyword with given arguments and returns the status as a Boolean value.</doc>
<status status="PASS" start="2026-02-01T04:00:32.194870" elapsed="0.024912"/>
</kw>
<if>
<branch type="IF" condition="${password_visible}">
<kw name="Log To Console" owner="BuiltIn">
<arg>✅ Password field is visible</arg>
<doc>Logs the given message to the console.</doc>
<status status="PASS" start="2026-02-01T04:00:32.221079" elapsed="0.001176"/>
</kw>
<kw name="Take Screenshot" owner="screenshot">
<kw name="Take Screenshot" owner="Browser">
<msg time="2026-02-01T04:00:32.672986" level="INFO" html="true">&lt;/td&gt;&lt;/tr&gt;&lt;tr&gt;&lt;td colspan="3"&gt;&lt;a href="browser/screenshot/robotframework-browser-screenshot-4.png" target="_blank"&gt;&lt;img src="browser/screenshot/robotframework-browser-screenshot-4.png" width="800px"/&gt;&lt;/a&gt;</msg>
<arg>return_as=bytes</arg>
<tag>PageContent</tag>
<doc>Takes a screenshot of the current window or element and saves it to disk.</doc>
<status status="PASS" start="2026-02-01T04:00:32.225032" elapsed="0.448589"/>
</kw>
<msg time="2026-02-01T04:00:32.677451" level="INFO">Screenshot saved to: C:\Users\arenaho.muhali\PycharmProjects\MUHALI_ARENAHO_HOLDINGS\Web Playwright\screenshots\2026-02-01\04-00-32-224.png</msg>
<doc>Captured as 'screenshot.Take Screenshot' in Robot Framework.
Saves to: C:\Users\arenaho.muhali\PycharmProjects\MUHALI_ARENAHO_HOLDINGS\Web Playwright\screenshots\YYYY-MM-DD\</doc>
<status status="PASS" start="2026-02-01T04:00:32.222784" elapsed="0.455384"/>
</kw>
<kw name="Fill Text" owner="Browser">
<msg time="2026-02-01T04:00:32.680302" level="INFO">Fills the text 'Pass@123' in the given field.</msg>
<arg>id=password</arg>
<arg>Pass@123</arg>
<tag>PageContent</tag>
<tag>Setter</tag>
<doc>Clears and fills the given ``txt`` into the text field found by ``selector``.</doc>
<status status="PASS" start="2026-02-01T04:00:32.678580" elapsed="0.046807"/>
</kw>
<status status="PASS" start="2026-02-01T04:00:32.219902" elapsed="0.505682"/>
</branch>
<branch type="ELSE">
<kw name="Log To Console" owner="BuiltIn">
<arg>❌ Password field not visible</arg>
<doc>Logs the given message to the console.</doc>
<status status="NOT RUN" start="2026-02-01T04:00:32.726403" elapsed="0.001042"/>
</kw>
<kw name="Take Screenshot" owner="screenshot">
<doc>Captured as 'screenshot.Take Screenshot' in Robot Framework.
Saves to: C:\Users\arenaho.muhali\PycharmProjects\MUHALI_ARENAHO_HOLDINGS\Web Playwright\screenshots\YYYY-MM-DD\</doc>
<status status="NOT RUN" start="2026-02-01T04:00:32.728173" elapsed="0.000341"/>
</kw>
<kw name="Fail" owner="BuiltIn">
<arg>Password field not found</arg>
<doc>Fails the test with the given message and optionally alters its tags.</doc>
<status status="NOT RUN" start="2026-02-01T04:00:32.728851" elapsed="0.000248"/>
</kw>
<status status="NOT RUN" start="2026-02-01T04:00:32.725714" elapsed="0.003511"/>
</branch>
<status status="PASS" start="2026-02-01T04:00:32.219871" elapsed="0.509444"/>
</if>
<kw name="Run Keyword And Return Status" owner="BuiltIn">
<kw name="Wait For Elements State" owner="Browser">
<msg time="2026-02-01T04:00:32.756171" level="INFO">Waited for Element with selector xpath=//button[@type="submit"] at state visible</msg>
<arg>xpath=//button[@type="submit"]</arg>
<arg>visible</arg>
<arg>timeout=10s</arg>
<tag>PageContent</tag>
<tag>Wait</tag>
<doc>Waits for the element found by ``selector`` to satisfy state option.</doc>
<status status="PASS" start="2026-02-01T04:00:32.731260" elapsed="0.025359"/>
</kw>
<msg time="2026-02-01T04:00:32.757078" level="INFO">${login_btn_visible} = True</msg>
<var>${login_btn_visible}</var>
<arg>Wait For Elements State</arg>
<arg>xpath=//button[@type="submit"]</arg>
<arg>visible</arg>
<arg>timeout=10s</arg>
<doc>Runs the given keyword with given arguments and returns the status as a Boolean value.</doc>
<status status="PASS" start="2026-02-01T04:00:32.729829" elapsed="0.027327"/>
</kw>
<if>
<branch type="IF" condition="${login_btn_visible}">
<kw name="Log To Console" owner="BuiltIn">
<arg>✅ Login button is visible</arg>
<doc>Logs the given message to the console.</doc>
<status status="PASS" start="2026-02-01T04:00:32.758047" elapsed="0.000539"/>
</kw>
<kw name="Take Screenshot" owner="screenshot">
<kw name="Take Screenshot" owner="Browser">
<msg time="2026-02-01T04:00:33.245470" level="INFO" html="true">&lt;/td&gt;&lt;/tr&gt;&lt;tr&gt;&lt;td colspan="3"&gt;&lt;a href="browser/screenshot/robotframework-browser-screenshot-5.png" target="_blank"&gt;&lt;img src="browser/screenshot/robotframework-browser-screenshot-5.png" width="800px"/&gt;&lt;/a&gt;</msg>
<arg>return_as=bytes</arg>
<tag>PageContent</tag>
<doc>Takes a screenshot of the current window or element and saves it to disk.</doc>
<status status="PASS" start="2026-02-01T04:00:32.761446" elapsed="0.485411"/>
</kw>
<msg time="2026-02-01T04:00:33.249597" level="INFO">Screenshot saved to: C:\Users\arenaho.muhali\PycharmProjects\MUHALI_ARENAHO_HOLDINGS\Web Playwright\screenshots\2026-02-01\04-00-32-760.png</msg>
<doc>Captured as 'screenshot.Take Screenshot' in Robot Framework.
Saves to: C:\Users\arenaho.muhali\PycharmProjects\MUHALI_ARENAHO_HOLDINGS\Web Playwright\screenshots\YYYY-MM-DD\</doc>
<status status="PASS" start="2026-02-01T04:00:32.758862" elapsed="0.490950"/>
</kw>
<kw name="Click" owner="Browser">
<msg time="2026-02-01T04:00:33.252392" level="INFO">Clicks the element 'xpath=//button[@type="submit"]'.</msg>
<arg>xpath=//button[@type="submit"]</arg>
<tag>PageContent</tag>
<tag>Setter</tag>
<doc>Simulates mouse click on the element found by ``selector``.</doc>
<status status="PASS" start="2026-02-01T04:00:33.250146" elapsed="0.171410"/>
</kw>
<status status="PASS" start="2026-02-01T04:00:32.757427" elapsed="0.664329"/>
</branch>
<branch type="ELSE">
<kw name="Log To Console" owner="BuiltIn">
<arg>❌ Login button not visible</arg>
<doc>Logs the given message to the console.</doc>
<status status="NOT RUN" start="2026-02-01T04:00:33.422609" elapsed="0.000424"/>
</kw>
<kw name="Take Screenshot" owner="screenshot">
<doc>Captured as 'screenshot.Take Screenshot' in Robot Framework.
Saves to: C:\Users\arenaho.muhali\PycharmProjects\MUHALI_ARENAHO_HOLDINGS\Web Playwright\screenshots\YYYY-MM-DD\</doc>
<status status="NOT RUN" start="2026-02-01T04:00:33.423281" elapsed="0.000185"/>
</kw>
<kw name="Fail" owner="BuiltIn">
<arg>Login button missing</arg>
<doc>Fails the test with the given message and optionally alters its tags.</doc>
<status status="NOT RUN" start="2026-02-01T04:00:33.423660" elapsed="0.000340"/>
</kw>
<status status="NOT RUN" start="2026-02-01T04:00:33.421878" elapsed="0.002304"/>
</branch>
<status status="PASS" start="2026-02-01T04:00:32.757367" elapsed="0.666959"/>
</if>
<kw name="Run Keyword And Return Status" owner="BuiltIn">
<kw name="Wait For Elements State" owner="Browser">
<msg time="2026-02-01T04:00:35.064776" level="INFO">Waited for Element with selector text="Logout" at state visible</msg>
<arg>text="Logout"</arg>
<arg>visible</arg>
<arg>timeout=10s</arg>
<tag>PageContent</tag>
<tag>Wait</tag>
<doc>Waits for the element found by ``selector`` to satisfy state option.</doc>
<status status="PASS" start="2026-02-01T04:00:33.425580" elapsed="1.640005"/>
</kw>
<msg time="2026-02-01T04:00:35.066722" level="INFO">${login_status} = True</msg>
<var>${login_status}</var>
<arg>Wait For Elements State</arg>
<arg>text="Logout"</arg>
<arg>visible</arg>
<arg>timeout=10s</arg>
<doc>Runs the given keyword with given arguments and returns the status as a Boolean value.</doc>
<status status="PASS" start="2026-02-01T04:00:33.424688" elapsed="1.642140"/>
</kw>
<if>
<branch type="IF" condition="${login_status}">
<kw name="Log To Console" owner="BuiltIn">
<arg>✅ Login successful</arg>
<doc>Logs the given message to the console.</doc>
<status status="PASS" start="2026-02-01T04:00:35.067925" elapsed="0.000633"/>
</kw>
<kw name="Take Screenshot" owner="screenshot">
<kw name="Take Screenshot" owner="Browser">
<msg time="2026-02-01T04:00:35.958349" level="INFO" html="true">&lt;/td&gt;&lt;/tr&gt;&lt;tr&gt;&lt;td colspan="3"&gt;&lt;a href="browser/screenshot/robotframework-browser-screenshot-6.png" target="_blank"&gt;&lt;img src="browser/screenshot/robotframework-browser-screenshot-6.png" width="800px"/&gt;&lt;/a&gt;</msg>
<arg>return_as=bytes</arg>
<tag>PageContent</tag>
<doc>Takes a screenshot of the current window or element and saves it to disk.</doc>
<status status="PASS" start="2026-02-01T04:00:35.072958" elapsed="0.885890"/>
</kw>
<msg time="2026-02-01T04:00:35.967138" level="INFO">Screenshot saved to: C:\Users\arenaho.muhali\PycharmProjects\MUHALI_ARENAHO_HOLDINGS\Web Playwright\screenshots\2026-02-01\04-00-35-072.png</msg>
<doc>Captured as 'screenshot.Take Screenshot' in Robot Framework.
Saves to: C:\Users\arenaho.muhali\PycharmProjects\MUHALI_ARENAHO_HOLDINGS\Web Playwright\screenshots\YYYY-MM-DD\</doc>
<status status="PASS" start="2026-02-01T04:00:35.069850" elapsed="0.897922"/>
</kw>
<status status="PASS" start="2026-02-01T04:00:35.067163" elapsed="0.900912"/>
</branch>
<branch type="ELSE">
<kw name="Log To Console" owner="BuiltIn">
<arg>❌ Login failed</arg>
<doc>Logs the given message to the console.</doc>
<status status="NOT RUN" start="2026-02-01T04:00:35.970869" elapsed="0.000391"/>
</kw>
<kw name="Take Screenshot" owner="screenshot">
<doc>Captured as 'screenshot.Take Screenshot' in Robot Framework.
Saves to: C:\Users\arenaho.muhali\PycharmProjects\MUHALI_ARENAHO_HOLDINGS\Web Playwright\screenshots\YYYY-MM-DD\</doc>
<status status="NOT RUN" start="2026-02-01T04:00:35.972129" elapsed="0.001049"/>
</kw>
<kw name="Fail" owner="BuiltIn">
<arg>Login failed</arg>
<doc>Fails the test with the given message and optionally alters its tags.</doc>
<status status="NOT RUN" start="2026-02-01T04:00:35.973652" elapsed="0.000731"/>
</kw>
<status status="NOT RUN" start="2026-02-01T04:00:35.969666" elapsed="0.004927"/>
</branch>
<status status="PASS" start="2026-02-01T04:00:35.067093" elapsed="0.907589"/>
</if>
<status status="PASS" start="2026-02-01T03:59:44.697376" elapsed="51.277488"/>
</kw>
<kw name="Close Browser" owner="Browser" type="TEARDOWN">
<msg time="2026-02-01T04:00:39.112233" level="INFO">Closed browser</msg>
<tag>BrowserControl</tag>
<tag>Setter</tag>
<doc>Closes the current browser.</doc>
<status status="PASS" start="2026-02-01T04:00:35.975571" elapsed="3.136953"/>
</kw>
<status status="PASS" start="2026-02-01T03:59:44.696149" elapsed="54.416576"/>
</test>
<test id="s1-t2" name="Purchase" line="15">
<kw name="Login" owner="LoginTest">
<kw name="New Browser" owner="Browser">
<msg time="2026-02-01T04:00:39.138261" level="INFO">{"browser": "chromium", "headless": false, "chromiumSandbox": false, "devtools": false, "handleSIGHUP": true, "handleSIGINT": true, "handleSIGTERM": true, "slowMo": 0.0, "timeout": 30000.0, "tracesDir": "C:\\Users\\arenaho.muhali\\PycharmProjects\\MUHALI_ARENAHO_HOLDINGS\\Web Playwright\\Test Cases\\log\\browser\\traces\\temp\\0a02ff37-c2a3-459f-a06f-4fe3cee4eec5"}</msg>
<msg time="2026-02-01T04:00:40.066863" level="INFO">Successfully created browser with options: {"browser":"chromium","headless":false,"chromiumSandbox":false,"devtools":false,"handleSIGHUP":true,"handleSIGINT":true,"handleSIGTERM":true,"slowMo":0,"timeout":30000,"tracesDir":"C:\\Users\\arenaho.muhali\\PycharmProjects\\MUHALI_ARENAHO_HOLDINGS\\Web Playwright\\Test Cases\\log\\browser\\traces\\temp\\0a02ff37-c2a3-459f-a06f-4fe3cee4eec5"}</msg>
<arg>chromium</arg>
<arg>headless=False</arg>
<tag>BrowserControl</tag>
<tag>Setter</tag>
<doc>Create a new playwright Browser with specified options.</doc>
<status status="PASS" start="2026-02-01T04:00:39.136770" elapsed="0.930436"/>
</kw>
<kw name="New Context" owner="Browser">
<msg time="2026-02-01T04:00:40.071648" level="INFO">{
  "acceptDownloads": true,
  "bypassCSP": false,
  "forcedColors": "none",
  "ignoreHTTPSErrors": false,
  "javaScriptEnabled": true,
  "offline": false,
  "reducedMotion": "no-preference",
  "serviceWorkers": "allow",
  "viewport": {
    "width": 1920,
    "height": 1300
  }
}</msg>
<msg time="2026-02-01T04:00:40.097807" level="INFO">Successfully created context. </msg>
<msg time="2026-02-01T04:00:40.097968" level="INFO">{'acceptDownloads': True, 'bypassCSP': False, 'forcedColors': 'none', 'ignoreHTTPSErrors': False, 'javaScriptEnabled': True, 'offline': False, 'reducedMotion': 'no-preference', 'serviceWorkers': 'allow', 'viewport': {'width': 1920, 'height': 1300}}</msg>
<arg>viewport={'width': 1920, 'height': 1300}</arg>
<tag>BrowserControl</tag>
<tag>Setter</tag>
<doc>Create a new BrowserContext with specified options.</doc>
<status status="PASS" start="2026-02-01T04:00:40.067596" elapsed="0.030514"/>
</kw>
<kw name="New Page" owner="Browser">
<msg time="2026-02-01T04:01:05.649247" level="INFO">Successfully initialized new page object and opened url: https://eshopmuhali.netlify.app/</msg>
<arg>${BASE_URL}</arg>
<arg>wait_until=domcontentloaded</arg>
<tag>BrowserControl</tag>
<tag>Setter</tag>
<doc>Open a new Page.</doc>
<status status="PASS" start="2026-02-01T04:00:40.098939" elapsed="25.550797"/>
</kw>
<kw name="Take Screenshot" owner="screenshot">
<kw name="Take Screenshot" owner="Browser">
<msg time="2026-02-01T04:01:06.461194" level="INFO" html="true">&lt;/td&gt;&lt;/tr&gt;&lt;tr&gt;&lt;td colspan="3"&gt;&lt;a href="browser/screenshot/robotframework-browser-screenshot-7.png" target="_blank"&gt;&lt;img src="browser/screenshot/robotframework-browser-screenshot-7.png" width="800px"/&gt;&lt;/a&gt;</msg>
<arg>return_as=bytes</arg>
<tag>PageContent</tag>
<doc>Takes a screenshot of the current window or element and saves it to disk.</doc>
<status status="PASS" start="2026-02-01T04:01:05.651976" elapsed="0.810021"/>
</kw>
<msg time="2026-02-01T04:01:06.465631" level="INFO">Screenshot saved to: C:\Users\arenaho.muhali\PycharmProjects\MUHALI_ARENAHO_HOLDINGS\Web Playwright\screenshots\2026-02-01\04-01-05-651.png</msg>
<doc>Captured as 'screenshot.Take Screenshot' in Robot Framework.
Saves to: C:\Users\arenaho.muhali\PycharmProjects\MUHALI_ARENAHO_HOLDINGS\Web Playwright\screenshots\YYYY-MM-DD\</doc>
<status status="PASS" start="2026-02-01T04:01:05.650187" elapsed="0.815732"/>
</kw>
<kw name="Get Title" owner="Browser">
<msg time="2026-02-01T04:01:06.480335" level="INFO">Title: 'MUHALI E SHOP'</msg>
<msg time="2026-02-01T04:01:06.480726" level="INFO">${title} = MUHALI E SHOP</msg>
<var>${title}</var>
<tag>Assertion</tag>
<tag>Getter</tag>
<tag>PageContent</tag>
<doc>Returns the title of the current page.</doc>
<status status="PASS" start="2026-02-01T04:01:06.466511" elapsed="0.014306"/>
</kw>
<kw name="Log To Console" owner="BuiltIn">
<arg>Page title is: ${title}</arg>
<doc>Logs the given message to the console.</doc>
<status status="PASS" start="2026-02-01T04:01:06.481543" elapsed="0.001140"/>
</kw>
<if>
<branch type="IF" condition="'${title}' == '${TITLE}'">
<kw name="Log To Console" owner="BuiltIn">
<arg>Title matched</arg>
<doc>Logs the given message to the console.</doc>
<status status="PASS" start="2026-02-01T04:01:06.484906" elapsed="0.001059"/>
</kw>
<kw name="Take Screenshot" owner="screenshot">
<kw name="Take Screenshot" owner="Browser">
<msg time="2026-02-01T04:01:06.876216" level="INFO" html="true">&lt;/td&gt;&lt;/tr&gt;&lt;tr&gt;&lt;td colspan="3"&gt;&lt;a href="browser/screenshot/robotframework-browser-screenshot-8.png" target="_blank"&gt;&lt;img src="browser/screenshot/robotframework-browser-screenshot-8.png" width="800px"/&gt;&lt;/a&gt;</msg>
<arg>return_as=bytes</arg>
<tag>PageContent</tag>
<doc>Takes a screenshot of the current window or element and saves it to disk.</doc>
<status status="PASS" start="2026-02-01T04:01:06.488850" elapsed="0.387979"/>
</kw>
<msg time="2026-02-01T04:01:06.881262" level="INFO">Screenshot saved to: C:\Users\arenaho.muhali\PycharmProjects\MUHALI_ARENAHO_HOLDINGS\Web Playwright\screenshots\2026-02-01\04-01-06-488.png</msg>
<doc>Captured as 'screenshot.Take Screenshot' in Robot Framework.
Saves to: C:\Users\arenaho.muhali\PycharmProjects\MUHALI_ARENAHO_HOLDINGS\Web Playwright\screenshots\YYYY-MM-DD\</doc>
<status status="PASS" start="2026-02-01T04:01:06.486559" elapsed="0.394990"/>
</kw>
<status status="PASS" start="2026-02-01T04:01:06.483096" elapsed="0.398758"/>
</branch>
<branch type="ELSE">
<kw name="Log To Console" owner="BuiltIn">
<arg>Title mismatch</arg>
<doc>Logs the given message to the console.</doc>
<status status="NOT RUN" start="2026-02-01T04:01:06.882891" elapsed="0.000436"/>
</kw>
<kw name="Take Screenshot" owner="screenshot">
<doc>Captured as 'screenshot.Take Screenshot' in Robot Framework.
Saves to: C:\Users\arenaho.muhali\PycharmProjects\MUHALI_ARENAHO_HOLDINGS\Web Playwright\screenshots\YYYY-MM-DD\</doc>
<status status="NOT RUN" start="2026-02-01T04:01:06.883826" elapsed="0.000430"/>
</kw>
<kw name="Fail" owner="BuiltIn">
<arg>Title validation failed</arg>
<doc>Fails the test with the given message and optionally alters its tags.</doc>
<status status="NOT RUN" start="2026-02-01T04:01:06.884726" elapsed="0.000420"/>
</kw>
<status status="NOT RUN" start="2026-02-01T04:01:06.882073" elapsed="0.003270"/>
</branch>
<status status="PASS" start="2026-02-01T04:01:06.483005" elapsed="0.402507"/>
</if>
<kw name="Run Keyword And Return Status" owner="BuiltIn">
<kw name="Wait For Elements State" owner="Browser">
<msg time="2026-02-01T04:01:06.934258" level="INFO">Waited for Element with selector id=email at state visible</msg>
<arg>id=email</arg>
<arg>visible</arg>
<arg>timeout=10s</arg>
<tag>PageContent</tag>
<tag>Wait</tag>
<doc>Waits for the element found by ``selector`` to satisfy state option.</doc>
<status status="PASS" start="2026-02-01T04:01:06.887437" elapsed="0.047217"/>
</kw>
<msg time="2026-02-01T04:01:06.935035" level="INFO">${email_visible} = True</msg>
<var>${email_visible}</var>
<arg>Wait For Elements State</arg>
<arg>id=email</arg>
<arg>visible</arg>
<arg>timeout=10s</arg>
<doc>Runs the given keyword with given arguments and returns the status as a Boolean value.</doc>
<status status="PASS" start="2026-02-01T04:01:06.886267" elapsed="0.048855"/>
</kw>
<if>
<branch type="IF" condition="${email_visible}">
<kw name="Log To Console" owner="BuiltIn">
<arg>Email field is visible</arg>
<doc>Logs the given message to the console.</doc>
<status status="PASS" start="2026-02-01T04:01:06.936669" elapsed="0.000968"/>
</kw>
<kw name="Take Screenshot" owner="screenshot">
<kw name="Take Screenshot" owner="Browser">
<msg time="2026-02-01T04:01:07.340235" level="INFO" html="true">&lt;/td&gt;&lt;/tr&gt;&lt;tr&gt;&lt;td colspan="3"&gt;&lt;a href="browser/screenshot/robotframework-browser-screenshot-9.png" target="_blank"&gt;&lt;img src="browser/screenshot/robotframework-browser-screenshot-9.png" width="800px"/&gt;&lt;/a&gt;</msg>
<arg>return_as=bytes</arg>
<tag>PageContent</tag>
<doc>Takes a screenshot of the current window or element and saves it to disk.</doc>
<status status="PASS" start="2026-02-01T04:01:06.940266" elapsed="0.400336"/>
</kw>
<msg time="2026-02-01T04:01:07.343940" level="INFO">Screenshot saved to: C:\Users\arenaho.muhali\PycharmProjects\MUHALI_ARENAHO_HOLDINGS\Web Playwright\screenshots\2026-02-01\04-01-06-939.png</msg>
<doc>Captured as 'screenshot.Take Screenshot' in Robot Framework.
Saves to: C:\Users\arenaho.muhali\PycharmProjects\MUHALI_ARENAHO_HOLDINGS\Web Playwright\screenshots\YYYY-MM-DD\</doc>
<status status="PASS" start="2026-02-01T04:01:06.938189" elapsed="0.406033"/>
</kw>
<kw name="Fill Text" owner="Browser">
<msg time="2026-02-01T04:01:07.346707" level="INFO">Fills the text 'admin@example.com' in the given field.</msg>
<arg>id=email</arg>
<arg>admin@example.com</arg>
<tag>PageContent</tag>
<tag>Setter</tag>
<doc>Clears and fills the given ``txt`` into the text field found by ``selector``.</doc>
<status status="PASS" start="2026-02-01T04:01:07.344877" elapsed="0.035479"/>
</kw>
<status status="PASS" start="2026-02-01T04:01:06.935442" elapsed="0.445326"/>
</branch>
<branch type="ELSE">
<kw name="Log To Console" owner="BuiltIn">
<arg>❌ Email field not visible</arg>
<doc>Logs the given message to the console.</doc>
<status status="NOT RUN" start="2026-02-01T04:01:07.381884" elapsed="0.000430"/>
</kw>
<kw name="Take Screenshot" owner="screenshot">
<doc>Captured as 'screenshot.Take Screenshot' in Robot Framework.
Saves to: C:\Users\arenaho.muhali\PycharmProjects\MUHALI_ARENAHO_HOLDINGS\Web Playwright\screenshots\YYYY-MM-DD\</doc>
<status status="NOT RUN" start="2026-02-01T04:01:07.382764" elapsed="0.000284"/>
</kw>
<kw name="Fail" owner="BuiltIn">
<arg>Email field not found</arg>
<doc>Fails the test with the given message and optionally alters its tags.</doc>
<status status="NOT RUN" start="2026-02-01T04:01:07.383581" elapsed="0.000516"/>
</kw>
<status status="NOT RUN" start="2026-02-01T04:01:07.380944" elapsed="0.003542"/>
</branch>
<status status="PASS" start="2026-02-01T04:01:06.935382" elapsed="0.449221"/>
</if>
<kw name="Run Keyword And Return Status" owner="BuiltIn">
<kw name="Wait For Elements State" owner="Browser">
<msg time="2026-02-01T04:01:07.403600" level="INFO">Waited for Element with selector id=password at state visible</msg>
<arg>id=password</arg>
<arg>visible</arg>
<arg>timeout=10s</arg>
<tag>PageContent</tag>
<tag>Wait</tag>
<doc>Waits for the element found by ``selector`` to satisfy state option.</doc>
<status status="PASS" start="2026-02-01T04:01:07.385816" elapsed="0.018056"/>
</kw>
<msg time="2026-02-01T04:01:07.404139" level="INFO">${password_visible} = True</msg>
<var>${password_visible}</var>
<arg>Wait For Elements State</arg>
<arg>id=password</arg>
<arg>visible</arg>
<arg>timeout=10s</arg>
<doc>Runs the given keyword with given arguments and returns the status as a Boolean value.</doc>
<status status="PASS" start="2026-02-01T04:01:07.384840" elapsed="0.019349"/>
</kw>
<if>
<branch type="IF" condition="${password_visible}">
<kw name="Log To Console" owner="BuiltIn">
<arg>✅ Password field is visible</arg>
<doc>Logs the given message to the console.</doc>
<status status="PASS" start="2026-02-01T04:01:07.404924" elapsed="0.000945"/>
</kw>
<kw name="Take Screenshot" owner="screenshot">
<kw name="Take Screenshot" owner="Browser">
<msg time="2026-02-01T04:01:07.818387" level="INFO" html="true">&lt;/td&gt;&lt;/tr&gt;&lt;tr&gt;&lt;td colspan="3"&gt;&lt;a href="browser/screenshot/robotframework-browser-screenshot-10.png" target="_blank"&gt;&lt;img src="browser/screenshot/robotframework-browser-screenshot-10.png" width="800px"/&gt;&lt;/a&gt;</msg>
<arg>return_as=bytes</arg>
<tag>PageContent</tag>
<doc>Takes a screenshot of the current window or element and saves it to disk.</doc>
<status status="PASS" start="2026-02-01T04:01:07.408345" elapsed="0.410482"/>
</kw>
<msg time="2026-02-01T04:01:07.821126" level="INFO">Screenshot saved to: C:\Users\arenaho.muhali\PycharmProjects\MUHALI_ARENAHO_HOLDINGS\Web Playwright\screenshots\2026-02-01\04-01-07-407.png</msg>
<doc>Captured as 'screenshot.Take Screenshot' in Robot Framework.
Saves to: C:\Users\arenaho.muhali\PycharmProjects\MUHALI_ARENAHO_HOLDINGS\Web Playwright\screenshots\YYYY-MM-DD\</doc>
<status status="PASS" start="2026-02-01T04:01:07.406464" elapsed="0.414804"/>
</kw>
<kw name="Fill Text" owner="Browser">
<msg time="2026-02-01T04:01:07.823316" level="INFO">Fills the text 'Pass@123' in the given field.</msg>
<arg>id=password</arg>
<arg>Pass@123</arg>
<tag>PageContent</tag>
<tag>Setter</tag>
<doc>Clears and fills the given ``txt`` into the text field found by ``selector``.</doc>
<status status="PASS" start="2026-02-01T04:01:07.821694" elapsed="0.032430"/>
</kw>
<status status="PASS" start="2026-02-01T04:01:07.404381" elapsed="0.450126"/>
</branch>
<branch type="ELSE">
<kw name="Log To Console" owner="BuiltIn">
<arg>❌ Password field not visible</arg>
<doc>Logs the given message to the console.</doc>
<status status="NOT RUN" start="2026-02-01T04:01:07.855954" elapsed="0.000391"/>
</kw>
<kw name="Take Screenshot" owner="screenshot">
<doc>Captured as 'screenshot.Take Screenshot' in Robot Framework.
Saves to: C:\Users\arenaho.muhali\PycharmProjects\MUHALI_ARENAHO_HOLDINGS\Web Playwright\screenshots\YYYY-MM-DD\</doc>
<status status="NOT RUN" start="2026-02-01T04:01:07.856707" elapsed="0.000412"/>
</kw>
<kw name="Fail" owner="BuiltIn">
<arg>Password field not found</arg>
<doc>Fails the test with the given message and optionally alters its tags.</doc>
<status status="NOT RUN" start="2026-02-01T04:01:07.857541" elapsed="0.000382"/>
</kw>
<status status="NOT RUN" start="2026-02-01T04:01:07.854811" elapsed="0.003299"/>
</branch>
<status status="PASS" start="2026-02-01T04:01:07.404338" elapsed="0.453922"/>
</if>
<kw name="Run Keyword And Return Status" owner="BuiltIn">
<kw name="Wait For Elements State" owner="Browser">
<msg time="2026-02-01T04:01:07.876937" level="INFO">Waited for Element with selector xpath=//button[@type="submit"] at state visible</msg>
<arg>xpath=//button[@type="submit"]</arg>
<arg>visible</arg>
<arg>timeout=10s</arg>
<tag>PageContent</tag>
<tag>Wait</tag>
<doc>Waits for the element found by ``selector`` to satisfy state option.</doc>
<status status="PASS" start="2026-02-01T04:01:07.859232" elapsed="0.018031"/>
</kw>
<msg time="2026-02-01T04:01:07.877634" level="INFO">${login_btn_visible} = True</msg>
<var>${login_btn_visible}</var>
<arg>Wait For Elements State</arg>
<arg>xpath=//button[@type="submit"]</arg>
<arg>visible</arg>
<arg>timeout=10s</arg>
<doc>Runs the given keyword with given arguments and returns the status as a Boolean value.</doc>
<status status="PASS" start="2026-02-01T04:01:07.858556" elapsed="0.019154"/>
</kw>
<if>
<branch type="IF" condition="${login_btn_visible}">
<kw name="Log To Console" owner="BuiltIn">
<arg>✅ Login button is visible</arg>
<doc>Logs the given message to the console.</doc>
<status status="PASS" start="2026-02-01T04:01:07.879782" elapsed="0.001720"/>
</kw>
<kw name="Take Screenshot" owner="screenshot">
<kw name="Take Screenshot" owner="Browser">
<msg time="2026-02-01T04:01:08.322463" level="INFO" html="true">&lt;/td&gt;&lt;/tr&gt;&lt;tr&gt;&lt;td colspan="3"&gt;&lt;a href="browser/screenshot/robotframework-browser-screenshot-11.png" target="_blank"&gt;&lt;img src="browser/screenshot/robotframework-browser-screenshot-11.png" width="800px"/&gt;&lt;/a&gt;</msg>
<arg>return_as=bytes</arg>
<tag>PageContent</tag>
<doc>Takes a screenshot of the current window or element and saves it to disk.</doc>
<status status="PASS" start="2026-02-01T04:01:07.884208" elapsed="0.438811"/>
</kw>
<msg time="2026-02-01T04:01:08.326440" level="INFO">Screenshot saved to: C:\Users\arenaho.muhali\PycharmProjects\MUHALI_ARENAHO_HOLDINGS\Web Playwright\screenshots\2026-02-01\04-01-07-883.png</msg>
<doc>Captured as 'screenshot.Take Screenshot' in Robot Framework.
Saves to: C:\Users\arenaho.muhali\PycharmProjects\MUHALI_ARENAHO_HOLDINGS\Web Playwright\screenshots\YYYY-MM-DD\</doc>
<status status="PASS" start="2026-02-01T04:01:07.882269" elapsed="0.444476"/>
</kw>
<kw name="Click" owner="Browser">
<msg time="2026-02-01T04:01:08.330892" level="INFO">Clicks the element 'xpath=//button[@type="submit"]'.</msg>
<arg>xpath=//button[@type="submit"]</arg>
<tag>PageContent</tag>
<tag>Setter</tag>
<doc>Simulates mouse click on the element found by ``selector``.</doc>
<status status="PASS" start="2026-02-01T04:01:08.327301" elapsed="0.084907"/>
</kw>
<status status="PASS" start="2026-02-01T04:01:07.878321" elapsed="0.534192"/>
</branch>
<branch type="ELSE">
<kw name="Log To Console" owner="BuiltIn">
<arg>❌ Login button not visible</arg>
<doc>Logs the given message to the console.</doc>
<status status="NOT RUN" start="2026-02-01T04:01:08.413408" elapsed="0.000361"/>
</kw>
<kw name="Take Screenshot" owner="screenshot">
<doc>Captured as 'screenshot.Take Screenshot' in Robot Framework.
Saves to: C:\Users\arenaho.muhali\PycharmProjects\MUHALI_ARENAHO_HOLDINGS\Web Playwright\screenshots\YYYY-MM-DD\</doc>
<status status="NOT RUN" start="2026-02-01T04:01:08.414338" elapsed="0.000745"/>
</kw>
<kw name="Fail" owner="BuiltIn">
<arg>Login button missing</arg>
<doc>Fails the test with the given message and optionally alters its tags.</doc>
<status status="NOT RUN" start="2026-02-01T04:01:08.415604" elapsed="0.000638"/>
</kw>
<status status="NOT RUN" start="2026-02-01T04:01:08.412654" elapsed="0.003816"/>
</branch>
<status status="PASS" start="2026-02-01T04:01:07.877940" elapsed="0.538710"/>
</if>
<kw name="Run Keyword And Return Status" owner="BuiltIn">
<kw name="Wait For Elements State" owner="Browser">
<msg time="2026-02-01T04:01:09.795419" level="INFO">Waited for Element with selector text="Logout" at state visible</msg>
<arg>text="Logout"</arg>
<arg>visible</arg>
<arg>timeout=10s</arg>
<tag>PageContent</tag>
<tag>Wait</tag>
<doc>Waits for the element found by ``selector`` to satisfy state option.</doc>
<status status="PASS" start="2026-02-01T04:01:08.418042" elapsed="1.377970"/>
</kw>
<msg time="2026-02-01T04:01:09.796855" level="INFO">${login_status} = True</msg>
<var>${login_status}</var>
<arg>Wait For Elements State</arg>
<arg>text="Logout"</arg>
<arg>visible</arg>
<arg>timeout=10s</arg>
<doc>Runs the given keyword with given arguments and returns the status as a Boolean value.</doc>
<status status="PASS" start="2026-02-01T04:01:08.417084" elapsed="1.379887"/>
</kw>
<if>
<branch type="IF" condition="${login_status}">
<kw name="Log To Console" owner="BuiltIn">
<arg>✅ Login successful</arg>
<doc>Logs the given message to the console.</doc>
<status status="PASS" start="2026-02-01T04:01:09.798677" elapsed="0.001213"/>
</kw>
<kw name="Take Screenshot" owner="screenshot">
<kw name="Take Screenshot" owner="Browser">
<msg time="2026-02-01T04:01:10.269232" level="INFO" html="true">&lt;/td&gt;&lt;/tr&gt;&lt;tr&gt;&lt;td colspan="3"&gt;&lt;a href="browser/screenshot/robotframework-browser-screenshot-12.png" target="_blank"&gt;&lt;img src="browser/screenshot/robotframework-browser-screenshot-12.png" width="800px"/&gt;&lt;/a&gt;</msg>
<arg>return_as=bytes</arg>
<tag>PageContent</tag>
<doc>Takes a screenshot of the current window or element and saves it to disk.</doc>
<status status="PASS" start="2026-02-01T04:01:09.801390" elapsed="0.468407"/>
</kw>
<msg time="2026-02-01T04:01:10.271819" level="INFO">Screenshot saved to: C:\Users\arenaho.muhali\PycharmProjects\MUHALI_ARENAHO_HOLDINGS\Web Playwright\screenshots\2026-02-01\04-01-09-801.png</msg>
<doc>Captured as 'screenshot.Take Screenshot' in Robot Framework.
Saves to: C:\Users\arenaho.muhali\PycharmProjects\MUHALI_ARENAHO_HOLDINGS\Web Playwright\screenshots\YYYY-MM-DD\</doc>
<status status="PASS" start="2026-02-01T04:01:09.800242" elapsed="0.471738"/>
</kw>
<status status="PASS" start="2026-02-01T04:01:09.797397" elapsed="0.474712"/>
</branch>
<branch type="ELSE">
<kw name="Log To Console" owner="BuiltIn">
<arg>❌ Login failed</arg>
<doc>Logs the given message to the console.</doc>
<status status="NOT RUN" start="2026-02-01T04:01:10.272720" elapsed="0.000425"/>
</kw>
<kw name="Take Screenshot" owner="screenshot">
<doc>Captured as 'screenshot.Take Screenshot' in Robot Framework.
Saves to: C:\Users\arenaho.muhali\PycharmProjects\MUHALI_ARENAHO_HOLDINGS\Web Playwright\screenshots\YYYY-MM-DD\</doc>
<status status="NOT RUN" start="2026-02-01T04:01:10.273608" elapsed="0.000382"/>
</kw>
<kw name="Fail" owner="BuiltIn">
<arg>Login failed</arg>
<doc>Fails the test with the given message and optionally alters its tags.</doc>
<status status="NOT RUN" start="2026-02-01T04:01:10.274421" elapsed="0.000428"/>
</kw>
<status status="NOT RUN" start="2026-02-01T04:01:10.272218" elapsed="0.002835"/>
</branch>
<status status="PASS" start="2026-02-01T04:01:09.797304" elapsed="0.477895"/>
</if>
<status status="PASS" start="2026-02-01T04:00:39.135788" elapsed="31.139678"/>
</kw>
<kw name="Purchase" owner="purchase">
<kw name="Wait For Elements State" owner="Browser">
<msg time="2026-02-01T04:01:10.298682" level="INFO">Waited for Element with selector xpath=//*[@id="root"]/nav/div[2]/a[2] at state visible</msg>
<arg>xpath=//*[@id="root"]/nav/div[2]/a[2]</arg>
<arg>visible</arg>
<arg>timeout=10s</arg>
<tag>PageContent</tag>
<tag>Wait</tag>
<doc>Waits for the element found by ``selector`` to satisfy state option.</doc>
<status status="PASS" start="2026-02-01T04:01:10.281041" elapsed="0.017972"/>
</kw>
<kw name="Click" owner="Browser">
<msg time="2026-02-01T04:01:10.301416" level="INFO">Clicks the element 'xpath=//*[@id="root"]/nav/div[2]/a[2]'.</msg>
<arg>xpath=//*[@id="root"]/nav/div[2]/a[2]</arg>
<tag>PageContent</tag>
<tag>Setter</tag>
<doc>Simulates mouse click on the element found by ``selector``.</doc>
<status status="PASS" start="2026-02-01T04:01:10.299637" elapsed="0.175444"/>
</kw>
<kw name="Run Keyword And Return Status" owner="BuiltIn">
<kw name="Wait For Elements State" owner="Browser">
<msg time="2026-02-01T04:01:10.501051" level="INFO">Waited for Element with selector xpath=//*[@id="root"]/div/h2 at state visible</msg>
<arg>xpath=//*[@id="root"]/div/h2</arg>
<arg>visible</arg>
<arg>timeout=10s</arg>
<tag>PageContent</tag>
<tag>Wait</tag>
<doc>Waits for the element found by ``selector`` to satisfy state option.</doc>
<status status="PASS" start="2026-02-01T04:01:10.476696" elapsed="0.024908"/>
</kw>
<msg time="2026-02-01T04:01:10.501933" level="INFO">${Shop_visible} = True</msg>
<var>${Shop_visible}</var>
<arg>Wait For Elements State</arg>
<arg>xpath=//*[@id="root"]/div/h2</arg>
<arg>visible</arg>
<arg>timeout=10s</arg>
<doc>Runs the given keyword with given arguments and returns the status as a Boolean value.</doc>
<status status="PASS" start="2026-02-01T04:01:10.475568" elapsed="0.026442"/>
</kw>
<if>
<branch type="IF" condition="${Shop_visible}">
<kw name="Log To Console" owner="BuiltIn">
<arg>✅ Shop page is visible. Starting product clicks...</arg>
<doc>Logs the given message to the console.</doc>
<status status="PASS" start="2026-02-01T04:01:10.503849" elapsed="0.000750"/>
</kw>
<kw name="Take Screenshot" owner="screenshot">
<kw name="Take Screenshot" owner="Browser">
<msg time="2026-02-01T04:01:10.890135" level="INFO" html="true">&lt;/td&gt;&lt;/tr&gt;&lt;tr&gt;&lt;td colspan="3"&gt;&lt;a href="browser/screenshot/robotframework-browser-screenshot-13.png" target="_blank"&gt;&lt;img src="browser/screenshot/robotframework-browser-screenshot-13.png" width="800px"/&gt;&lt;/a&gt;</msg>
<arg>return_as=bytes</arg>
<tag>PageContent</tag>
<doc>Takes a screenshot of the current window or element and saves it to disk.</doc>
<status status="PASS" start="2026-02-01T04:01:10.506492" elapsed="0.384263"/>
</kw>
<msg time="2026-02-01T04:01:10.894156" level="INFO">Screenshot saved to: C:\Users\arenaho.muhali\PycharmProjects\MUHALI_ARENAHO_HOLDINGS\Web Playwright\screenshots\2026-02-01\04-01-10-505.png</msg>
<doc>Captured as 'screenshot.Take Screenshot' in Robot Framework.
Saves to: C:\Users\arenaho.muhali\PycharmProjects\MUHALI_ARENAHO_HOLDINGS\Web Playwright\screenshots\YYYY-MM-DD\</doc>
<status status="PASS" start="2026-02-01T04:01:10.504907" elapsed="0.389678"/>
</kw>
<for flavor="IN RANGE">
<iter>
<kw name="Scroll To Element" owner="Browser">
<arg>xpath=//*[@id="root"]/div/div[3]/div[${index}]/div[2]/button</arg>
<tag>PageContent</tag>
<tag>Setter</tag>
<doc>This method waits for actionability checks, then tries to scroll element into view,
unless it is completely visible.</doc>
<status status="PASS" start="2026-02-01T04:01:10.901373" elapsed="0.085141"/>
</kw>
<kw name="Click" owner="Browser">
<msg time="2026-02-01T04:01:10.989606" level="INFO">Clicks the element 'xpath=//*[@id="root"]/div/div[3]/div[1]/div[2]/button'.</msg>
<arg>xpath=//*[@id="root"]/div/div[3]/div[${index}]/div[2]/button</arg>
<tag>PageContent</tag>
<tag>Setter</tag>
<doc>Simulates mouse click on the element found by ``selector``.</doc>
<status status="PASS" start="2026-02-01T04:01:10.987468" elapsed="0.082373"/>
</kw>
<kw name="Log To Console" owner="BuiltIn">
<arg>Product ${index} clicked.</arg>
<doc>Logs the given message to the console.</doc>
<status status="PASS" start="2026-02-01T04:01:11.070607" elapsed="0.000853"/>
</kw>
<kw name="Sleep" owner="BuiltIn">
<msg time="2026-02-01T04:01:11.277975" level="INFO">Slept 200 milliseconds.</msg>
<arg>0.2s</arg>
<doc>Pauses the test executed for the given time.</doc>
<status status="PASS" start="2026-02-01T04:01:11.072117" elapsed="0.210880"/>
</kw>
<var name="${index}">1</var>
<status status="PASS" start="2026-02-01T04:01:10.900472" elapsed="0.382681"/>
</iter>
<iter>
<kw name="Scroll To Element" owner="Browser">
<arg>xpath=//*[@id="root"]/div/div[3]/div[${index}]/div[2]/button</arg>
<tag>PageContent</tag>
<tag>Setter</tag>
<doc>This method waits for actionability checks, then tries to scroll element into view,
unless it is completely visible.</doc>
<status status="PASS" start="2026-02-01T04:01:11.288288" elapsed="0.076388"/>
</kw>
<kw name="Click" owner="Browser">
<msg time="2026-02-01T04:01:11.367324" level="INFO">Clicks the element 'xpath=//*[@id="root"]/div/div[3]/div[2]/div[2]/button'.</msg>
<arg>xpath=//*[@id="root"]/div/div[3]/div[${index}]/div[2]/button</arg>
<tag>PageContent</tag>
<tag>Setter</tag>
<doc>Simulates mouse click on the element found by ``selector``.</doc>
<status status="PASS" start="2026-02-01T04:01:11.365583" elapsed="0.109747"/>
</kw>
<kw name="Log To Console" owner="BuiltIn">
<arg>Product ${index} clicked.</arg>
<doc>Logs the given message to the console.</doc>
<status status="PASS" start="2026-02-01T04:01:11.475910" elapsed="0.001256"/>
</kw>
<kw name="Sleep" owner="BuiltIn">
<msg time="2026-02-01T04:01:11.680549" level="INFO">Slept 200 milliseconds.</msg>
<arg>0.2s</arg>
<doc>Pauses the test executed for the given time.</doc>
<status status="PASS" start="2026-02-01T04:01:11.477682" elapsed="0.203197"/>
</kw>
<var name="${index}">2</var>
<status status="PASS" start="2026-02-01T04:01:11.285979" elapsed="0.395090"/>
</iter>
<iter>
<kw name="Scroll To Element" owner="Browser">
<arg>xpath=//*[@id="root"]/div/div[3]/div[${index}]/div[2]/button</arg>
<tag>PageContent</tag>
<tag>Setter</tag>
<doc>This method waits for actionability checks, then tries to scroll element into view,
unless it is completely visible.</doc>
<status status="PASS" start="2026-02-01T04:01:11.682366" elapsed="0.078701"/>
</kw>
<kw name="Click" owner="Browser">
<msg time="2026-02-01T04:01:11.765320" level="INFO">Clicks the element 'xpath=//*[@id="root"]/div/div[3]/div[3]/div[2]/button'.</msg>
<arg>xpath=//*[@id="root"]/div/div[3]/div[${index}]/div[2]/button</arg>
<tag>PageContent</tag>
<tag>Setter</tag>
<doc>Simulates mouse click on the element found by ``selector``.</doc>
<status status="PASS" start="2026-02-01T04:01:11.763469" elapsed="0.121609"/>
</kw>
<kw name="Log To Console" owner="BuiltIn">
<arg>Product ${index} clicked.</arg>
<doc>Logs the given message to the console.</doc>
<status status="PASS" start="2026-02-01T04:01:11.885638" elapsed="0.001049"/>
</kw>
<kw name="Sleep" owner="BuiltIn">
<msg time="2026-02-01T04:01:12.088098" level="INFO">Slept 200 milliseconds.</msg>
<arg>0.2s</arg>
<doc>Pauses the test executed for the given time.</doc>
<status status="PASS" start="2026-02-01T04:01:11.887063" elapsed="0.201273"/>
</kw>
<var name="${index}">3</var>
<status status="PASS" start="2026-02-01T04:01:11.681513" elapsed="0.407096"/>
</iter>
<iter>
<kw name="Scroll To Element" owner="Browser">
<arg>xpath=//*[@id="root"]/div/div[3]/div[${index}]/div[2]/button</arg>
<tag>PageContent</tag>
<tag>Setter</tag>
<doc>This method waits for actionability checks, then tries to scroll element into view,
unless it is completely visible.</doc>
<status status="PASS" start="2026-02-01T04:01:12.089844" elapsed="0.250734"/>
</kw>
<kw name="Click" owner="Browser">
<msg time="2026-02-01T04:01:12.342114" level="INFO">Clicks the element 'xpath=//*[@id="root"]/div/div[3]/div[4]/div[2]/button'.</msg>
<arg>xpath=//*[@id="root"]/div/div[3]/div[${index}]/div[2]/button</arg>
<tag>PageContent</tag>
<tag>Setter</tag>
<doc>Simulates mouse click on the element found by ``selector``.</doc>
<status status="PASS" start="2026-02-01T04:01:12.340992" elapsed="0.134514"/>
</kw>
<kw name="Log To Console" owner="BuiltIn">
<arg>Product ${index} clicked.</arg>
<doc>Logs the given message to the console.</doc>
<status status="PASS" start="2026-02-01T04:01:12.476172" elapsed="0.001207"/>
</kw>
<kw name="Sleep" owner="BuiltIn">
<msg time="2026-02-01T04:01:12.683099" level="INFO">Slept 200 milliseconds.</msg>
<arg>0.2s</arg>
<doc>Pauses the test executed for the given time.</doc>
<status status="PASS" start="2026-02-01T04:01:12.478783" elapsed="0.204526"/>
</kw>
<var name="${index}">4</var>
<status status="PASS" start="2026-02-01T04:01:12.088990" elapsed="0.594459"/>
</iter>
<iter>
<kw name="Scroll To Element" owner="Browser">
<arg>xpath=//*[@id="root"]/div/div[3]/div[${index}]/div[2]/button</arg>
<tag>PageContent</tag>
<tag>Setter</tag>
<doc>This method waits for actionability checks, then tries to scroll element into view,
unless it is completely visible.</doc>
<status status="PASS" start="2026-02-01T04:01:12.684303" elapsed="0.071693"/>
</kw>
<kw name="Click" owner="Browser">
<msg time="2026-02-01T04:01:12.759246" level="INFO">Clicks the element 'xpath=//*[@id="root"]/div/div[3]/div[5]/div[2]/button'.</msg>
<arg>xpath=//*[@id="root"]/div/div[3]/div[${index}]/div[2]/button</arg>
<tag>PageContent</tag>
<tag>Setter</tag>
<doc>Simulates mouse click on the element found by ``selector``.</doc>
<status status="PASS" start="2026-02-01T04:01:12.756763" elapsed="0.218049"/>
</kw>
<kw name="Log To Console" owner="BuiltIn">
<arg>Product ${index} clicked.</arg>
<doc>Logs the given message to the console.</doc>
<status status="PASS" start="2026-02-01T04:01:12.975486" elapsed="0.001075"/>
</kw>
<kw name="Sleep" owner="BuiltIn">
<msg time="2026-02-01T04:01:13.184139" level="INFO">Slept 200 milliseconds.</msg>
<arg>0.2s</arg>
<doc>Pauses the test executed for the given time.</doc>
<status status="PASS" start="2026-02-01T04:01:12.977084" elapsed="0.207266"/>
</kw>
<var name="${index}">5</var>
<status status="PASS" start="2026-02-01T04:01:12.683772" elapsed="0.500726"/>
</iter>
<iter>
<kw name="Scroll To Element" owner="Browser">
<arg>xpath=//*[@id="root"]/div/div[3]/div[${index}]/div[2]/button</arg>
<tag>PageContent</tag>
<tag>Setter</tag>
<doc>This method waits for actionability checks, then tries to scroll element into view,
unless it is completely visible.</doc>
<status status="PASS" start="2026-02-01T04:01:13.185370" elapsed="0.071462"/>
</kw>
<kw name="Click" owner="Browser">
<msg time="2026-02-01T04:01:13.259778" level="INFO">Clicks the element 'xpath=//*[@id="root"]/div/div[3]/div[6]/div[2]/button'.</msg>
<arg>xpath=//*[@id="root"]/div/div[3]/div[${index}]/div[2]/button</arg>
<tag>PageContent</tag>
<tag>Setter</tag>
<doc>Simulates mouse click on the element found by ``selector``.</doc>
<status status="PASS" start="2026-02-01T04:01:13.257519" elapsed="0.081924"/>
</kw>
<kw name="Log To Console" owner="BuiltIn">
<arg>Product ${index} clicked.</arg>
<doc>Logs the given message to the console.</doc>
<status status="PASS" start="2026-02-01T04:01:13.339866" elapsed="0.000683"/>
</kw>
<kw name="Sleep" owner="BuiltIn">
<msg time="2026-02-01T04:01:13.541547" level="INFO">Slept 200 milliseconds.</msg>
<arg>0.2s</arg>
<doc>Pauses the test executed for the given time.</doc>
<status status="PASS" start="2026-02-01T04:01:13.340827" elapsed="0.201074"/>
</kw>
<var name="${index}">6</var>
<status status="PASS" start="2026-02-01T04:01:13.184834" elapsed="0.357282"/>
</iter>
<iter>
<kw name="Scroll To Element" owner="Browser">
<arg>xpath=//*[@id="root"]/div/div[3]/div[${index}]/div[2]/button</arg>
<tag>PageContent</tag>
<tag>Setter</tag>
<doc>This method waits for actionability checks, then tries to scroll element into view,
unless it is completely visible.</doc>
<status status="PASS" start="2026-02-01T04:01:13.543374" elapsed="0.078630"/>
</kw>
<kw name="Click" owner="Browser">
<msg time="2026-02-01T04:01:13.625029" level="INFO">Clicks the element 'xpath=//*[@id="root"]/div/div[3]/div[7]/div[2]/button'.</msg>
<arg>xpath=//*[@id="root"]/div/div[3]/div[${index}]/div[2]/button</arg>
<tag>PageContent</tag>
<tag>Setter</tag>
<doc>Simulates mouse click on the element found by ``selector``.</doc>
<status status="PASS" start="2026-02-01T04:01:13.622616" elapsed="0.085945"/>
</kw>
<kw name="Log To Console" owner="BuiltIn">
<arg>Product ${index} clicked.</arg>
<doc>Logs the given message to the console.</doc>
<status status="PASS" start="2026-02-01T04:01:13.709119" elapsed="0.001077"/>
</kw>
<kw name="Sleep" owner="BuiltIn">
<msg time="2026-02-01T04:01:13.913532" level="INFO">Slept 200 milliseconds.</msg>
<arg>0.2s</arg>
<doc>Pauses the test executed for the given time.</doc>
<status status="PASS" start="2026-02-01T04:01:13.710720" elapsed="0.203148"/>
</kw>
<var name="${index}">7</var>
<status status="PASS" start="2026-02-01T04:01:13.542561" elapsed="0.371761"/>
</iter>
<iter>
<kw name="Scroll To Element" owner="Browser">
<arg>xpath=//*[@id="root"]/div/div[3]/div[${index}]/div[2]/button</arg>
<tag>PageContent</tag>
<tag>Setter</tag>
<doc>This method waits for actionability checks, then tries to scroll element into view,
unless it is completely visible.</doc>
<status status="PASS" start="2026-02-01T04:01:13.916127" elapsed="0.090808"/>
</kw>
<kw name="Click" owner="Browser">
<msg time="2026-02-01T04:01:14.009938" level="INFO">Clicks the element 'xpath=//*[@id="root"]/div/div[3]/div[8]/div[2]/button'.</msg>
<arg>xpath=//*[@id="root"]/div/div[3]/div[${index}]/div[2]/button</arg>
<tag>PageContent</tag>
<tag>Setter</tag>
<doc>Simulates mouse click on the element found by ``selector``.</doc>
<status status="PASS" start="2026-02-01T04:01:14.007627" elapsed="0.102232"/>
</kw>
<kw name="Log To Console" owner="BuiltIn">
<arg>Product ${index} clicked.</arg>
<doc>Logs the given message to the console.</doc>
<status status="PASS" start="2026-02-01T04:01:14.110491" elapsed="0.002214"/>
</kw>
<kw name="Sleep" owner="BuiltIn">
<msg time="2026-02-01T04:01:14.315356" level="INFO">Slept 200 milliseconds.</msg>
<arg>0.2s</arg>
<doc>Pauses the test executed for the given time.</doc>
<status status="PASS" start="2026-02-01T04:01:14.113340" elapsed="0.202226"/>
</kw>
<var name="${index}">8</var>
<status status="PASS" start="2026-02-01T04:01:13.915086" elapsed="0.400836"/>
</iter>
<iter>
<kw name="Scroll To Element" owner="Browser">
<arg>xpath=//*[@id="root"]/div/div[3]/div[${index}]/div[2]/button</arg>
<tag>PageContent</tag>
<tag>Setter</tag>
<doc>This method waits for actionability checks, then tries to scroll element into view,
unless it is completely visible.</doc>
<status status="PASS" start="2026-02-01T04:01:14.317035" elapsed="0.071487"/>
</kw>
<kw name="Click" owner="Browser">
<msg time="2026-02-01T04:01:14.391647" level="INFO">Clicks the element 'xpath=//*[@id="root"]/div/div[3]/div[9]/div[2]/button'.</msg>
<arg>xpath=//*[@id="root"]/div/div[3]/div[${index}]/div[2]/button</arg>
<tag>PageContent</tag>
<tag>Setter</tag>
<doc>Simulates mouse click on the element found by ``selector``.</doc>
<status status="PASS" start="2026-02-01T04:01:14.389504" elapsed="0.085575"/>
</kw>
<kw name="Log To Console" owner="BuiltIn">
<arg>Product ${index} clicked.</arg>
<doc>Logs the given message to the console.</doc>
<status status="PASS" start="2026-02-01T04:01:14.475554" elapsed="0.000996"/>
</kw>
<kw name="Sleep" owner="BuiltIn">
<msg time="2026-02-01T04:01:14.679079" level="INFO">Slept 200 milliseconds.</msg>
<arg>0.2s</arg>
<doc>Pauses the test executed for the given time.</doc>
<status status="PASS" start="2026-02-01T04:01:14.476997" elapsed="0.202862"/>
</kw>
<var name="${index}">9</var>
<status status="PASS" start="2026-02-01T04:01:14.316330" elapsed="0.363812"/>
</iter>
<iter>
<kw name="Scroll To Element" owner="Browser">
<arg>xpath=//*[@id="root"]/div/div[3]/div[${index}]/div[2]/button</arg>
<tag>PageContent</tag>
<tag>Setter</tag>
<doc>This method waits for actionability checks, then tries to scroll element into view,
unless it is completely visible.</doc>
<status status="PASS" start="2026-02-01T04:01:14.681454" elapsed="0.076446"/>
</kw>
<kw name="Click" owner="Browser">
<msg time="2026-02-01T04:01:14.760172" level="INFO">Clicks the element 'xpath=//*[@id="root"]/div/div[3]/div[10]/div[2]/button'.</msg>
<arg>xpath=//*[@id="root"]/div/div[3]/div[${index}]/div[2]/button</arg>
<tag>PageContent</tag>
<tag>Setter</tag>
<doc>Simulates mouse click on the element found by ``selector``.</doc>
<status status="PASS" start="2026-02-01T04:01:14.758477" elapsed="0.085050"/>
</kw>
<kw name="Log To Console" owner="BuiltIn">
<arg>Product ${index} clicked.</arg>
<doc>Logs the given message to the console.</doc>
<status status="PASS" start="2026-02-01T04:01:14.844227" elapsed="0.002728"/>
</kw>
<kw name="Sleep" owner="BuiltIn">
<msg time="2026-02-01T04:01:15.050054" level="INFO">Slept 200 milliseconds.</msg>
<arg>0.2s</arg>
<doc>Pauses the test executed for the given time.</doc>
<status status="PASS" start="2026-02-01T04:01:14.847337" elapsed="0.203084"/>
</kw>
<var name="${index}">10</var>
<status status="PASS" start="2026-02-01T04:01:14.680626" elapsed="0.369989"/>
</iter>
<iter>
<kw name="Scroll To Element" owner="Browser">
<arg>xpath=//*[@id="root"]/div/div[3]/div[${index}]/div[2]/button</arg>
<tag>PageContent</tag>
<tag>Setter</tag>
<doc>This method waits for actionability checks, then tries to scroll element into view,
unless it is completely visible.</doc>
<status status="PASS" start="2026-02-01T04:01:15.052011" elapsed="0.075776"/>
</kw>
<kw name="Click" owner="Browser">
<msg time="2026-02-01T04:01:15.132181" level="INFO">Clicks the element 'xpath=//*[@id="root"]/div/div[3]/div[11]/div[2]/button'.</msg>
<arg>xpath=//*[@id="root"]/div/div[3]/div[${index}]/div[2]/button</arg>
<tag>PageContent</tag>
<tag>Setter</tag>
<doc>Simulates mouse click on the element found by ``selector``.</doc>
<status status="PASS" start="2026-02-01T04:01:15.130450" elapsed="0.095336"/>
</kw>
<kw name="Log To Console" owner="BuiltIn">
<arg>Product ${index} clicked.</arg>
<doc>Logs the given message to the console.</doc>
<status status="PASS" start="2026-02-01T04:01:15.226199" elapsed="0.000739"/>
</kw>
<kw name="Sleep" owner="BuiltIn">
<msg time="2026-02-01T04:01:15.427966" level="INFO">Slept 200 milliseconds.</msg>
<arg>0.2s</arg>
<doc>Pauses the test executed for the given time.</doc>
<status status="PASS" start="2026-02-01T04:01:15.227211" elapsed="0.202882"/>
</kw>
<var name="${index}">11</var>
<status status="PASS" start="2026-02-01T04:01:15.050964" elapsed="0.379491"/>
</iter>
<iter>
<kw name="Scroll To Element" owner="Browser">
<arg>xpath=//*[@id="root"]/div/div[3]/div[${index}]/div[2]/button</arg>
<tag>PageContent</tag>
<tag>Setter</tag>
<doc>This method waits for actionability checks, then tries to scroll element into view,
unless it is completely visible.</doc>
<status status="PASS" start="2026-02-01T04:01:15.432232" elapsed="0.076122"/>
</kw>
<kw name="Click" owner="Browser">
<msg time="2026-02-01T04:01:15.511250" level="INFO">Clicks the element 'xpath=//*[@id="root"]/div/div[3]/div[12]/div[2]/button'.</msg>
<arg>xpath=//*[@id="root"]/div/div[3]/div[${index}]/div[2]/button</arg>
<tag>PageContent</tag>
<tag>Setter</tag>
<doc>Simulates mouse click on the element found by ``selector``.</doc>
<status status="PASS" start="2026-02-01T04:01:15.509161" elapsed="0.099379"/>
</kw>
<kw name="Log To Console" owner="BuiltIn">
<arg>Product ${index} clicked.</arg>
<doc>Logs the given message to the console.</doc>
<status status="PASS" start="2026-02-01T04:01:15.609216" elapsed="0.000826"/>
</kw>
<kw name="Sleep" owner="BuiltIn">
<msg time="2026-02-01T04:01:15.811300" level="INFO">Slept 200 milliseconds.</msg>
<arg>0.2s</arg>
<doc>Pauses the test executed for the given time.</doc>
<status status="PASS" start="2026-02-01T04:01:15.610346" elapsed="0.201203"/>
</kw>
<var name="${index}">12</var>
<status status="PASS" start="2026-02-01T04:01:15.431074" elapsed="0.380756"/>
</iter>
<iter>
<kw name="Scroll To Element" owner="Browser">
<arg>xpath=//*[@id="root"]/div/div[3]/div[${index}]/div[2]/button</arg>
<tag>PageContent</tag>
<tag>Setter</tag>
<doc>This method waits for actionability checks, then tries to scroll element into view,
unless it is completely visible.</doc>
<status status="PASS" start="2026-02-01T04:01:15.813660" elapsed="0.059670"/>
</kw>
<kw name="Click" owner="Browser">
<msg time="2026-02-01T04:01:15.875894" level="INFO">Clicks the element 'xpath=//*[@id="root"]/div/div[3]/div[13]/div[2]/button'.</msg>
<arg>xpath=//*[@id="root"]/div/div[3]/div[${index}]/div[2]/button</arg>
<tag>PageContent</tag>
<tag>Setter</tag>
<doc>Simulates mouse click on the element found by ``selector``.</doc>
<status status="PASS" start="2026-02-01T04:01:15.873952" elapsed="0.102525"/>
</kw>
<kw name="Log To Console" owner="BuiltIn">
<arg>Product ${index} clicked.</arg>
<doc>Logs the given message to the console.</doc>
<status status="PASS" start="2026-02-01T04:01:15.977329" elapsed="0.002518"/>
</kw>
<kw name="Sleep" owner="BuiltIn">
<msg time="2026-02-01T04:01:16.181482" level="INFO">Slept 200 milliseconds.</msg>
<arg>0.2s</arg>
<doc>Pauses the test executed for the given time.</doc>
<status status="PASS" start="2026-02-01T04:01:15.980337" elapsed="0.201416"/>
</kw>
<var name="${index}">13</var>
<status status="PASS" start="2026-02-01T04:01:15.812612" elapsed="0.369321"/>
</iter>
<iter>
<kw name="Scroll To Element" owner="Browser">
<arg>xpath=//*[@id="root"]/div/div[3]/div[${index}]/div[2]/button</arg>
<tag>PageContent</tag>
<tag>Setter</tag>
<doc>This method waits for actionability checks, then tries to scroll element into view,
unless it is completely visible.</doc>
<status status="PASS" start="2026-02-01T04:01:16.183280" elapsed="0.071849"/>
</kw>
<kw name="Click" owner="Browser">
<msg time="2026-02-01T04:01:16.258255" level="INFO">Clicks the element 'xpath=//*[@id="root"]/div/div[3]/div[14]/div[2]/button'.</msg>
<arg>xpath=//*[@id="root"]/div/div[3]/div[${index}]/div[2]/button</arg>
<tag>PageContent</tag>
<tag>Setter</tag>
<doc>Simulates mouse click on the element found by ``selector``.</doc>
<status status="PASS" start="2026-02-01T04:01:16.255906" elapsed="0.075206"/>
</kw>
<kw name="Log To Console" owner="BuiltIn">
<arg>Product ${index} clicked.</arg>
<doc>Logs the given message to the console.</doc>
<status status="PASS" start="2026-02-01T04:01:16.332012" elapsed="0.002172"/>
</kw>
<kw name="Sleep" owner="BuiltIn">
<msg time="2026-02-01T04:01:16.536477" level="INFO">Slept 200 milliseconds.</msg>
<arg>0.2s</arg>
<doc>Pauses the test executed for the given time.</doc>
<status status="PASS" start="2026-02-01T04:01:16.334784" elapsed="0.202053"/>
</kw>
<var name="${index}">14</var>
<status status="PASS" start="2026-02-01T04:01:16.182625" elapsed="0.354431"/>
</iter>
<iter>
<kw name="Scroll To Element" owner="Browser">
<arg>xpath=//*[@id="root"]/div/div[3]/div[${index}]/div[2]/button</arg>
<tag>PageContent</tag>
<tag>Setter</tag>
<doc>This method waits for actionability checks, then tries to scroll element into view,
unless it is completely visible.</doc>
<status status="PASS" start="2026-02-01T04:01:16.538297" elapsed="0.069029"/>
</kw>
<kw name="Click" owner="Browser">
<msg time="2026-02-01T04:01:16.610218" level="INFO">Clicks the element 'xpath=//*[@id="root"]/div/div[3]/div[15]/div[2]/button'.</msg>
<arg>xpath=//*[@id="root"]/div/div[3]/div[${index}]/div[2]/button</arg>
<tag>PageContent</tag>
<tag>Setter</tag>
<doc>Simulates mouse click on the element found by ``selector``.</doc>
<status status="PASS" start="2026-02-01T04:01:16.608024" elapsed="0.074039"/>
</kw>
<kw name="Log To Console" owner="BuiltIn">
<arg>Product ${index} clicked.</arg>
<doc>Logs the given message to the console.</doc>
<status status="PASS" start="2026-02-01T04:01:16.682768" elapsed="0.001647"/>
</kw>
<kw name="Sleep" owner="BuiltIn">
<msg time="2026-02-01T04:01:16.886822" level="INFO">Slept 200 milliseconds.</msg>
<arg>0.2s</arg>
<doc>Pauses the test executed for the given time.</doc>
<status status="PASS" start="2026-02-01T04:01:16.685029" elapsed="0.202191"/>
</kw>
<var name="${index}">15</var>
<status status="PASS" start="2026-02-01T04:01:16.537461" elapsed="0.349969"/>
</iter>
<iter>
<kw name="Scroll To Element" owner="Browser">
<arg>xpath=//*[@id="root"]/div/div[3]/div[${index}]/div[2]/button</arg>
<tag>PageContent</tag>
<tag>Setter</tag>
<doc>This method waits for actionability checks, then tries to scroll element into view,
unless it is completely visible.</doc>
<status status="PASS" start="2026-02-01T04:01:16.888422" elapsed="0.066651"/>
</kw>
<kw name="Click" owner="Browser">
<msg time="2026-02-01T04:01:16.957561" level="INFO">Clicks the element 'xpath=//*[@id="root"]/div/div[3]/div[16]/div[2]/button'.</msg>
<arg>xpath=//*[@id="root"]/div/div[3]/div[${index}]/div[2]/button</arg>
<tag>PageContent</tag>
<tag>Setter</tag>
<doc>Simulates mouse click on the element found by ``selector``.</doc>
<status status="PASS" start="2026-02-01T04:01:16.955497" elapsed="0.082950"/>
</kw>
<kw name="Log To Console" owner="BuiltIn">
<arg>Product ${index} clicked.</arg>
<doc>Logs the given message to the console.</doc>
<status status="PASS" start="2026-02-01T04:01:17.038907" elapsed="0.000843"/>
</kw>
<kw name="Sleep" owner="BuiltIn">
<msg time="2026-02-01T04:01:17.241236" level="INFO">Slept 200 milliseconds.</msg>
<arg>0.2s</arg>
<doc>Pauses the test executed for the given time.</doc>
<status status="PASS" start="2026-02-01T04:01:17.040097" elapsed="0.201442"/>
</kw>
<var name="${index}">16</var>
<status status="PASS" start="2026-02-01T04:01:16.887785" elapsed="0.353979"/>
</iter>
<iter>
<kw name="Scroll To Element" owner="Browser">
<arg>xpath=//*[@id="root"]/div/div[3]/div[${index}]/div[2]/button</arg>
<tag>PageContent</tag>
<tag>Setter</tag>
<doc>This method waits for actionability checks, then tries to scroll element into view,
unless it is completely visible.</doc>
<status status="PASS" start="2026-02-01T04:01:17.243041" elapsed="0.063095"/>
</kw>
<kw name="Click" owner="Browser">
<msg time="2026-02-01T04:01:17.308576" level="INFO">Clicks the element 'xpath=//*[@id="root"]/div/div[3]/div[17]/div[2]/button'.</msg>
<arg>xpath=//*[@id="root"]/div/div[3]/div[${index}]/div[2]/button</arg>
<tag>PageContent</tag>
<tag>Setter</tag>
<doc>Simulates mouse click on the element found by ``selector``.</doc>
<status status="PASS" start="2026-02-01T04:01:17.306700" elapsed="0.086196"/>
</kw>
<kw name="Log To Console" owner="BuiltIn">
<arg>Product ${index} clicked.</arg>
<doc>Logs the given message to the console.</doc>
<status status="PASS" start="2026-02-01T04:01:17.393551" elapsed="0.000999"/>
</kw>
<kw name="Sleep" owner="BuiltIn">
<msg time="2026-02-01T04:01:17.597691" level="INFO">Slept 200 milliseconds.</msg>
<arg>0.2s</arg>
<doc>Pauses the test executed for the given time.</doc>
<status status="PASS" start="2026-02-01T04:01:17.395754" elapsed="0.202390"/>
</kw>
<var name="${index}">17</var>
<status status="PASS" start="2026-02-01T04:01:17.242243" elapsed="0.356095"/>
</iter>
<iter>
<kw name="Scroll To Element" owner="Browser">
<arg>xpath=//*[@id="root"]/div/div[3]/div[${index}]/div[2]/button</arg>
<tag>PageContent</tag>
<tag>Setter</tag>
<doc>This method waits for actionability checks, then tries to scroll element into view,
unless it is completely visible.</doc>
<status status="PASS" start="2026-02-01T04:01:17.599601" elapsed="0.072707"/>
</kw>
<kw name="Click" owner="Browser">
<msg time="2026-02-01T04:01:17.674600" level="INFO">Clicks the element 'xpath=//*[@id="root"]/div/div[3]/div[18]/div[2]/button'.</msg>
<arg>xpath=//*[@id="root"]/div/div[3]/div[${index}]/div[2]/button</arg>
<tag>PageContent</tag>
<tag>Setter</tag>
<doc>Simulates mouse click on the element found by ``selector``.</doc>
<status status="PASS" start="2026-02-01T04:01:17.672665" elapsed="0.081413"/>
</kw>
<kw name="Log To Console" owner="BuiltIn">
<arg>Product ${index} clicked.</arg>
<doc>Logs the given message to the console.</doc>
<status status="PASS" start="2026-02-01T04:01:17.754510" elapsed="0.000974"/>
</kw>
<kw name="Sleep" owner="BuiltIn">
<msg time="2026-02-01T04:01:17.957936" level="INFO">Slept 200 milliseconds.</msg>
<arg>0.2s</arg>
<doc>Pauses the test executed for the given time.</doc>
<status status="PASS" start="2026-02-01T04:01:17.756251" elapsed="0.201986"/>
</kw>
<var name="${index}">18</var>
<status status="PASS" start="2026-02-01T04:01:17.598704" elapsed="0.359715"/>
</iter>
<iter>
<kw name="Scroll To Element" owner="Browser">
<arg>xpath=//*[@id="root"]/div/div[3]/div[${index}]/div[2]/button</arg>
<tag>PageContent</tag>
<tag>Setter</tag>
<doc>This method waits for actionability checks, then tries to scroll element into view,
unless it is completely visible.</doc>
<status status="PASS" start="2026-02-01T04:01:17.959427" elapsed="0.062945"/>
</kw>
<kw name="Click" owner="Browser">
<msg time="2026-02-01T04:01:18.025796" level="INFO">Clicks the element 'xpath=//*[@id="root"]/div/div[3]/div[19]/div[2]/button'.</msg>
<arg>xpath=//*[@id="root"]/div/div[3]/div[${index}]/div[2]/button</arg>
<tag>PageContent</tag>
<tag>Setter</tag>
<doc>Simulates mouse click on the element found by ``selector``.</doc>
<status status="PASS" start="2026-02-01T04:01:18.023659" elapsed="0.072531"/>
</kw>
<kw name="Log To Console" owner="BuiltIn">
<arg>Product ${index} clicked.</arg>
<doc>Logs the given message to the console.</doc>
<status status="PASS" start="2026-02-01T04:01:18.096893" elapsed="0.000800"/>
</kw>
<kw name="Sleep" owner="BuiltIn">
<msg time="2026-02-01T04:01:18.299379" level="INFO">Slept 200 milliseconds.</msg>
<arg>0.2s</arg>
<doc>Pauses the test executed for the given time.</doc>
<status status="PASS" start="2026-02-01T04:01:18.098053" elapsed="0.201653"/>
</kw>
<var name="${index}">19</var>
<status status="PASS" start="2026-02-01T04:01:17.958780" elapsed="0.341174"/>
</iter>
<iter>
<kw name="Scroll To Element" owner="Browser">
<arg>xpath=//*[@id="root"]/div/div[3]/div[${index}]/div[2]/button</arg>
<tag>PageContent</tag>
<tag>Setter</tag>
<doc>This method waits for actionability checks, then tries to scroll element into view,
unless it is completely visible.</doc>
<status status="PASS" start="2026-02-01T04:01:18.301693" elapsed="0.069538"/>
</kw>
<kw name="Click" owner="Browser">
<msg time="2026-02-01T04:01:18.373157" level="INFO">Clicks the element 'xpath=//*[@id="root"]/div/div[3]/div[20]/div[2]/button'.</msg>
<arg>xpath=//*[@id="root"]/div/div[3]/div[${index}]/div[2]/button</arg>
<tag>PageContent</tag>
<tag>Setter</tag>
<doc>Simulates mouse click on the element found by ``selector``.</doc>
<status status="PASS" start="2026-02-01T04:01:18.371740" elapsed="0.084850"/>
</kw>
<kw name="Log To Console" owner="BuiltIn">
<arg>Product ${index} clicked.</arg>
<doc>Logs the given message to the console.</doc>
<status status="PASS" start="2026-02-01T04:01:18.457208" elapsed="0.001241"/>
</kw>
<kw name="Sleep" owner="BuiltIn">
<msg time="2026-02-01T04:01:18.659918" level="INFO">Slept 200 milliseconds.</msg>
<arg>0.2s</arg>
<doc>Pauses the test executed for the given time.</doc>
<status status="PASS" start="2026-02-01T04:01:18.458926" elapsed="0.201237"/>
</kw>
<var name="${index}">20</var>
<status status="PASS" start="2026-02-01T04:01:18.300539" elapsed="0.359792"/>
</iter>
<iter>
<kw name="Scroll To Element" owner="Browser">
<arg>xpath=//*[@id="root"]/div/div[3]/div[${index}]/div[2]/button</arg>
<tag>PageContent</tag>
<tag>Setter</tag>
<doc>This method waits for actionability checks, then tries to scroll element into view,
unless it is completely visible.</doc>
<status status="PASS" start="2026-02-01T04:01:18.661396" elapsed="0.060765"/>
</kw>
<kw name="Click" owner="Browser">
<msg time="2026-02-01T04:01:18.725223" level="INFO">Clicks the element 'xpath=//*[@id="root"]/div/div[3]/div[21]/div[2]/button'.</msg>
<arg>xpath=//*[@id="root"]/div/div[3]/div[${index}]/div[2]/button</arg>
<tag>PageContent</tag>
<tag>Setter</tag>
<doc>Simulates mouse click on the element found by ``selector``.</doc>
<status status="PASS" start="2026-02-01T04:01:18.722824" elapsed="0.100008"/>
</kw>
<kw name="Log To Console" owner="BuiltIn">
<arg>Product ${index} clicked.</arg>
<doc>Logs the given message to the console.</doc>
<status status="PASS" start="2026-02-01T04:01:18.823441" elapsed="0.001163"/>
</kw>
<kw name="Sleep" owner="BuiltIn">
<msg time="2026-02-01T04:01:19.026634" level="INFO">Slept 200 milliseconds.</msg>
<arg>0.2s</arg>
<doc>Pauses the test executed for the given time.</doc>
<status status="PASS" start="2026-02-01T04:01:18.825143" elapsed="0.201995"/>
</kw>
<var name="${index}">21</var>
<status status="PASS" start="2026-02-01T04:01:18.660707" elapsed="0.366857"/>
</iter>
<iter>
<kw name="Scroll To Element" owner="Browser">
<arg>xpath=//*[@id="root"]/div/div[3]/div[${index}]/div[2]/button</arg>
<tag>PageContent</tag>
<tag>Setter</tag>
<doc>This method waits for actionability checks, then tries to scroll element into view,
unless it is completely visible.</doc>
<status status="PASS" start="2026-02-01T04:01:19.031232" elapsed="0.056820"/>
</kw>
<kw name="Click" owner="Browser">
<msg time="2026-02-01T04:01:19.090901" level="INFO">Clicks the element 'xpath=//*[@id="root"]/div/div[3]/div[22]/div[2]/button'.</msg>
<arg>xpath=//*[@id="root"]/div/div[3]/div[${index}]/div[2]/button</arg>
<tag>PageContent</tag>
<tag>Setter</tag>
<doc>Simulates mouse click on the element found by ``selector``.</doc>
<status status="PASS" start="2026-02-01T04:01:19.088758" elapsed="0.084121"/>
</kw>
<kw name="Log To Console" owner="BuiltIn">
<arg>Product ${index} clicked.</arg>
<doc>Logs the given message to the console.</doc>
<status status="PASS" start="2026-02-01T04:01:19.173329" elapsed="0.001045"/>
</kw>
<kw name="Sleep" owner="BuiltIn">
<msg time="2026-02-01T04:01:19.376019" level="INFO">Slept 200 milliseconds.</msg>
<arg>0.2s</arg>
<doc>Pauses the test executed for the given time.</doc>
<status status="PASS" start="2026-02-01T04:01:19.174909" elapsed="0.201556"/>
</kw>
<var name="${index}">22</var>
<status status="PASS" start="2026-02-01T04:01:19.028213" elapsed="0.348572"/>
</iter>
<iter>
<kw name="Scroll To Element" owner="Browser">
<arg>xpath=//*[@id="root"]/div/div[3]/div[${index}]/div[2]/button</arg>
<tag>PageContent</tag>
<tag>Setter</tag>
<doc>This method waits for actionability checks, then tries to scroll element into view,
unless it is completely visible.</doc>
<status status="PASS" start="2026-02-01T04:01:19.378412" elapsed="0.060937"/>
</kw>
<kw name="Click" owner="Browser">
<msg time="2026-02-01T04:01:19.441790" level="INFO">Clicks the element 'xpath=//*[@id="root"]/div/div[3]/div[23]/div[2]/button'.</msg>
<arg>xpath=//*[@id="root"]/div/div[3]/div[${index}]/div[2]/button</arg>
<tag>PageContent</tag>
<tag>Setter</tag>
<doc>Simulates mouse click on the element found by ``selector``.</doc>
<status status="PASS" start="2026-02-01T04:01:19.440107" elapsed="0.068533"/>
</kw>
<kw name="Log To Console" owner="BuiltIn">
<arg>Product ${index} clicked.</arg>
<doc>Logs the given message to the console.</doc>
<status status="PASS" start="2026-02-01T04:01:19.509270" elapsed="0.001217"/>
</kw>
<kw name="Sleep" owner="BuiltIn">
<msg time="2026-02-01T04:01:19.713307" level="INFO">Slept 200 milliseconds.</msg>
<arg>0.2s</arg>
<doc>Pauses the test executed for the given time.</doc>
<status status="PASS" start="2026-02-01T04:01:19.511058" elapsed="0.202661"/>
</kw>
<var name="${index}">23</var>
<status status="PASS" start="2026-02-01T04:01:19.377454" elapsed="0.336468"/>
</iter>
<var>${index}</var>
<value>1</value>
<value>24</value>
<status status="PASS" start="2026-02-01T04:01:10.897953" elapsed="8.816203"/>
</for>
<kw name="Log To Console" owner="BuiltIn">
<arg>✅ All 23 products clicked successfully.</arg>
<doc>Logs the given message to the console.</doc>
<status status="PASS" start="2026-02-01T04:01:19.714629" elapsed="0.000890"/>
</kw>
<status status="PASS" start="2026-02-01T04:01:10.502806" elapsed="9.212951"/>
</branch>
<branch type="ELSE">
<kw name="Log To Console" owner="BuiltIn">
<arg>❌ Shop page failed to load</arg>
[...]
<kw name="Log To Console" owner="BuiltIn">
<arg>❌ Skipping: ${text} (Cleaned: ${clean})</arg>
<doc>Logs the given message to the console.</doc>
<status status="NOT RUN" start="2026-02-01T04:02:12.268729" elapsed="0.000302"/>
</kw>
<status status="NOT RUN" start="2026-02-01T04:02:12.268018" elapsed="0.001177"/>
</branch>
<status status="PASS" start="2026-02-01T04:02:12.264528" elapsed="0.004818"/>
</if>
<var name="${i}">21</var>
<status status="PASS" start="2026-02-01T04:02:12.219737" elapsed="0.049729"/>
</iter>
<iter>
<kw name="Set Variable" owner="BuiltIn">
<msg time="2026-02-01T04:02:12.271334" level="INFO">${current_xpath} = xpath=//*[@id="root"]/div/div/div[22]/p</msg>
<var>${current_xpath}</var>
<arg>xpath=//*[@id="root"]/div/div/div[${i}]/p</arg>
<doc>Returns the given values which can then be assigned to a variables.</doc>
<status status="PASS" start="2026-02-01T04:02:12.270603" elapsed="0.000834"/>
</kw>
<kw name="Get Text" owner="Browser">
<msg time="2026-02-01T04:02:12.300059" level="INFO">Text: 'R899.99'</msg>
<msg time="2026-02-01T04:02:12.300381" level="INFO">${text} = R899.99</msg>
<var>${text}</var>
<arg>${current_xpath}</arg>
<tag>Assertion</tag>
<tag>Getter</tag>
<tag>PageContent</tag>
<doc>Returns text attribute of the element found by ``selector``.</doc>
<status status="PASS" start="2026-02-01T04:02:12.271938" elapsed="0.028516"/>
</kw>
<kw name="Log To Console" owner="BuiltIn">
<arg>Index ${i} raw text: ${text}</arg>
<doc>Logs the given message to the console.</doc>
<status status="PASS" start="2026-02-01T04:02:12.300839" elapsed="0.001075"/>
</kw>
<kw name="Evaluate" owner="BuiltIn">
<msg time="2026-02-01T04:02:12.303714" level="INFO">${clean} = 899.99</msg>
<var>${clean}</var>
<arg>re.sub(r'[^0-9.]', '', """${text}""")</arg>
<arg>modules=re</arg>
<doc>Evaluates the given expression in Python and returns the result.</doc>
<status status="PASS" start="2026-02-01T04:02:12.302315" elapsed="0.001539"/>
</kw>
<kw name="Log To Console" owner="BuiltIn">
<arg>Cleaned value: ${clean}</arg>
<doc>Logs the given message to the console.</doc>
<status status="PASS" start="2026-02-01T04:02:12.304614" elapsed="0.001101"/>
</kw>
<kw name="Evaluate" owner="BuiltIn">
<msg time="2026-02-01T04:02:12.307585" level="INFO">${found_price} = True</msg>
<var>${found_price}</var>
<arg>re.search(r"\\d+\\.\\d{2}", """${clean}""") is not None</arg>
<arg>modules=re</arg>
<doc>Evaluates the given expression in Python and returns the result.</doc>
<status status="PASS" start="2026-02-01T04:02:12.306233" elapsed="0.001472"/>
</kw>
<if>
<branch type="IF" condition="${found_price}">
<kw name="Log To Console" owner="BuiltIn">
<arg>✅ Adding price: ${clean}</arg>
<doc>Logs the given message to the console.</doc>
<status status="PASS" start="2026-02-01T04:02:12.308969" elapsed="0.000979"/>
</kw>
<kw name="Evaluate" owner="BuiltIn">
<msg time="2026-02-01T04:02:12.312080" level="INFO">${total} = 29279.790000000008</msg>
<var>${total}</var>
<arg>${total} + float(${clean})</arg>
<doc>Evaluates the given expression in Python and returns the result.</doc>
<status status="PASS" start="2026-02-01T04:02:12.310413" elapsed="0.001805"/>
</kw>
<status status="PASS" start="2026-02-01T04:02:12.308061" elapsed="0.004368"/>
</branch>
<branch type="ELSE">
<kw name="Log To Console" owner="BuiltIn">
<arg>❌ Skipping: ${text} (Cleaned: ${clean})</arg>
<doc>Logs the given message to the console.</doc>
<status status="NOT RUN" start="2026-02-01T04:02:12.313175" elapsed="0.000316"/>
</kw>
<status status="NOT RUN" start="2026-02-01T04:02:12.312600" elapsed="0.001207"/>
</branch>
<status status="PASS" start="2026-02-01T04:02:12.307988" elapsed="0.005997"/>
</if>
<var name="${i}">22</var>
<status status="PASS" start="2026-02-01T04:02:12.270043" elapsed="0.044075"/>
</iter>
<iter>
<kw name="Set Variable" owner="BuiltIn">
<msg time="2026-02-01T04:02:12.316064" level="INFO">${current_xpath} = xpath=//*[@id="root"]/div/div/div[23]/p</msg>
<var>${current_xpath}</var>
<arg>xpath=//*[@id="root"]/div/div/div[${i}]/p</arg>
<doc>Returns the given values which can then be assigned to a variables.</doc>
<status status="PASS" start="2026-02-01T04:02:12.315430" elapsed="0.000701"/>
</kw>
<kw name="Get Text" owner="Browser">
<msg time="2026-02-01T04:02:12.345616" level="INFO">Text: 'R3299.99'</msg>
<msg time="2026-02-01T04:02:12.345965" level="INFO">${text} = R3299.99</msg>
<var>${text}</var>
<arg>${current_xpath}</arg>
<tag>Assertion</tag>
<tag>Getter</tag>
<tag>PageContent</tag>
<doc>Returns text attribute of the element found by ``selector``.</doc>
<status status="PASS" start="2026-02-01T04:02:12.316517" elapsed="0.029550"/>
</kw>
<kw name="Log To Console" owner="BuiltIn">
<arg>Index ${i} raw text: ${text}</arg>
<doc>Logs the given message to the console.</doc>
<status status="PASS" start="2026-02-01T04:02:12.346614" elapsed="0.001275"/>
</kw>
<kw name="Evaluate" owner="BuiltIn">
<msg time="2026-02-01T04:02:12.349777" level="INFO">${clean} = 3299.99</msg>
<var>${clean}</var>
<arg>re.sub(r'[^0-9.]', '', """${text}""")</arg>
<arg>modules=re</arg>
<doc>Evaluates the given expression in Python and returns the result.</doc>
<status status="PASS" start="2026-02-01T04:02:12.348450" elapsed="0.001451"/>
</kw>
<kw name="Log To Console" owner="BuiltIn">
<arg>Cleaned value: ${clean}</arg>
<doc>Logs the given message to the console.</doc>
<status status="PASS" start="2026-02-01T04:02:12.350419" elapsed="0.000748"/>
</kw>
<kw name="Evaluate" owner="BuiltIn">
<msg time="2026-02-01T04:02:12.352445" level="INFO">${found_price} = True</msg>
<var>${found_price}</var>
<arg>re.search(r"\\d+\\.\\d{2}", """${clean}""") is not None</arg>
<arg>modules=re</arg>
<doc>Evaluates the given expression in Python and returns the result.</doc>
<status status="PASS" start="2026-02-01T04:02:12.351495" elapsed="0.001053"/>
</kw>
<if>
<branch type="IF" condition="${found_price}">
<kw name="Log To Console" owner="BuiltIn">
<arg>✅ Adding price: ${clean}</arg>
<doc>Logs the given message to the console.</doc>
<status status="PASS" start="2026-02-01T04:02:12.353413" elapsed="0.000607"/>
</kw>
<kw name="Evaluate" owner="BuiltIn">
<msg time="2026-02-01T04:02:12.355291" level="INFO">${total} = 32579.780000000006</msg>
<var>${total}</var>
<arg>${total} + float(${clean})</arg>
<doc>Evaluates the given expression in Python and returns the result.</doc>
<status status="PASS" start="2026-02-01T04:02:12.354322" elapsed="0.001089"/>
</kw>
<status status="PASS" start="2026-02-01T04:02:12.352806" elapsed="0.002803"/>
</branch>
<branch type="ELSE">
<kw name="Log To Console" owner="BuiltIn">
<arg>❌ Skipping: ${text} (Cleaned: ${clean})</arg>
<doc>Logs the given message to the console.</doc>
<status status="NOT RUN" start="2026-02-01T04:02:12.356556" elapsed="0.000416"/>
</kw>
<status status="NOT RUN" start="2026-02-01T04:02:12.355792" elapsed="0.001366"/>
</branch>
<status status="PASS" start="2026-02-01T04:02:12.352753" elapsed="0.004626"/>
</if>
<var name="${i}">23</var>
<status status="PASS" start="2026-02-01T04:02:12.314820" elapsed="0.042637"/>
</iter>
<iter>
<kw name="Set Variable" owner="BuiltIn">
<msg time="2026-02-01T04:02:12.359215" level="INFO">${current_xpath} = xpath=//*[@id="root"]/div/div/div[24]/p</msg>
<var>${current_xpath}</var>
<arg>xpath=//*[@id="root"]/div/div/div[${i}]/p</arg>
<doc>Returns the given values which can then be assigned to a variables.</doc>
<status status="PASS" start="2026-02-01T04:02:12.358488" elapsed="0.000823"/>
</kw>
<kw name="Get Text" owner="Browser">
<msg time="2026-02-01T04:02:12.392867" level="INFO">Text: 'R7499.99'</msg>
<msg time="2026-02-01T04:02:12.393197" level="INFO">${text} = R7499.99</msg>
<var>${text}</var>
<arg>${current_xpath}</arg>
<tag>Assertion</tag>
<tag>Getter</tag>
<tag>PageContent</tag>
<doc>Returns text attribute of the element found by ``selector``.</doc>
<status status="PASS" start="2026-02-01T04:02:12.359727" elapsed="0.033543"/>
</kw>
<kw name="Log To Console" owner="BuiltIn">
<arg>Index ${i} raw text: ${text}</arg>
<doc>Logs the given message to the console.</doc>
<status status="PASS" start="2026-02-01T04:02:12.393937" elapsed="0.001324"/>
</kw>
<kw name="Evaluate" owner="BuiltIn">
<msg time="2026-02-01T04:02:12.396595" level="INFO">${clean} = 7499.99</msg>
<var>${clean}</var>
<arg>re.sub(r'[^0-9.]', '', """${text}""")</arg>
<arg>modules=re</arg>
<doc>Evaluates the given expression in Python and returns the result.</doc>
<status status="PASS" start="2026-02-01T04:02:12.395472" elapsed="0.001228"/>
</kw>
<kw name="Log To Console" owner="BuiltIn">
<arg>Cleaned value: ${clean}</arg>
<doc>Logs the given message to the console.</doc>
<status status="PASS" start="2026-02-01T04:02:12.397458" elapsed="0.001676"/>
</kw>
<kw name="Evaluate" owner="BuiltIn">
<msg time="2026-02-01T04:02:12.402052" level="INFO">${found_price} = True</msg>
<var>${found_price}</var>
<arg>re.search(r"\\d+\\.\\d{2}", """${clean}""") is not None</arg>
<arg>modules=re</arg>
<doc>Evaluates the given expression in Python and returns the result.</doc>
<status status="PASS" start="2026-02-01T04:02:12.399779" elapsed="0.002412"/>
</kw>
<if>
<branch type="IF" condition="${found_price}">
<kw name="Log To Console" owner="BuiltIn">
<arg>✅ Adding price: ${clean}</arg>
<doc>Logs the given message to the console.</doc>
<status status="PASS" start="2026-02-01T04:02:12.403625" elapsed="0.000954"/>
</kw>
<kw name="Evaluate" owner="BuiltIn">
<msg time="2026-02-01T04:02:12.406446" level="INFO">${total} = 40079.770000000004</msg>
<var>${total}</var>
<arg>${total} + float(${clean})</arg>
<doc>Evaluates the given expression in Python and returns the result.</doc>
<status status="PASS" start="2026-02-01T04:02:12.405049" elapsed="0.001500"/>
</kw>
<status status="PASS" start="2026-02-01T04:02:12.402607" elapsed="0.004130"/>
</branch>
<branch type="ELSE">
<kw name="Log To Console" owner="BuiltIn">
<arg>❌ Skipping: ${text} (Cleaned: ${clean})</arg>
<doc>Logs the given message to the console.</doc>
<status status="NOT RUN" start="2026-02-01T04:02:12.407622" elapsed="0.000381"/>
</kw>
<status status="NOT RUN" start="2026-02-01T04:02:12.406913" elapsed="0.001280"/>
</branch>
<status status="PASS" start="2026-02-01T04:02:12.402523" elapsed="0.005799"/>
</if>
<var name="${i}">24</var>
<status status="PASS" start="2026-02-01T04:02:12.357931" elapsed="0.050494"/>
</iter>
<var>${i}</var>
<value>2</value>
<value>25</value>
<status status="PASS" start="2026-02-01T04:02:11.204542" elapsed="1.204077"/>
</for>
<kw name="Evaluate" owner="BuiltIn">
<msg time="2026-02-01T04:02:12.410302" level="INFO">${formatted_total} = 40079.77</msg>
<var>${formatted_total}</var>
<arg>"{:.2f}".format(${total})</arg>
<doc>Evaluates the given expression in Python and returns the result.</doc>
<status status="PASS" start="2026-02-01T04:02:12.409107" elapsed="0.001317"/>
</kw>
<kw name="Log To Console" owner="BuiltIn">
<arg>==============================</arg>
<doc>Logs the given message to the console.</doc>
<status status="PASS" start="2026-02-01T04:02:12.410881" elapsed="0.001060"/>
</kw>
<kw name="Log To Console" owner="BuiltIn">
<arg>🏁 Final Calculated Total: R${formatted_total}</arg>
<doc>Logs the given message to the console.</doc>
<status status="PASS" start="2026-02-01T04:02:12.412467" elapsed="0.002573"/>
</kw>
<kw name="Log To Console" owner="BuiltIn">
<arg>==============================</arg>
<doc>Logs the given message to the console.</doc>
<status status="PASS" start="2026-02-01T04:02:12.416192" elapsed="0.000947"/>
</kw>
<kw name="Get Text" owner="Browser">
<msg time="2026-02-01T04:02:12.451289" level="INFO">Text: 'R40079.77'</msg>
<msg time="2026-02-01T04:02:12.451739" level="INFO">${ui_total_text} = R40079.77</msg>
<var>${ui_total_text}</var>
<arg>xpath=//*[@id="root"]/div/div/div[25]/div/div/div[2]/span[2]</arg>
<tag>Assertion</tag>
<tag>Getter</tag>
<tag>PageContent</tag>
<doc>Returns text attribute of the element found by ``selector``.</doc>
<status status="PASS" start="2026-02-01T04:02:12.417527" elapsed="0.034329"/>
</kw>
<kw name="Log To Console" owner="BuiltIn">
<arg>Cart UI shows: ${ui_total_text}</arg>
<doc>Logs the given message to the console.</doc>
<status status="PASS" start="2026-02-01T04:02:12.452442" elapsed="0.001420"/>
</kw>
<kw name="Evaluate" owner="BuiltIn">
<msg time="2026-02-01T04:02:12.455939" level="INFO">${ui_clean} = 40079.77</msg>
<var>${ui_clean}</var>
<arg>re.sub(r'[^0-9.]', '', """${ui_total_text}""")</arg>
<arg>modules=re</arg>
<doc>Evaluates the given expression in Python and returns the result.</doc>
<status status="PASS" start="2026-02-01T04:02:12.454489" elapsed="0.001575"/>
</kw>
<kw name="Convert To Number" owner="BuiltIn">
<msg time="2026-02-01T04:02:12.458280" level="INFO">${ui_total} = 40079.77</msg>
<var>${ui_total}</var>
<arg>${ui_clean}</arg>
<doc>Converts the given item to a floating point number.</doc>
<status status="PASS" start="2026-02-01T04:02:12.456667" elapsed="0.001757"/>
</kw>
<kw name="Evaluate" owner="BuiltIn">
<msg time="2026-02-01T04:02:12.460027" level="INFO">${formatted_ui_total} = 40079.77</msg>
<var>${formatted_ui_total}</var>
<arg>"{:.2f}".format(${ui_total})</arg>
<doc>Evaluates the given expression in Python and returns the result.</doc>
<status status="PASS" start="2026-02-01T04:02:12.458871" elapsed="0.001265"/>
</kw>
<kw name="Log To Console" owner="BuiltIn">
<arg>Formatted Cart UI Total: R${formatted_ui_total}</arg>
<doc>Logs the given message to the console.</doc>
<status status="PASS" start="2026-02-01T04:02:12.460584" elapsed="0.000948"/>
</kw>
<kw name="Should Be Equal" owner="BuiltIn">
<arg>${formatted_total}</arg>
<arg>${formatted_ui_total}</arg>
<doc>Fails if the given objects are unequal.</doc>
<status status="PASS" start="2026-02-01T04:02:12.462096" elapsed="0.001622"/>
</kw>
<kw name="Log To Console" owner="BuiltIn">
<arg>🟢 Cart total matches UI (both R${formatted_total})</arg>
<doc>Logs the given message to the console.</doc>
<status status="PASS" start="2026-02-01T04:02:12.464378" elapsed="0.001240"/>
</kw>
<if>
<branch type="IF" condition="'${formatted_total}' == '${formatted_ui_total}'">
<kw name="Log To Console" owner="BuiltIn">
<arg>🟢 Cart total matches UI (R${formatted_total})</arg>
<doc>Logs the given message to the console.</doc>
<status status="PASS" start="2026-02-01T04:02:12.467891" elapsed="0.001019"/>
</kw>
<kw name="Take Screenshot" owner="screenshot">
<kw name="Take Screenshot" owner="Browser">
<msg time="2026-02-01T04:02:12.669845" level="INFO" html="true">&lt;/td&gt;&lt;/tr&gt;&lt;tr&gt;&lt;td colspan="3"&gt;&lt;a href="browser/screenshot/robotframework-browser-screenshot-25.png" target="_blank"&gt;&lt;img src="browser/screenshot/robotframework-browser-screenshot-25.png" width="800px"/&gt;&lt;/a&gt;</msg>
<arg>return_as=bytes</arg>
<tag>PageContent</tag>
<doc>Takes a screenshot of the current window or element and saves it to disk.</doc>
<status status="PASS" start="2026-02-01T04:02:12.471078" elapsed="0.199176"/>
</kw>
<msg time="2026-02-01T04:02:12.672796" level="INFO">Screenshot saved to: C:\Users\arenaho.muhali\PycharmProjects\MUHALI_ARENAHO_HOLDINGS\Web Playwright\screenshots\2026-02-01\04-02-12-470.png</msg>
<doc>Captured as 'screenshot.Take Screenshot' in Robot Framework.
Saves to: C:\Users\arenaho.muhali\PycharmProjects\MUHALI_ARENAHO_HOLDINGS\Web Playwright\screenshots\YYYY-MM-DD\</doc>
<status status="PASS" start="2026-02-01T04:02:12.469341" elapsed="0.203683"/>
</kw>
<status status="PASS" start="2026-02-01T04:02:12.466287" elapsed="0.206931"/>
</branch>
<branch type="ELSE">
<kw name="Log To Console" owner="BuiltIn">
<arg>🔴 Cart total mismatch! Expected UI: R${formatted_ui_total}, Calculated: R${formatted_total}</arg>
<doc>Logs the given message to the console.</doc>
<status status="NOT RUN" start="2026-02-01T04:02:12.674243" elapsed="0.000464"/>
</kw>
<kw name="Take Screenshot" owner="screenshot">
<doc>Captured as 'screenshot.Take Screenshot' in Robot Framework.
Saves to: C:\Users\arenaho.muhali\PycharmProjects\MUHALI_ARENAHO_HOLDINGS\Web Playwright\screenshots\YYYY-MM-DD\</doc>
<status status="NOT RUN" start="2026-02-01T04:02:12.675095" elapsed="0.000303"/>
</kw>
<kw name="Fail" owner="BuiltIn">
<arg>Cart total did not match UI</arg>
<doc>Fails the test with the given message and optionally alters its tags.</doc>
<status status="NOT RUN" start="2026-02-01T04:02:12.675688" elapsed="0.000253"/>
</kw>
<status status="NOT RUN" start="2026-02-01T04:02:12.673343" elapsed="0.002724"/>
</branch>
<status status="PASS" start="2026-02-01T04:02:12.466179" elapsed="0.209992"/>
</if>
<kw name="Sleep" owner="BuiltIn">
<msg time="2026-02-01T04:02:22.677796" level="INFO">Slept 10 seconds.</msg>
<arg>10s</arg>
<doc>Pauses the test executed for the given time.</doc>
<status status="PASS" start="2026-02-01T04:02:12.676404" elapsed="10.001637"/>
</kw>
<return>
<value>${formatted_total}</value>
<status status="PASS" start="2026-02-01T04:02:22.679380" elapsed="0.003674"/>
</return>
<status status="PASS" start="2026-02-01T04:02:11.199556" elapsed="11.484241"/>
</kw>
<kw name="Close Browser" owner="Browser" type="TEARDOWN">
<msg time="2026-02-01T04:02:23.575266" level="INFO">Closed browser</msg>
<tag>BrowserControl</tag>
<tag>Setter</tag>
<doc>Closes the current browser.</doc>
<status status="PASS" start="2026-02-01T04:02:22.684617" elapsed="0.891224"/>
</kw>
<status status="PASS" start="2026-02-01T04:01:25.048255" elapsed="58.527937"/>
</test>
<status status="PASS" start="2026-02-01T03:59:43.848849" elapsed="159.763839"/>
</suite>
<statistics>
<total>
<stat pass="3" fail="0" skip="0">All Tests</stat>
</total>
<tag>
</tag>
<suite>
<stat name="Main" id="s1" pass="3" fail="0" skip="0">Main</stat>
</suite>
</statistics>
<errors>
<msg time="2026-02-01T03:59:44.576040" level="ERROR">Error in file 'C:\Users\arenaho.muhali\PycharmProjects\MUHALI_ARENAHO_HOLDINGS\Web Playwright\Test Cases\LoginTest.robot' on line 3: Initializing library 'Browser' with arguments [ enable_auto_screenshot=False ] failed: ValueError: Browser library does not accept positional arguments.
Traceback (most recent call last):
  File "C:\Users\arenaho.muhali\PycharmProjects\MUHALI_ARENAHO_HOLDINGS\.venv\Lib\site-packages\Browser\browser.py", line 841, in __init__
    raise ValueError("Browser library does not accept positional arguments.")
ValueError: Browser library does not accept positional arguments.</msg>
<msg time="2026-02-01T03:59:44.665751" level="ERROR">Error in file 'C:\Users\arenaho.muhali\PycharmProjects\MUHALI_ARENAHO_HOLDINGS\Web Playwright\Test Cases\purchase.robot' on line 3: Initializing library 'Browser' with arguments [ enable_auto_screenshot=False ] failed: ValueError: Browser library does not accept positional arguments.
Traceback (most recent call last):
  File "C:\Users\arenaho.muhali\PycharmProjects\MUHALI_ARENAHO_HOLDINGS\.venv\Lib\site-packages\Browser\browser.py", line 841, in __init__
    raise ValueError("Browser library does not accept positional arguments.")
ValueError: Browser library does not accept positional arguments.</msg>
<msg time="2026-02-01T03:59:44.670380" level="WARN">Error in file 'C:\Users\arenaho.muhali\PycharmProjects\MUHALI_ARENAHO_HOLDINGS\Web Playwright\Test Cases\cart.robot' on line 73: The '[Return]' setting is deprecated. Use the 'RETURN' statement instead.</msg>
<msg time="2026-02-01T03:59:44.672068" level="ERROR">Error in file 'C:\Users\arenaho.muhali\PycharmProjects\MUHALI_ARENAHO_HOLDINGS\Web Playwright\Test Cases\cart.robot' on line 2: Initializing library 'Browser' with arguments [ enable_auto_screenshot=False ] failed: ValueError: Browser library does not accept positional arguments.
Traceback (most recent call last):
  File "C:\Users\arenaho.muhali\PycharmProjects\MUHALI_ARENAHO_HOLDINGS\.venv\Lib\site-packages\Browser\browser.py", line 841, in __init__
    raise ValueError("Browser library does not accept positional arguments.")
ValueError: Browser library does not accept positional arguments.</msg>
</errors>
</robot>
