<?xml version="1.0" encoding="UTF-8"?>
<!-- Generated by org.testng.reporters.JUnitXMLReporter -->
<testsuite ignored="0" hostname="DESKTOP-49IIODT" failures="0" tests="3" name="API Regression" time="9.327" errors="0" timestamp="2026-05-10T09:26:41 SAST">
  <testcase classname="API_Testing.ApiRegressionSuite" name="flow_CreateEmployee" time="8.682"/>
  <testcase classname="API_Testing.ApiRegressionSuite" name="flow_VerifyApiAndDatabaseConsistency" time="0.551"/>
  <testcase classname="API_Testing.ApiRegressionSuite" name="flow_CleanupEmployee" time="0.067"/>
</testsuite> <!-- API Regression -->
