<?xml version="1.0" encoding="UTF-8"?>
<!-- Generated by org.testng.reporters.JUnitReportReporter -->
<testsuite hostname="DESKTOP-49IIODT" failures="0" tests="3" name="muhaliholdings.Test_Cases" time="13.785" errors="0" timestamp="2026-05-18T12:52:37 SAST" skipped="0">
  <testcase classname="muhaliholdings.Test_Cases" name="loginTest" time="6.832"/>
  <testcase classname="muhaliholdings.Test_Cases" name="cartTest" time="5.714"/>
  <testcase classname="muhaliholdings.Test_Cases" name="priceValidationTest" time="1.239"/>
</testsuite> <!-- muhaliholdings.Test_Cases -->
