<?xml version="1.0" encoding="UTF-8"?>
<robot generator="Robot 7.3.1 (Python 3.13.5 on win32)" generated="2025-08-24T18:22:51.587380" rpa="false" schemaversion="5">
<suite id="s1" name="Main" source="C:\Users\arenaho.muhali\PycharmProjects\MUHALI_ARENAHO_HOLDINGS\API TESTING\main.robot">
<test id="s1-t1" name="Get" line="18">
<kw name="Verify_Response_Is_JSON" owner="get">
<kw name="Create Session" owner="RequestsLibrary">
<msg time="2025-08-24T18:22:53.098381" level="INFO">Creating Session using : alias=mysession, url=https://pokeapi.co, headers={},                     cookies={}, auth=None, timeout=None, proxies=None, verify=False,                     debug=0 </msg>
<arg>mysession</arg>
<arg>${base_url}</arg>
<doc>Create Session: create a HTTP session to a server</doc>
<status status="PASS" start="2025-08-24T18:22:53.097756" elapsed="0.001242"/>
</kw>
<kw name="GET On Session" owner="RequestsLibrary">
<msg time="2025-08-24T18:22:53.394937" level="INFO">GET Request : url=https://pokeapi.co/api/v2/pokemon/ditto 
 path_url=/api/v2/pokemon/ditto 
 headers={'User-Agent': 'python-requests/2.32.4', 'Accept-Encoding': 'gzip, deflate, br', 'Accept': '*/*', 'Connection': 'keep-alive'} 
 body=None 
 </msg>
<msg time="2025-08-24T18:22:53.395219" level="INFO">GET Response : url=https://pokeapi.co/api/v2/pokemon/ditto 
 status=200, reason=OK 
 headers={'Date': 'Sun, 24 Aug 2025 16:22:53 GMT', 'Content-Type': 'application/json; charset=utf-8', 'Content-Length': '2053', 'Connection': 'keep-alive', 'Access-Control-Allow-Origin': '*', 'Cache-Control': 'public, max-age=86400, s-maxage=86400', 'Content-Encoding': 'gzip', 'Etag': 'W/"5fbb-mMJWB0PhsRezCsVcgf4626fnlvY"', 'Function-Execution-Id': 'ko6utla23jyv', 'Server': 'cloudflare', 'Strict-Transport-Security': 'max-age=31556926', 'X-Cloud-Trace-Context': '12d50feb81b14fb9df61a69a4e816952;o=1', 'X-Country-Code': 'GB', 'X-Orig-Accept-Language': 'en-US', 'X-Powered-By': 'Express', 'Accept-Ranges': 'bytes', 'X-Served-By': 'cache-lcy-eglc8600026-LCY', 'X-Cache': 'HIT', 'X-Cache-Hits': '0', 'X-Timer': 'S1752161665.425020,VS0,VE1', 'Vary': 'Accept-Encoding,cookie,need-authorization, x-fh-requested-host, accept-encoding', 'Alt-Svc': 'h3=":443"; ma=86400', 'Nel': '{"report_to":"cf-nel","success_fraction":0.0,"max_age":604800}', 'Age': '6984', 'Cf-Cache-Status': 'HIT', 'Report-To': '{"group":"cf-nel","max_age":604800,"endpoints":[{"url":"https://a.nel.cloudflare.com/report/v4?s=espbJknUcSDvFjwkFwuO2TDxVJi6%2B1XagaNS8whJe%2FRY1WGzh2KVy09XaH8dDZ42Us7YfZLFbYhzzg4U7qhir8n9xyHq%2F1vVCdA%3D"}]}', 'CF-RAY': '974430e89d051eb8-JNB'} 
 body={"abilities":[{"ability":{"name":"limber","url":"https://pokeapi.co/api/v2/ability/7/"},"is_hidden":false,"slot":1},{"ability":{"name":"imposter","url":"https://pokeapi.co/api/v2/ability/150/"},"is_hidden":true,"slot":3}],"base_experience":101,"cries":{"latest":"https://raw.githubusercontent.com/PokeAPI/cries/main/cries/pokemon/latest/132.ogg","legacy":"https://raw.githubusercontent.com/PokeAPI/cries/main/cries/pokemon/legacy/132.ogg"},"forms":[{"name":"ditto","url":"https://pokeapi.co/api/v2/pokemon-form/132/"}],"game_indices":[{"game_index":76,"version":{"name":"red","url":"https://pokeapi.co/api/v2/version/1/"}},{"game_index":76,"version":{"name":"blue","url":"https://pokeapi.co/api/v2/version/2/"}},{"game_index":76,"version":{"name":"yellow","url":"https://pokeapi.co/api/v2/version/3/"}},{"game_index":132,"version":{"name":"gold","url":"https://pokeapi.co/api/v2/version/4/"}},{"game_index":132,"version":{"name":"silver","url":"https://pokeapi.co/api/v2/version/5/"}},{"game_index":132,"version":{"name":"crystal","url":"https://pokeapi.co/api/v2/version/6/"}},{"game_index":132,"version":{"name":"ruby","url":"https://pokeapi.co/api/v2/version/7/"}},{"game_index":132,"version":{"name":"sapphire","url":"https://pokeapi.co/api/v2/version/8/"}},{"game_index":132,"version":{"name":"emerald","url":"https://pokeapi.co/api/v2/version/9/"}},{"game_index":132,"version":{"name":"firered","url":"https://pokeapi.co/api/v2/version/10/"}},{"game_index":132,"version":{"name":"leafgreen","url":"https://pokeapi.co/api/v2/version/11/"}},{"game_index":132,"version":{"name":"diamond","url":"https://pokeapi.co/api/v2/version/12/"}},{"game_index":132,"version":{"name":"pearl","url":"https://pokeapi.co/api/v2/version/13/"}},{"game_index":132,"version":{"name":"platinum","url":"https://pokeapi.co/api/v2/version/14/"}},{"game_index":132,"version":{"name":"heartgold","url":"https://pokeapi.co/api/v2/version/15/"}},{"game_index":132,"version":{"name":"soulsilver","url":"https://pokeapi.co/api/v2/version/16/"}},{"game_index":132,"version":{"name":"black","url":"https://pokeapi.co/api/v2/version/17/"}},{"game_index":132,"version":{"name":"white","url":"https://pokeapi.co/api/v2/version/18/"}},{"game_index":132,"version":{"name":"black-2","url":"https://pokeapi.co/api/v2/version/21/"}},{"game_index":132,"version":{"name":"white-2","url":"https://pokeapi.co/api/v2/version/22/"}}],"height":3,"held_items":[{"item":{"name":"metal-powder","url":"https://pokeapi.co/api/v2/item/234/"},"version_details":[{"rarity":5,"version":{"name":"ruby","url":"https://pokeapi.co/api/v2/version/7/"}},{"rarity":5,"version":{"name":"sapphire","url":"https://pokeapi.co/api/v2/version/8/"}},{"rarity":5,"version":{"name":"emerald","url":"https://pokeapi.co/api/v2/version/9/"}},{"rarity":5,"version":{"name":"firered","url":"https://pokeapi.co/api/v2/version/10/"}},{"rarity":5,"version":{"name":"leafgreen","url":"https://pokeapi.co/api/v2/version/11/"}},{"rarity":5,"version":{"name":"diamond","url":"https://pokeapi.co/api/v2/version/12/"}},{"rarity":5,"version":{"name":"pearl","url":"https://pokeapi.co/api/v2/version/13/"}},{"rarity":5,"version":{"name":"platinum","url":"https://pokeapi.co/api/v2/version/14/"}},{"rarity":5,"version":{"name":"heartgold","url":"https://pokeapi.co/api/v2/version/15/"}},{"rarity":5,"version":{"name":"soulsilver","url":"https://pokeapi.co/api/v2/version/16/"}},{"rarity":5,"version":{"name":"black","url":"https://pokeapi.co/api/v2/version/17/"}},{"rarity":5,"version":{"name":"white","url":"https://pokeapi.co/api/v2/version/18/"}},{"rarity":5,"version":{"name":"black-2","url":"https://pokeapi.co/api/v2/version/21/"}},{"rarity":5,"version":{"name":"white-2","url":"https://pokeapi.co/api/v2/version/22/"}},{"rarity":5,"version":{"name":"x","url":"https://pokeapi.co/api/v2/version/23/"}},{"rarity":5,"version":{"name":"y","url":"https://pokeapi.co/api/v2/version/24/"}},{"rarity":5,"version":{"name":"omega-ruby","url":"https://pokeapi.co/api/v2/version/25/"}},{"rarity":5,"version":{"name":"alpha-sapphire","url":"https://pokeapi.co/api/v2/version/26/"}},{"rarity":5,"version":{"name":"sun","url":"https://pokeapi.co/api/v2/version/27/"}},{"rarity":5,"version":{"name":"moon","url":"https://pokeapi.co/api/v2/version/28/"}},{"rarity":5,"version":{"name":"ultra-sun","url":"https://pokeapi.co/api/v2/version/29/"}},{"rarity":5,"version":{"name":"ultra-moon","url":"https://pokeapi.co/api/v2/version/30/"}}]},{"item":{"name":"quick-powder","url":"https://pokeapi.co/api/v2/item/251/"},"version_details":[{"rarity":50,"version":{"name":"diamond","url":"https://pokeapi.co/api/v2/version/12/"}},{"rarity":50,"version":{"name":"pearl","url":"https://pokeapi.co/api/v2/version/13/"}},{"rarity":50,"version":{"name":"platinum","url":"https://pokeapi.co/api/v2/version/14/"}},{"rarity":50,"version":{"name":"heartgold","url":"https://pokeapi.co/api/v2/version/15/"}},{"rarity":50,"version":{"name":"soulsilver","url":"https://pokeapi.co/api/v2/version/16/"}},{"rarity":50,"version":{"name":"black","url":"https://pokeapi.co/api/v2/version/17/"}},{"rarity":50,"version":{"name":"white","url":"https://pokeapi.co/api/v2/version/18/"}},{"rarity":50,"version":{"name":"black-2","url":"https://pokeapi.co/api/v2/version/21/"}},{"rarity":50,"version":{"name":"white-2","url":"https://pokeapi.co/api/v2/version/22/"}},{"rarity":50,"version":{"name":"x","url":"https://pokeapi.co/api/v2/version/23/"}},{"rarity":50,"version":{"name":"y","url":"https://pokeapi.co/api/v2/version/24/"}},{"rarity":50,"version":{"name":"omega-ruby","url":"https://pokeapi.co/api/v2/version/25/"}},{"rarity":50,"version":{"name":"alpha-sapphire","url":"https://pokeapi.co/api/v2/version/26/"}},{"rarity":50,"version":{"name":"sun","url":"https://pokeapi.co/api/v2/version/27/"}},{"rarity":50,"version":{"name":"moon","url":"https://pokeapi.co/api/v2/version/28/"}},{"rarity":50,"version":{"name":"ultra-sun","url":"https://pokeapi.co/api/v2/version/29/"}},{"rarity":50,"version":{"name":"ultra-moon","url":"https://pokeapi.co/api/v2/version/30/"}}]}],"id":132,"is_default":true,"location_area_encounters":"https://pokeapi.co/api/v2/pokemon/132/encounters","moves":[{"move":{"name":"transform","url":"https://pokeapi.co/api/v2/move/144/"},"version_group_details":[{"level_learned_at":1,"move_learn_method":{"name":"level-up","url":"https://pokeapi.co/api/v2/move-learn-method/1/"},"order":null,"version_group":{"name":"red-blue","url":"https://pokeapi.co/api/v2/version-group/1/"}},{"level_learned_at":1,"move_learn_method":{"name":"level-up","url":"https://pokeapi.co/api/v2/move-learn-method/1/"},"order":null,"version_group":{"name":"yellow","url":"https://pokeapi.co/api/v2/version-group/2/"}},{"level_learned_at":1,"move_learn_method":{"name":"level-up","url":"https://pokeapi.co/api/v2/move-learn-method/1/"},"order":null,"version_group":{"name":"gold-silver","url":"https://pokeapi.co/api/v2/version-group/3/"}},{"level_learned_at":1,"move_learn_method":{"name":"level-up","url":"https://pokeapi.co/api/v2/move-learn-method/1/"},"order":null,"version_group":{"name":"crystal","url":"https://pokeapi.co/api/v2/version-group/4/"}},{"level_learned_at":1,"move_learn_method":{"name":"level-up","url":"https://pokeapi.co/api/v2/move-learn-method/1/"},"order":null,"version_group":{"name":"ruby-sapphire","url":"https://pokeapi.co/api/v2/version-group/5/"}},{"level_learned_at":1,"move_learn_method":{"name":"level-up","url":"https://pokeapi.co/api/v2/move-learn-method/1/"},"order":null,"version_group":{"name":"emerald","url":"https://pokeapi.co/api/v2/version-group/6/"}},{"level_learned_at":1,"move_learn_method":{"name":"level-up","url":"https://pokeapi.co/api/v2/move-learn-method/1/"},"order":null,"version_group":{"name":"firered-leafgreen","url":"https://pokeapi.co/api/v2/version-group/7/"}},{"level_learned_at":1,"move_learn_method":{"name":"level-up","url":"https://pokeapi.co/api/v2/move-learn-method/1/"},"order":null,"version_group":{"name":"diamond-pearl","url":"https://pokeapi.co/api/v2/version-group/8/"}},{"level_learned_at":1,"move_learn_method":{"name":"level-up","url":"https://pokeapi.co/api/v2/move-learn-method/1/"},"order":null,"version_group":{"name":"platinum","url":"https://pokeapi.co/api/v2/version-group/9/"}},{"level_learned_at":1,"move_learn_method":{"name":"level-up","url":"https://pokeapi.co/api/v2/move-learn-method/1/"},"order":null,"version_group":{"name":"heartgold-soulsilver","url":"https://pokeapi.co/api/v2/version-group/10/"}},{"level_learned_at":1,"move_learn_method":{"name":"level-up","url":"https://pokeapi.co/api/v2/move-learn-method/1/"},"order":null,"version_group":{"name":"black-white","url":"https://pokeapi.co/api/v2/version-group/11/"}},{"level_learned_at":1,"move_learn_method":{"name":"level-up","url":"https://pokeapi.co/api/v2/move-learn-method/1/"},"order":null,"version_group":{"name":"colosseum","url":"https://pokeapi.co/api/v2/version-group/12/"}},{"level_learned_at":1,"move_learn_method":{"name":"level-up","url":"https://pokeapi.co/api/v2/move-learn-method/1/"},"order":null,"version_group":{"name":"xd","url":"https://pokeapi.co/api/v2/version-group/13/"}},{"level_learned_at":1,"move_learn_method":{"name":"level-up","url":"https://pokeapi.co/api/v2/move-learn-method/1/"},"order":null,"version_group":{"name":"black-2-white-2","url":"https://pokeapi.co/api/v2/version-group/14/"}},{"level_learned_at":1,"move_learn_method":{"name":"level-up","url":"https://pokeapi.co/api/v2/move-learn-method/1/"},"order":null,"version_group":{"name":"x-y","url":"https://pokeapi.co/api/v2/version-group/15/"}},{"level_learned_at":1,"move_learn_method":{"name":"level-up","url":"https://pokeapi.co/api/v2/move-learn-method/1/"},"order":null,"version_group":{"name":"omega-ruby-alpha-sapphire","url":"https://pokeapi.co/api/v2/version-group/16/"}},{"level_learned_at":1,"move_learn_method":{"name":"level-up","url":"https://pokeapi.co/api/v2/move-learn-method/1/"},"order":null,"version_group":{"name":"sun-moon","url":"https://pokeapi.co/api/v... (set the log level to DEBUG or TRACE to see the full content) 
 </msg>
<msg time="2025-08-24T18:22:53.395856" level="INFO">C:\Users\arenaho.muhali\PycharmProjects\MUHALI_ARENAHO_HOLDINGS\.venv\Lib\site-packages\urllib3\connectionpool.py:1097: InsecureRequestWarning: Unverified HTTPS request is being made to host 'pokeapi.co'. Adding certificate verification is strongly advised. See: https://urllib3.readthedocs.io/en/latest/advanced-usage.html#tls-warnings
  warnings.warn(</msg>
<msg time="2025-08-24T18:22:53.396119" level="INFO">${response} = &lt;Response [200]&gt;</msg>
<var>${response}</var>
<arg>mysession</arg>
<arg>${endpoint}</arg>
<doc>Sends a GET request on a previously created HTTP Session.</doc>
<status status="PASS" start="2025-08-24T18:22:53.099358" elapsed="0.296824"/>
</kw>
<kw name="Should Be Equal As Numbers" owner="BuiltIn">
<msg time="2025-08-24T18:22:53.398032" level="INFO">Argument types are:
&lt;class 'int'&gt;
&lt;class 'str'&gt;</msg>
<arg>${response.status_code}</arg>
<arg>200</arg>
<doc>Fails if objects are unequal after converting them to real numbers.</doc>
<status status="PASS" start="2025-08-24T18:22:53.396687" elapsed="0.001516"/>
</kw>
<kw name="Get From Dictionary" owner="Collections">
<msg time="2025-08-24T18:22:53.399598" level="INFO">${content_type} = application/json; charset=utf-8</msg>
<var>${content_type}</var>
<arg>${response.headers}</arg>
<arg>Content-Type</arg>
<doc>Returns a value from the given ``dictionary`` based on the given ``key``.</doc>
<status status="PASS" start="2025-08-24T18:22:53.398635" elapsed="0.001015"/>
</kw>
<kw name="Should Contain" owner="BuiltIn">
<arg>${content_type}</arg>
<arg>application/json</arg>
<doc>Fails if ``container`` does not contain ``item`` one or more times.</doc>
<status status="PASS" start="2025-08-24T18:22:53.399886" elapsed="0.000204"/>
</kw>
<kw name="Evaluate" owner="BuiltIn">
<msg time="2025-08-24T18:22:53.403453" level="INFO">${json} = {'abilities': [{'ability': {'name': 'limber', 'url': 'https://pokeapi.co/api/v2/ability/7/'}, 'is_hidden': False, 'slot': 1}, {'ability': {'name': 'imposter', 'url': 'https://pokeapi.co/api/v2/ability...</msg>
<var>${json}</var>
<arg>json.loads("""${response.text}""")</arg>
<arg>json</arg>
<doc>Evaluates the given expression in Python and returns the result.</doc>
<status status="PASS" start="2025-08-24T18:22:53.400255" elapsed="0.003286"/>
</kw>
<kw name="Evaluate" owner="BuiltIn">
<msg time="2025-08-24T18:22:53.404960" level="INFO">${elapsed} = 287.15000000000003</msg>
<var>${elapsed}</var>
<arg>${response.elapsed.total_seconds()} * 1000</arg>
<doc>Evaluates the given expression in Python and returns the result.</doc>
<status status="PASS" start="2025-08-24T18:22:53.403867" elapsed="0.001156"/>
</kw>
<kw name="Should Be True" owner="BuiltIn">
<arg>${elapsed} &lt; 900</arg>
<arg>Response took too long: ${elapsed}ms</arg>
<doc>Fails if the given condition is not true.</doc>
<status status="PASS" start="2025-08-24T18:22:53.405295" elapsed="0.000530"/>
</kw>
<status status="PASS" start="2025-08-24T18:22:53.095977" elapsed="0.310038"/>
</kw>
<kw name="Verify Invalid Pokemon Status Code" owner="get">
<kw name="Create Session" owner="RequestsLibrary">
<msg time="2025-08-24T18:22:53.407164" level="INFO">Creating Session using : alias=mysession_invalid, url=https://pokeapi.co, headers={},                     cookies={}, auth=None, timeout=None, proxies=None, verify=False,                     debug=0 </msg>
<arg>mysession_invalid</arg>
<arg>${BASE_URL}</arg>
<doc>Create Session: create a HTTP session to a server</doc>
<status status="PASS" start="2025-08-24T18:22:53.406899" elapsed="0.000545"/>
</kw>
<kw name="GET On Session" owner="RequestsLibrary">
<msg time="2025-08-24T18:22:55.175904" level="INFO">GET Request : url=https://pokeapi.co/api/v2/version/9999 
 path_url=/api/v2/version/9999 
 headers={'User-Agent': 'python-requests/2.32.4', 'Accept-Encoding': 'gzip, deflate, br', 'Accept': '*/*', 'Connection': 'keep-alive'} 
 body=None 
 </msg>
<msg time="2025-08-24T18:22:55.176077" level="INFO">GET Response : url=https://pokeapi.co/api/v2/version/9999 
 status=404, reason=Not Found 
 headers={'Date': 'Sun, 24 Aug 2025 16:22:55 GMT', 'Content-Type': 'text/plain; charset=utf-8', 'Transfer-Encoding': 'chunked', 'Connection': 'keep-alive', 'Access-Control-Allow-Origin': '*', 'Cache-Control': 'public, max-age=432000, s-maxage=432000', 'Etag': 'W/"9-0gXL1ngzMqISxa6S1zx3F4wtLyg"', 'Function-Execution-Id': 'vjz27zq1lgny', 'Server': 'cloudflare', 'X-Cloud-Trace-Context': 'c49a7667e6ee710a0429f5b42eb4e0d8', 'X-Powered-By': 'Express', 'Report-To': '{"group":"cf-nel","max_age":604800,"endpoints":[{"url":"https://a.nel.cloudflare.com/report/v4?s=zcK1%2B2EhuytmWtH0g26KVEsVfNqO1Y7IjES2%2FihqzjOlavP0AWYy8gSfyVGEUztuhuJwdLw0WuqcKTA69XCmxC%2FTEwDFKo8sHy0%3D"}]}', 'X-Served-By': 'cache-lcy-eglc8600020-LCY', 'X-Cache': 'MISS', 'X-Cache-Hits': '0', 'X-Timer': 'S1756052574.870944,VS0,VE1359', 'Vary': 'Accept-Encoding, x-fh-requested-host, accept-encoding', 'Alt-Svc': 'h3=":443"; ma=86400', 'Nel': '{"report_to":"cf-nel","success_fraction":0.0,"max_age":604800}', 'Cf-Cache-Status': 'MISS', 'Content-Encoding': 'br', 'CF-RAY': '974430ea1848eda5-JNB'} 
 body=Not Found 
 </msg>
<msg time="2025-08-24T18:22:55.176191" level="INFO">C:\Users\arenaho.muhali\PycharmProjects\MUHALI_ARENAHO_HOLDINGS\.venv\Lib\site-packages\urllib3\connectionpool.py:1097: InsecureRequestWarning: Unverified HTTPS request is being made to host 'pokeapi.co'. Adding certificate verification is strongly advised. See: https://urllib3.readthedocs.io/en/latest/advanced-usage.html#tls-warnings
  warnings.warn(</msg>
<msg time="2025-08-24T18:22:55.176349" level="INFO">${invalid_response} = &lt;Response [404]&gt;</msg>
<var>${invalid_response}</var>
<arg>mysession_invalid</arg>
<arg>${INVALID_ENDPOINT}</arg>
<arg>expected_status=ANY</arg>
<doc>Sends a GET request on a previously created HTTP Session.</doc>
<status status="PASS" start="2025-08-24T18:22:53.407645" elapsed="1.768734"/>
</kw>
<kw name="Should Be Equal As Numbers" owner="BuiltIn">
<msg time="2025-08-24T18:22:55.177311" level="INFO">Argument types are:
&lt;class 'int'&gt;
&lt;class 'str'&gt;</msg>
<arg>${invalid_response.status_code}</arg>
<arg>404</arg>
<doc>Fails if objects are unequal after converting them to real numbers.</doc>
<status status="PASS" start="2025-08-24T18:22:55.176599" elapsed="0.000811"/>
</kw>
<status status="PASS" start="2025-08-24T18:22:53.406358" elapsed="1.771149"/>
</kw>
<kw name="Test Response Header" owner="get">
<kw name="Create Session" owner="RequestsLibrary">
<msg time="2025-08-24T18:22:55.178120" level="INFO">Creating Session using : alias=mysession, url=https://pokeapi.co, headers={},                     cookies={}, auth=None, timeout=None, proxies=None, verify=False,                     debug=0 </msg>
<arg>mysession</arg>
<arg>${base_url}</arg>
<doc>Create Session: create a HTTP session to a server</doc>
<status status="PASS" start="2025-08-24T18:22:55.177984" elapsed="0.000288"/>
</kw>
<kw name="GET On Session" owner="RequestsLibrary">
<msg time="2025-08-24T18:22:55.422538" level="INFO">GET Request : url=https://pokeapi.co/api/v2/pokemon/ditto 
 path_url=/api/v2/pokemon/ditto 
 headers={'User-Agent': 'python-requests/2.32.4', 'Accept-Encoding': 'gzip, deflate, br', 'Accept': '*/*', 'Connection': 'keep-alive'} 
 body=None 
 </msg>
<msg time="2025-08-24T18:22:55.422680" level="INFO">GET Response : url=https://pokeapi.co/api/v2/pokemon/ditto 
 status=200, reason=OK 
 headers={'Date': 'Sun, 24 Aug 2025 16:22:55 GMT', 'Content-Type': 'application/json; charset=utf-8', 'Content-Length': '2053', 'Connection': 'keep-alive', 'Access-Control-Allow-Origin': '*', 'Cache-Control': 'public, max-age=86400, s-maxage=86400', 'Content-Encoding': 'gzip', 'Etag': 'W/"5fbb-mMJWB0PhsRezCsVcgf4626fnlvY"', 'Function-Execution-Id': 'ko6utla23jyv', 'Server': 'cloudflare', 'Strict-Transport-Security': 'max-age=31556926', 'X-Cloud-Trace-Context': '12d50feb81b14fb9df61a69a4e816952;o=1', 'X-Country-Code': 'GB', 'X-Orig-Accept-Language': 'en-US', 'X-Powered-By': 'Express', 'Accept-Ranges': 'bytes', 'X-Served-By': 'cache-lcy-eglc8600026-LCY', 'X-Cache': 'HIT', 'X-Cache-Hits': '0', 'X-Timer': 'S1752161665.425020,VS0,VE1', 'Vary': 'Accept-Encoding,cookie,need-authorization, x-fh-requested-host, accept-encoding', 'Alt-Svc': 'h3=":443"; ma=86400', 'Nel': '{"report_to":"cf-nel","success_fraction":0.0,"max_age":604800}', 'Age': '6986', 'Cf-Cache-Status': 'HIT', 'Report-To': '{"group":"cf-nel","max_age":604800,"endpoints":[{"url":"https://a.nel.cloudflare.com/report/v4?s=PwacDZ02Ed%2B7lWP4VMDNEG0OHVDLwBAcb1f9eoR2%2B8eedIY%2BSyz0wgHz6LJ6BGSM2pKpuuXM8qJwY4eR6dzQPgM5vBMF5geaW9k%3D"}]}', 'CF-RAY': '974430f53aef0cfc-JNB'} 
 body={"abilities":[{"ability":{"name":"limber","url":"https://pokeapi.co/api/v2/ability/7/"},"is_hidden":false,"slot":1},{"ability":{"name":"imposter","url":"https://pokeapi.co/api/v2/ability/150/"},"is_hidden":true,"slot":3}],"base_experience":101,"cries":{"latest":"https://raw.githubusercontent.com/PokeAPI/cries/main/cries/pokemon/latest/132.ogg","legacy":"https://raw.githubusercontent.com/PokeAPI/cries/main/cries/pokemon/legacy/132.ogg"},"forms":[{"name":"ditto","url":"https://pokeapi.co/api/v2/pokemon-form/132/"}],"game_indices":[{"game_index":76,"version":{"name":"red","url":"https://pokeapi.co/api/v2/version/1/"}},{"game_index":76,"version":{"name":"blue","url":"https://pokeapi.co/api/v2/version/2/"}},{"game_index":76,"version":{"name":"yellow","url":"https://pokeapi.co/api/v2/version/3/"}},{"game_index":132,"version":{"name":"gold","url":"https://pokeapi.co/api/v2/version/4/"}},{"game_index":132,"version":{"name":"silver","url":"https://pokeapi.co/api/v2/version/5/"}},{"game_index":132,"version":{"name":"crystal","url":"https://pokeapi.co/api/v2/version/6/"}},{"game_index":132,"version":{"name":"ruby","url":"https://pokeapi.co/api/v2/version/7/"}},{"game_index":132,"version":{"name":"sapphire","url":"https://pokeapi.co/api/v2/version/8/"}},{"game_index":132,"version":{"name":"emerald","url":"https://pokeapi.co/api/v2/version/9/"}},{"game_index":132,"version":{"name":"firered","url":"https://pokeapi.co/api/v2/version/10/"}},{"game_index":132,"version":{"name":"leafgreen","url":"https://pokeapi.co/api/v2/version/11/"}},{"game_index":132,"version":{"name":"diamond","url":"https://pokeapi.co/api/v2/version/12/"}},{"game_index":132,"version":{"name":"pearl","url":"https://pokeapi.co/api/v2/version/13/"}},{"game_index":132,"version":{"name":"platinum","url":"https://pokeapi.co/api/v2/version/14/"}},{"game_index":132,"version":{"name":"heartgold","url":"https://pokeapi.co/api/v2/version/15/"}},{"game_index":132,"version":{"name":"soulsilver","url":"https://pokeapi.co/api/v2/version/16/"}},{"game_index":132,"version":{"name":"black","url":"https://pokeapi.co/api/v2/version/17/"}},{"game_index":132,"version":{"name":"white","url":"https://pokeapi.co/api/v2/version/18/"}},{"game_index":132,"version":{"name":"black-2","url":"https://pokeapi.co/api/v2/version/21/"}},{"game_index":132,"version":{"name":"white-2","url":"https://pokeapi.co/api/v2/version/22/"}}],"height":3,"held_items":[{"item":{"name":"metal-powder","url":"https://pokeapi.co/api/v2/item/234/"},"version_details":[{"rarity":5,"version":{"name":"ruby","url":"https://pokeapi.co/api/v2/version/7/"}},{"rarity":5,"version":{"name":"sapphire","url":"https://pokeapi.co/api/v2/version/8/"}},{"rarity":5,"version":{"name":"emerald","url":"https://pokeapi.co/api/v2/version/9/"}},{"rarity":5,"version":{"name":"firered","url":"https://pokeapi.co/api/v2/version/10/"}},{"rarity":5,"version":{"name":"leafgreen","url":"https://pokeapi.co/api/v2/version/11/"}},{"rarity":5,"version":{"name":"diamond","url":"https://pokeapi.co/api/v2/version/12/"}},{"rarity":5,"version":{"name":"pearl","url":"https://pokeapi.co/api/v2/version/13/"}},{"rarity":5,"version":{"name":"platinum","url":"https://pokeapi.co/api/v2/version/14/"}},{"rarity":5,"version":{"name":"heartgold","url":"https://pokeapi.co/api/v2/version/15/"}},{"rarity":5,"version":{"name":"soulsilver","url":"https://pokeapi.co/api/v2/version/16/"}},{"rarity":5,"version":{"name":"black","url":"https://pokeapi.co/api/v2/version/17/"}},{"rarity":5,"version":{"name":"white","url":"https://pokeapi.co/api/v2/version/18/"}},{"rarity":5,"version":{"name":"black-2","url":"https://pokeapi.co/api/v2/version/21/"}},{"rarity":5,"version":{"name":"white-2","url":"https://pokeapi.co/api/v2/version/22/"}},{"rarity":5,"version":{"name":"x","url":"https://pokeapi.co/api/v2/version/23/"}},{"rarity":5,"version":{"name":"y","url":"https://pokeapi.co/api/v2/version/24/"}},{"rarity":5,"version":{"name":"omega-ruby","url":"https://pokeapi.co/api/v2/version/25/"}},{"rarity":5,"version":{"name":"alpha-sapphire","url":"https://pokeapi.co/api/v2/version/26/"}},{"rarity":5,"version":{"name":"sun","url":"https://pokeapi.co/api/v2/version/27/"}},{"rarity":5,"version":{"name":"moon","url":"https://pokeapi.co/api/v2/version/28/"}},{"rarity":5,"version":{"name":"ultra-sun","url":"https://pokeapi.co/api/v2/version/29/"}},{"rarity":5,"version":{"name":"ultra-moon","url":"https://pokeapi.co/api/v2/version/30/"}}]},{"item":{"name":"quick-powder","url":"https://pokeapi.co/api/v2/item/251/"},"version_details":[{"rarity":50,"version":{"name":"diamond","url":"https://pokeapi.co/api/v2/version/12/"}},{"rarity":50,"version":{"name":"pearl","url":"https://pokeapi.co/api/v2/version/13/"}},{"rarity":50,"version":{"name":"platinum","url":"https://pokeapi.co/api/v2/version/14/"}},{"rarity":50,"version":{"name":"heartgold","url":"https://pokeapi.co/api/v2/version/15/"}},{"rarity":50,"version":{"name":"soulsilver","url":"https://pokeapi.co/api/v2/version/16/"}},{"rarity":50,"version":{"name":"black","url":"https://pokeapi.co/api/v2/version/17/"}},{"rarity":50,"version":{"name":"white","url":"https://pokeapi.co/api/v2/version/18/"}},{"rarity":50,"version":{"name":"black-2","url":"https://pokeapi.co/api/v2/version/21/"}},{"rarity":50,"version":{"name":"white-2","url":"https://pokeapi.co/api/v2/version/22/"}},{"rarity":50,"version":{"name":"x","url":"https://pokeapi.co/api/v2/version/23/"}},{"rarity":50,"version":{"name":"y","url":"https://pokeapi.co/api/v2/version/24/"}},{"rarity":50,"version":{"name":"omega-ruby","url":"https://pokeapi.co/api/v2/version/25/"}},{"rarity":50,"version":{"name":"alpha-sapphire","url":"https://pokeapi.co/api/v2/version/26/"}},{"rarity":50,"version":{"name":"sun","url":"https://pokeapi.co/api/v2/version/27/"}},{"rarity":50,"version":{"name":"moon","url":"https://pokeapi.co/api/v2/version/28/"}},{"rarity":50,"version":{"name":"ultra-sun","url":"https://pokeapi.co/api/v2/version/29/"}},{"rarity":50,"version":{"name":"ultra-moon","url":"https://pokeapi.co/api/v2/version/30/"}}]}],"id":132,"is_default":true,"location_area_encounters":"https://pokeapi.co/api/v2/pokemon/132/encounters","moves":[{"move":{"name":"transform","url":"https://pokeapi.co/api/v2/move/144/"},"version_group_details":[{"level_learned_at":1,"move_learn_method":{"name":"level-up","url":"https://pokeapi.co/api/v2/move-learn-method/1/"},"order":null,"version_group":{"name":"red-blue","url":"https://pokeapi.co/api/v2/version-group/1/"}},{"level_learned_at":1,"move_learn_method":{"name":"level-up","url":"https://pokeapi.co/api/v2/move-learn-method/1/"},"order":null,"version_group":{"name":"yellow","url":"https://pokeapi.co/api/v2/version-group/2/"}},{"level_learned_at":1,"move_learn_method":{"name":"level-up","url":"https://pokeapi.co/api/v2/move-learn-method/1/"},"order":null,"version_group":{"name":"gold-silver","url":"https://pokeapi.co/api/v2/version-group/3/"}},{"level_learned_at":1,"move_learn_method":{"name":"level-up","url":"https://pokeapi.co/api/v2/move-learn-method/1/"},"order":null,"version_group":{"name":"crystal","url":"https://pokeapi.co/api/v2/version-group/4/"}},{"level_learned_at":1,"move_learn_method":{"name":"level-up","url":"https://pokeapi.co/api/v2/move-learn-method/1/"},"order":null,"version_group":{"name":"ruby-sapphire","url":"https://pokeapi.co/api/v2/version-group/5/"}},{"level_learned_at":1,"move_learn_method":{"name":"level-up","url":"https://pokeapi.co/api/v2/move-learn-method/1/"},"order":null,"version_group":{"name":"emerald","url":"https://pokeapi.co/api/v2/version-group/6/"}},{"level_learned_at":1,"move_learn_method":{"name":"level-up","url":"https://pokeapi.co/api/v2/move-learn-method/1/"},"order":null,"version_group":{"name":"firered-leafgreen","url":"https://pokeapi.co/api/v2/version-group/7/"}},{"level_learned_at":1,"move_learn_method":{"name":"level-up","url":"https://pokeapi.co/api/v2/move-learn-method/1/"},"order":null,"version_group":{"name":"diamond-pearl","url":"https://pokeapi.co/api/v2/version-group/8/"}},{"level_learned_at":1,"move_learn_method":{"name":"level-up","url":"https://pokeapi.co/api/v2/move-learn-method/1/"},"order":null,"version_group":{"name":"platinum","url":"https://pokeapi.co/api/v2/version-group/9/"}},{"level_learned_at":1,"move_learn_method":{"name":"level-up","url":"https://pokeapi.co/api/v2/move-learn-method/1/"},"order":null,"version_group":{"name":"heartgold-soulsilver","url":"https://pokeapi.co/api/v2/version-group/10/"}},{"level_learned_at":1,"move_learn_method":{"name":"level-up","url":"https://pokeapi.co/api/v2/move-learn-method/1/"},"order":null,"version_group":{"name":"black-white","url":"https://pokeapi.co/api/v2/version-group/11/"}},{"level_learned_at":1,"move_learn_method":{"name":"level-up","url":"https://pokeapi.co/api/v2/move-learn-method/1/"},"order":null,"version_group":{"name":"colosseum","url":"https://pokeapi.co/api/v2/version-group/12/"}},{"level_learned_at":1,"move_learn_method":{"name":"level-up","url":"https://pokeapi.co/api/v2/move-learn-method/1/"},"order":null,"version_group":{"name":"xd","url":"https://pokeapi.co/api/v2/version-group/13/"}},{"level_learned_at":1,"move_learn_method":{"name":"level-up","url":"https://pokeapi.co/api/v2/move-learn-method/1/"},"order":null,"version_group":{"name":"black-2-white-2","url":"https://pokeapi.co/api/v2/version-group/14/"}},{"level_learned_at":1,"move_learn_method":{"name":"level-up","url":"https://pokeapi.co/api/v2/move-learn-method/1/"},"order":null,"version_group":{"name":"x-y","url":"https://pokeapi.co/api/v2/version-group/15/"}},{"level_learned_at":1,"move_learn_method":{"name":"level-up","url":"https://pokeapi.co/api/v2/move-learn-method/1/"},"order":null,"version_group":{"name":"omega-ruby-alpha-sapphire","url":"https://pokeapi.co/api/v2/version-group/16/"}},{"level_learned_at":1,"move_learn_method":{"name":"level-up","url":"https://pokeapi.co/api/v2/move-learn-method/1/"},"order":null,"version_group":{"name":"sun-moon","url":"https://pokeapi.co/api/v... (set the log level to DEBUG or TRACE to see the full content) 
 </msg>
<msg time="2025-08-24T18:22:55.422893" level="INFO">C:\Users\arenaho.muhali\PycharmProjects\MUHALI_ARENAHO_HOLDINGS\.venv\Lib\site-packages\urllib3\connectionpool.py:1097: InsecureRequestWarning: Unverified HTTPS request is being made to host 'pokeapi.co'. Adding certificate verification is strongly advised. See: https://urllib3.readthedocs.io/en/latest/advanced-usage.html#tls-warnings
  warnings.warn(</msg>
<msg time="2025-08-24T18:22:55.423063" level="INFO">${response} = &lt;Response [200]&gt;</msg>
<var>${response}</var>
<arg>mysession</arg>
<arg>${endpoint}</arg>
<doc>Sends a GET request on a previously created HTTP Session.</doc>
<status status="PASS" start="2025-08-24T18:22:55.178395" elapsed="0.244712"/>
</kw>
<kw name="Get From Dictionary" owner="Collections">
<msg time="2025-08-24T18:22:55.424016" level="INFO">${content_type} = application/json; charset=utf-8</msg>
<var>${content_type}</var>
<arg>${response.headers}</arg>
<arg>Content-Type</arg>
<doc>Returns a value from the given ``dictionary`` based on the given ``key``.</doc>
<status status="PASS" start="2025-08-24T18:22:55.423360" elapsed="0.000689"/>
</kw>
<kw name="Log To Console" owner="BuiltIn">
<arg>Content-Type: ${content_type}</arg>
<doc>Logs the given message to the console.</doc>
<status status="PASS" start="2025-08-24T18:22:55.424192" elapsed="0.000185"/>
</kw>
<status status="PASS" start="2025-08-24T18:22:55.177703" elapsed="0.246747"/>
</kw>
<status status="PASS" start="2025-08-24T18:22:53.094582" elapsed="2.329984"/>
</test>
<test id="s1-t2" name="Perfomance Testing" line="23">
<kw name="Performance Test" owner="perfomance">
<kw name="Run Process" owner="Process">
<msg time="2025-08-24T18:22:55.427222" level="INFO">Starting process:
locust -f "C:/Users/arenaho.muhali/PycharmProjects/MUHALI_ARENAHO_HOLDINGS/API TESTING/performance_testing.py" --headless -u 500 -r 80 --host https://pokeapi.co --run-time 30s --csv locust_result</msg>
<msg time="2025-08-24T18:22:55.497802" level="INFO">Waiting for process to complete.</msg>
<msg time="2025-08-24T18:23:32.313016" level="INFO">Process completed.</msg>
<msg time="2025-08-24T18:23:32.451462" level="INFO">${result} = &lt;result object with rc 1&gt;</msg>
<var>${result}</var>
<arg>locust</arg>
<arg>-f</arg>
<arg>${LOCUST_FILE}</arg>
<arg>--headless</arg>
<arg>-u</arg>
<arg>${USERS}</arg>
<arg>-r</arg>
<arg>${SPAWN_RATE}</arg>
<arg>--host</arg>
<arg>${HOST}</arg>
<arg>--run-time</arg>
<arg>${RUN_TIME}</arg>
<arg>--csv</arg>
<arg>locust_result</arg>
<arg>shell=True</arg>
<arg>stdout=TRUE</arg>
<arg>stderr=TRUE</arg>
<arg>timeout=40s</arg>
<doc>Runs a process and waits for it to complete.</doc>
<status status="PASS" start="2025-08-24T18:22:55.425415" elapsed="37.027405"/>
</kw>
<kw name="Should Be Equal As Integers" owner="BuiltIn">
<msg time="2025-08-24T18:23:32.496814" level="INFO">Argument types are:
&lt;class 'int'&gt;
&lt;class 'str'&gt;</msg>
<msg time="2025-08-24T18:23:32.574634" level="FAIL">Process should finish successfully: 1 != 0</msg>
<arg>${result.rc}</arg>
<arg>0</arg>
<arg>Process should finish successfully</arg>
<doc>Fails if objects are unequal after converting them to integers.</doc>
<status status="FAIL" start="2025-08-24T18:23:32.472596" elapsed="0.107005">Process should finish successfully: 1 != 0</status>
</kw>
<kw name="Should Exist" owner="OperatingSystem">
<arg>${RESULT_CSV}</arg>
<doc>Fails unless the given path (file or directory) exists.</doc>
<status status="NOT RUN" start="2025-08-24T18:23:32.580714" elapsed="0.000082"/>
</kw>
<status status="FAIL" start="2025-08-24T18:22:55.425151" elapsed="37.156919">Process should finish successfully: 1 != 0</status>
</kw>
<status status="FAIL" start="2025-08-24T18:22:55.424762" elapsed="37.158362">Process should finish successfully: 1 != 0</status>
</test>
<test id="s1-t3" name="Post Request" line="26">
<kw name="Postt" owner="post">
<kw name="Create Session" owner="RequestsLibrary">
<msg time="2025-08-24T18:23:32.612411" level="INFO">Creating Session using : alias=mysession, url=https://restful-booker.herokuapp.com, headers={},                     cookies={}, auth=None, timeout=None, proxies=None, verify=False,                     debug=0 </msg>
<arg>mysession</arg>
<arg>${BASE4}</arg>
<doc>Create Session: create a HTTP session to a server</doc>
<status status="PASS" start="2025-08-24T18:23:32.610569" elapsed="0.004634"/>
</kw>
<kw name="Catenate" owner="BuiltIn">
<msg time="2025-08-24T18:23:32.689042" level="INFO">${credentials} = admin:password123</msg>
<var>${credentials}</var>
<arg>SEPARATOR=</arg>
<arg>${USERNAME}</arg>
<arg>:</arg>
<arg>${PASSWORD}</arg>
<doc>Catenates the given items together and returns the resulted string.</doc>
<status status="PASS" start="2025-08-24T18:23:32.615829" elapsed="0.076904"/>
</kw>
<kw name="Evaluate" owner="BuiltIn">
<msg time="2025-08-24T18:23:32.700291" level="INFO">${auth} = YWRtaW46cGFzc3dvcmQxMjM=</msg>
<var>${auth}</var>
<arg>__import__('base64').b64encode("${credentials}".encode('utf-8')).decode('utf-8')</arg>
<doc>Evaluates the given expression in Python and returns the result.</doc>
<status status="PASS" start="2025-08-24T18:23:32.693562" elapsed="0.007677"/>
</kw>
<kw name="Set Variable" owner="BuiltIn">
<msg time="2025-08-24T18:23:32.702242" level="INFO">${auth_header} = Basic YWRtaW46cGFzc3dvcmQxMjM=</msg>
<var>${auth_header}</var>
<arg>Basic ${auth}</arg>
<doc>Returns the given values which can then be assigned to a variables.</doc>
<status status="PASS" start="2025-08-24T18:23:32.701785" elapsed="0.000518"/>
</kw>
<kw name="Get File" owner="OperatingSystem">
<msg time="2025-08-24T18:23:32.703745" level="INFO" html="true">Getting file '&lt;a href="file://C:\Users\arenaho.muhali\PycharmProjects\MUHALI_ARENAHO_HOLDINGS\API TESTING\booking_data.json"&gt;C:\Users\arenaho.muhali\PycharmProjects\MUHALI_ARENAHO_HOLDINGS\API TESTING\booking_data.json&lt;/a&gt;'.</msg>
<msg time="2025-08-24T18:23:32.707452" level="INFO">${json_text} = 
[
  {
    "firstname": "Mpho",
    "lastname": "Pillay",
    "totalprice": 485,
    "depositpaid": false,
    "bookingdates": {
      "checkin": "2025-08-08",
      "checkout": "2025-08-11"
    },
  ...</msg>
<var>${json_text}</var>
<arg>${JSON_FILE}</arg>
<doc>Returns the contents of a specified file.</doc>
<status status="PASS" start="2025-08-24T18:23:32.702558" elapsed="0.004988"/>
</kw>
<kw name="Evaluate" owner="BuiltIn">
<msg time="2025-08-24T18:23:32.709832" level="INFO">${payload_list} = [{'firstname': 'Mpho', 'lastname': 'Pillay', 'totalprice': 485, 'depositpaid': False, 'bookingdates': {'checkin': '2025-08-08', 'checkout': '2025-08-11'}, 'additionalneeds': 'Dinner'}, {'firstname': '...</msg>
<var>${payload_list}</var>
<arg>json.loads('''${json_text}''')</arg>
<arg>json</arg>
<doc>Evaluates the given expression in Python and returns the result.</doc>
<status status="PASS" start="2025-08-24T18:23:32.707860" elapsed="0.002065"/>
</kw>
<kw name="Get Length" owner="BuiltIn">
<msg time="2025-08-24T18:23:32.710740" level="INFO">Length is 13.</msg>
<msg time="2025-08-24T18:23:32.711076" level="INFO">${length} = 13</msg>
<var>${length}</var>
<arg>${payload_list}</arg>
<doc>Returns and logs the length of the given item as an integer.</doc>
<status status="PASS" start="2025-08-24T18:23:32.710236" elapsed="0.000891"/>
</kw>
<kw name="Log To Console" owner="BuiltIn">
<arg>🔁 Creating and updating ${length} bookings...</arg>
<doc>Logs the given message to the console.</doc>
<status status="PASS" start="2025-08-24T18:23:32.711455" elapsed="0.002190"/>
</kw>
<for flavor="IN RANGE">
<iter>
<kw name="Get From List" owner="Collections">
<msg time="2025-08-24T18:23:32.716393" level="INFO">${payload} = {'firstname': 'Mpho', 'lastname': 'Pillay', 'totalprice': 485, 'depositpaid': False, 'bookingdates': {'checkin': '2025-08-08', 'checkout': '2025-08-11'}, 'additionalneeds': 'Dinner'}</msg>
<var>${payload}</var>
<arg>${payload_list}</arg>
<arg>${index}</arg>
<doc>Returns the value specified with an ``index`` from ``list``.</doc>
<status status="PASS" start="2025-08-24T18:23:32.715881" elapsed="0.000570"/>
</kw>
<kw name="Create Dictionary" owner="BuiltIn">
<msg time="2025-08-24T18:23:32.724100" level="INFO">${headers} = {'Content-Type': 'application/json', 'Accept': 'application/json', 'Authorization': 'Basic YWRtaW46cGFzc3dvcmQxMjM='}</msg>
<var>${headers}</var>
<arg>Content-Type=application/json</arg>
<arg>Accept=application/json</arg>
<arg>Authorization=${auth_header}</arg>
<doc>Creates and returns a dictionary based on the given ``items``.</doc>
<status status="PASS" start="2025-08-24T18:23:32.719997" elapsed="0.004272"/>
</kw>
<kw name="POST On Session" owner="RequestsLibrary">
<msg time="2025-08-24T18:24:36.507518" level="INFO">POST Request : url=https://restful-booker.herokuapp.com/booking 
 path_url=/booking 
 headers={'User-Agent': 'python-requests/2.32.4', 'Accept-Encoding': 'gzip, deflate, br', 'Accept': 'application/json', 'Connection': 'keep-alive', 'Content-Type': 'application/json', 'Authorization': 'Basic YWRtaW46cGFzc3dvcmQxMjM=', 'Content-Length': '182'} 
 body=b'{"firstname": "Mpho", "lastname": "Pillay", "totalprice": 485, "depositpaid": false, "bookingdates": {"checkin": "2025-08-08", "checkout": "2025-08-11"}, "additionalneeds": "Dinner"}' 
 </msg>
<msg time="2025-08-24T18:24:36.508271" level="INFO">POST Response : url=https://restful-booker.herokuapp.com/booking 
 status=200, reason=OK 
 headers={'Content-Length': '197', 'Content-Type': 'application/json; charset=utf-8', 'Date': 'Sun, 24 Aug 2025 16:24:36 GMT', 'Etag': 'W/"c5-fd+eyJmeUsao6pnd+yF8bgmjww0"', 'Nel': '{"report_to":"heroku-nel","response_headers":["Via"],"max_age":3600,"success_fraction":0.01,"failure_fraction":0.1}', 'Report-To': '{"group":"heroku-nel","endpoints":[{"url":"https://nel.heroku.com/reports?s=snDy7mzrbDOei4%2BneocXp4a%2B%2BBwoFiZWgStpk3VAR9s%3D\\u0026sid=c46efe9b-d3d2-4a0c-8c76-bfafa16c5add\\u0026ts=1756052676"}],"max_age":3600}', 'Reporting-Endpoints': 'heroku-nel="https://nel.heroku.com/reports?s=snDy7mzrbDOei4%2BneocXp4a%2B%2BBwoFiZWgStpk3VAR9s%3D&amp;sid=c46efe9b-d3d2-4a0c-8c76-bfafa16c5add&amp;ts=1756052676"', 'Server': 'Heroku', 'Via': '1.1 heroku-router', 'X-Powered-By': 'Express'} 
 body={"bookingid":1976,"booking":{"firstname":"Mpho","lastname":"Pillay","totalprice":485,"depositpaid":false,"bookingdates":{"checkin":"2025-08-08","checkout":"2025-08-11"},"additionalneeds":"Dinner"}} 
 </msg>
<msg time="2025-08-24T18:24:36.509752" level="INFO">C:\Users\arenaho.muhali\PycharmProjects\MUHALI_ARENAHO_HOLDINGS\.venv\Lib\site-packages\urllib3\connectionpool.py:1097: InsecureRequestWarning: Unverified HTTPS request is being made to host 'restful-booker.herokuapp.com'. Adding certificate verification is strongly advised. See: https://urllib3.readthedocs.io/en/latest/advanced-usage.html#tls-warnings
  warnings.warn(</msg>
<msg time="2025-08-24T18:24:36.510107" level="INFO">${response} = &lt;Response [200]&gt;</msg>
<var>${response}</var>
<arg>mysession</arg>
<arg>${BOOKING_EP}</arg>
<arg>json=${payload}</arg>
<arg>headers=${headers}</arg>
<doc>Sends a POST request on a previously created HTTP Session.</doc>
<status status="PASS" start="2025-08-24T18:23:32.724850" elapsed="63.785291"/>
</kw>
<kw name="Should Be Equal As Numbers" owner="BuiltIn">
<msg time="2025-08-24T18:24:36.513161" level="INFO">Argument types are:
&lt;class 'int'&gt;
&lt;class 'str'&gt;</msg>
<arg>${response.status_code}</arg>
<arg>200</arg>
<doc>Fails if objects are unequal after converting them to real numbers.</doc>
<status status="PASS" start="2025-08-24T18:24:36.510484" elapsed="0.002808"/>
</kw>
<kw name="To Json" owner="RequestsLibrary">
<msg time="2025-08-24T18:24:36.513554" level="WARN">Keyword 'RequestsLibrary.To Json' is deprecated. Please use ${resp.json()} instead. Have a look at the improved HTML output as pretty printing replacement.</msg>
<msg time="2025-08-24T18:24:36.515219" level="INFO">To JSON using : content={"bookingid":1976,"booking":{"firstname":"Mpho","lastname":"Pillay","totalprice":485,"depositpaid":false,"bookingdates":{"checkin":"2025-08-08","checkout":"2025-08-11"},"additionalneeds":"Dinner"}} </msg>
<msg time="2025-08-24T18:24:36.515276" level="INFO">To JSON using : pretty_print=False </msg>
<msg time="2025-08-24T18:24:36.515424" level="INFO">${booking} = {'bookingid': 1976, 'booking': {'firstname': 'Mpho', 'lastname': 'Pillay', 'totalprice': 485, 'depositpaid': False, 'bookingdates': {'checkin': '2025-08-08', 'checkout': '2025-08-11'}, 'additionalneed...</msg>
<var>${booking}</var>
<arg>${response.content}</arg>
<doc>*DEPRECATED* Please use ${resp.json()} instead. Have a look at the improved HTML output as pretty printing replacement.</doc>
<status status="PASS" start="2025-08-24T18:24:36.513473" elapsed="0.001989"/>
</kw>
<kw name="Get From Dictionary" owner="Collections">
<msg time="2025-08-24T18:24:36.516072" level="INFO">${booking_id} = 1976</msg>
<var>${booking_id}</var>
<arg>${booking}</arg>
<arg>bookingid</arg>
<doc>Returns a value from the given ``dictionary`` based on the given ``key``.</doc>
<status status="PASS" start="2025-08-24T18:24:36.515643" elapsed="0.000458"/>
</kw>
<kw name="PUT On Session" owner="RequestsLibrary">
<msg time="2025-08-24T18:24:39.272988" level="INFO">PUT Request : url=https://restful-booker.herokuapp.com/booking/1976 
 path_url=/booking/1976 
 headers={'User-Agent': 'python-requests/2.32.4', 'Accept-Encoding': 'gzip, deflate, br', 'Accept': 'application/json', 'Connection': 'keep-alive', 'Content-Type': 'application/json', 'Authorization': 'Basic YWRtaW46cGFzc3dvcmQxMjM=', 'Content-Length': '182'} 
 body=b'{"firstname": "Mpho", "lastname": "Pillay", "totalprice": 485, "depositpaid": false, "bookingdates": {"checkin": "2025-08-08", "checkout": "2025-08-11"}, "additionalneeds": "Dinner"}' 
 </msg>
<msg time="2025-08-24T18:24:39.273105" level="INFO">PUT Response : url=https://restful-booker.herokuapp.com/booking/1976 
 status=200, reason=OK 
 headers={'Content-Length': '168', 'Content-Type': 'application/json; charset=utf-8', 'Date': 'Sun, 24 Aug 2025 16:24:39 GMT', 'Etag': 'W/"a8-YjZEXJ9RXe5gqJ0D+LEEVvrV6a0"', 'Nel': '{"report_to":"heroku-nel","response_headers":["Via"],"max_age":3600,"success_fraction":0.01,"failure_fraction":0.1}', 'Report-To': '{"group":"heroku-nel","endpoints":[{"url":"https://nel.heroku.com/reports?s=8IAY4xtyG24x5Cv1ncpqWViwNlAPOkO9BbFg5sNoTtk%3D\\u0026sid=c46efe9b-d3d2-4a0c-8c76-bfafa16c5add\\u0026ts=1756052679"}],"max_age":3600}', 'Reporting-Endpoints': 'heroku-nel="https://nel.heroku.com/reports?s=8IAY4xtyG24x5Cv1ncpqWViwNlAPOkO9BbFg5sNoTtk%3D&amp;sid=c46efe9b-d3d2-4a0c-8c76-bfafa16c5add&amp;ts=1756052679"', 'Server': 'Heroku', 'Via': '1.1 heroku-router', 'X-Powered-By': 'Express'} 
 body={"firstname":"Mpho","lastname":"Pillay","totalprice":485,"depositpaid":false,"bookingdates":{"checkin":"2025-08-08","checkout":"2025-08-11"},"additionalneeds":"Dinner"} 
 </msg>
<msg time="2025-08-24T18:24:39.273191" level="INFO">C:\Users\arenaho.muhali\PycharmProjects\MUHALI_ARENAHO_HOLDINGS\.venv\Lib\site-packages\urllib3\connectionpool.py:1097: InsecureRequestWarning: Unverified HTTPS request is being made to host 'restful-booker.herokuapp.com'. Adding certificate verification is strongly advised. See: https://urllib3.readthedocs.io/en/latest/advanced-usage.html#tls-warnings
  warnings.warn(</msg>
<msg time="2025-08-24T18:24:39.273351" level="INFO">${put_response} = &lt;Response [200]&gt;</msg>
<var>${put_response}</var>
<arg>mysession</arg>
<arg>${BOOKING_EP}/${booking_id}</arg>
<arg>json=${payload}</arg>
<arg>headers=${headers}</arg>
<doc>Sends a PUT request on a previously created HTTP Session.</doc>
<status status="PASS" start="2025-08-24T18:24:36.516551" elapsed="2.756837"/>
</kw>
<kw name="Should Be Equal As Numbers" owner="BuiltIn">
<msg time="2025-08-24T18:24:39.274838" level="INFO">Argument types are:
&lt;class 'int'&gt;
&lt;class 'str'&gt;</msg>
<arg>${put_response.status_code}</arg>
<arg>200</arg>
<doc>Fails if objects are unequal after converting them to real numbers.</doc>
<status status="PASS" start="2025-08-24T18:24:39.273606" elapsed="0.001330"/>
</kw>
<kw name="Log To Console" owner="BuiltIn">
<arg>✅ Booking ${booking_id} created and updated successfully</arg>
<doc>Logs the given message to the console.</doc>
<status status="PASS" start="2025-08-24T18:24:39.275148" elapsed="0.001043"/>
</kw>
<var name="${index}">0</var>
<status status="PASS" start="2025-08-24T18:23:32.715526" elapsed="66.560743"/>
</iter>
<iter>
<kw name="Get From List" owner="Collections">
<msg time="2025-08-24T18:24:39.278193" level="INFO">${payload} = {'firstname': 'Themba', 'lastname': 'Ngcobo', 'totalprice': 185, 'depositpaid': False, 'bookingdates': {'checkin': '2025-08-07', 'checkout': '2025-08-09'}, 'additionalneeds': 'Lunch'}</msg>
<var>${payload}</var>
<arg>${payload_list}</arg>
<arg>${index}</arg>
<doc>Returns the value specified with an ``index`` from ``list``.</doc>
<status status="PASS" start="2025-08-24T18:24:39.277853" elapsed="0.000389"/>
</kw>
<kw name="Create Dictionary" owner="BuiltIn">
<msg time="2025-08-24T18:24:39.279446" level="INFO">${headers} = {'Content-Type': 'application/json', 'Accept': 'application/json', 'Authorization': 'Basic YWRtaW46cGFzc3dvcmQxMjM='}</msg>
<var>${headers}</var>
<arg>Content-Type=application/json</arg>
<arg>Accept=application/json</arg>
<arg>Authorization=${auth_header}</arg>
<doc>Creates and returns a dictionary based on the given ``items``.</doc>
<status status="PASS" start="2025-08-24T18:24:39.278450" elapsed="0.001055"/>
</kw>
<kw name="POST On Session" owner="RequestsLibrary">
<msg time="2025-08-24T18:24:42.674569" level="INFO">POST Request : url=https://restful-booker.herokuapp.com/booking 
 path_url=/booking 
 headers={'User-Agent': 'python-requests/2.32.4', 'Accept-Encoding': 'gzip, deflate, br', 'Accept': 'application/json', 'Connection': 'keep-alive', 'Content-Type': 'application/json', 'Authorization': 'Basic YWRtaW46cGFzc3dvcmQxMjM=', 'Content-Length': '183'} 
 body=b'{"firstname": "Themba", "lastname": "Ngcobo", "totalprice": 185, "depositpaid": false, "bookingdates": {"checkin": "2025-08-07", "checkout": "2025-08-09"}, "additionalneeds": "Lunch"}' 
 </msg>
<msg time="2025-08-24T18:24:42.674648" level="INFO">POST Response : url=https://restful-booker.herokuapp.com/booking 
 status=200, reason=OK 
 headers={'Content-Length': '198', 'Content-Type': 'application/json; charset=utf-8', 'Date': 'Sun, 24 Aug 2025 16:24:42 GMT', 'Etag': 'W/"c6-5eYGFO2p6MwjuDRgqyZJVR7zKvM"', 'Nel': '{"report_to":"heroku-nel","response_headers":["Via"],"max_age":3600,"success_fraction":0.01,"failure_fraction":0.1}', 'Report-To': '{"group":"heroku-nel","endpoints":[{"url":"https://nel.heroku.com/reports?s=wTlLEkvf62BIagIYnOV2y6lUw4biepswWLgSrkOSNNk%3D\\u0026sid=c46efe9b-d3d2-4a0c-8c76-bfafa16c5add\\u0026ts=1756052682"}],"max_age":3600}', 'Reporting-Endpoints': 'heroku-nel="https://nel.heroku.com/reports?s=wTlLEkvf62BIagIYnOV2y6lUw4biepswWLgSrkOSNNk%3D&amp;sid=c46efe9b-d3d2-4a0c-8c76-bfafa16c5add&amp;ts=1756052682"', 'Server': 'Heroku', 'Via': '1.1 heroku-router', 'X-Powered-By': 'Express'} 
 body={"bookingid":2029,"booking":{"firstname":"Themba","lastname":"Ngcobo","totalprice":185,"depositpaid":false,"bookingdates":{"checkin":"2025-08-07","checkout":"2025-08-09"},"additionalneeds":"Lunch"}} 
 </msg>
<msg time="2025-08-24T18:24:42.674702" level="INFO">C:\Users\arenaho.muhali\PycharmProjects\MUHALI_ARENAHO_HOLDINGS\.venv\Lib\site-packages\urllib3\connectionpool.py:1097: InsecureRequestWarning: Unverified HTTPS request is being made to host 'restful-booker.herokuapp.com'. Adding certificate verification is strongly advised. See: https://urllib3.readthedocs.io/en/latest/advanced-usage.html#tls-warnings
  warnings.warn(</msg>
<msg time="2025-08-24T18:24:42.674844" level="INFO">${response} = &lt;Response [200]&gt;</msg>
<var>${response}</var>
<arg>mysession</arg>
<arg>${BOOKING_EP}</arg>
<arg>json=${payload}</arg>
<arg>headers=${headers}</arg>
<doc>Sends a POST request on a previously created HTTP Session.</doc>
<status status="PASS" start="2025-08-24T18:24:39.279682" elapsed="3.395183"/>
</kw>
<kw name="Should Be Equal As Numbers" owner="BuiltIn">
<msg time="2025-08-24T18:24:42.675860" level="INFO">Argument types are:
&lt;class 'int'&gt;
&lt;class 'str'&gt;</msg>
<arg>${response.status_code}</arg>
<arg>200</arg>
<doc>Fails if objects are unequal after converting them to real numbers.</doc>
<status status="PASS" start="2025-08-24T18:24:42.675010" elapsed="0.000913"/>
</kw>
<kw name="To Json" owner="RequestsLibrary">
<msg time="2025-08-24T18:24:42.676067" level="WARN">Keyword 'RequestsLibrary.To Json' is deprecated. Please use ${resp.json()} instead. Have a look at the improved HTML output as pretty printing replacement.</msg>
<msg time="2025-08-24T18:24:42.676493" level="INFO">To JSON using : content={"bookingid":2029,"booking":{"firstname":"Themba","lastname":"Ngcobo","totalprice":185,"depositpaid":false,"bookingdates":{"checkin":"2025-08-07","checkout":"2025-08-09"},"additionalneeds":"Lunch"}} </msg>
<msg time="2025-08-24T18:24:42.676516" level="INFO">To JSON using : pretty_print=False </msg>
<msg time="2025-08-24T18:24:42.676576" level="INFO">${booking} = {'bookingid': 2029, 'booking': {'firstname': 'Themba', 'lastname': 'Ngcobo', 'totalprice': 185, 'depositpaid': False, 'bookingdates': {'checkin': '2025-08-07', 'checkout': '2025-08-09'}, 'additionalne...</msg>
<var>${booking}</var>
<arg>${response.content}</arg>
<doc>*DEPRECATED* Please use ${resp.json()} instead. Have a look at the improved HTML output as pretty printing replacement.</doc>
<status status="PASS" start="2025-08-24T18:24:42.676042" elapsed="0.000553"/>
</kw>
<kw name="Get From Dictionary" owner="Collections">
<msg time="2025-08-24T18:24:42.676802" level="INFO">${booking_id} = 2029</msg>
<var>${booking_id}</var>
<arg>${booking}</arg>
<arg>bookingid</arg>
<doc>Returns a value from the given ``dictionary`` based on the given ``key``.</doc>
<status status="PASS" start="2025-08-24T18:24:42.676688" elapsed="0.000131"/>
</kw>
<kw name="PUT On Session" owner="RequestsLibrary">
<msg time="2025-08-24T18:24:45.909284" level="INFO">PUT Request : url=https://restful-booker.herokuapp.com/booking/2029 
 path_url=/booking/2029 
 headers={'User-Agent': 'python-requests/2.32.4', 'Accept-Encoding': 'gzip, deflate, br', 'Accept': 'application/json', 'Connection': 'keep-alive', 'Content-Type': 'application/json', 'Authorization': 'Basic YWRtaW46cGFzc3dvcmQxMjM=', 'Content-Length': '183'} 
 body=b'{"firstname": "Themba", "lastname": "Ngcobo", "totalprice": 185, "depositpaid": false, "bookingdates": {"checkin": "2025-08-07", "checkout": "2025-08-09"}, "additionalneeds": "Lunch"}' 
 </msg>
<msg time="2025-08-24T18:24:45.909359" level="INFO">PUT Response : url=https://restful-booker.herokuapp.com/booking/2029 
 status=200, reason=OK 
 headers={'Content-Length': '169', 'Content-Type': 'application/json; charset=utf-8', 'Date': 'Sun, 24 Aug 2025 16:24:45 GMT', 'Etag': 'W/"a9-i8egNnNmk4WsxnQkcKvUVfYWxxY"', 'Nel': '{"report_to":"heroku-nel","response_headers":["Via"],"max_age":3600,"success_fraction":0.01,"failure_fraction":0.1}', 'Report-To': '{"group":"heroku-nel","endpoints":[{"url":"https://nel.heroku.com/reports?s=8ZIiay4p5dTFW5%2BbVOz9H05qjfW7uG3ShzpzQ2V2mSM%3D\\u0026sid=c46efe9b-d3d2-4a0c-8c76-bfafa16c5add\\u0026ts=1756052685"}],"max_age":3600}', 'Reporting-Endpoints': 'heroku-nel="https://nel.heroku.com/reports?s=8ZIiay4p5dTFW5%2BbVOz9H05qjfW7uG3ShzpzQ2V2mSM%3D&amp;sid=c46efe9b-d3d2-4a0c-8c76-bfafa16c5add&amp;ts=1756052685"', 'Server': 'Heroku', 'Via': '1.1 heroku-router', 'X-Powered-By': 'Express'} 
 body={"firstname":"Themba","lastname":"Ngcobo","totalprice":185,"depositpaid":false,"bookingdates":{"checkin":"2025-08-07","checkout":"2025-08-09"},"additionalneeds":"Lunch"} 
 </msg>
<msg time="2025-08-24T18:24:45.909411" level="INFO">C:\Users\arenaho.muhali\PycharmProjects\MUHALI_ARENAHO_HOLDINGS\.venv\Lib\site-packages\urllib3\connectionpool.py:1097: InsecureRequestWarning: Unverified HTTPS request is being made to host 'restful-booker.herokuapp.com'. Adding certificate verification is strongly advised. See: https://urllib3.readthedocs.io/en/latest/advanced-usage.html#tls-warnings
  warnings.warn(</msg>
<msg time="2025-08-24T18:24:45.909570" level="INFO">${put_response} = &lt;Response [200]&gt;</msg>
<var>${put_response}</var>
<arg>mysession</arg>
<arg>${BOOKING_EP}/${booking_id}</arg>
<arg>json=${payload}</arg>
<arg>headers=${headers}</arg>
<doc>Sends a PUT request on a previously created HTTP Session.</doc>
<status status="PASS" start="2025-08-24T18:24:42.676901" elapsed="3.232692"/>
</kw>
<kw name="Should Be Equal As Numbers" owner="BuiltIn">
<msg time="2025-08-24T18:24:45.910287" level="INFO">Argument types are:
&lt;class 'int'&gt;
&lt;class 'str'&gt;</msg>
<arg>${put_response.status_code}</arg>
<arg>200</arg>
<doc>Fails if objects are unequal after converting them to real numbers.</doc>
<status status="PASS" start="2025-08-24T18:24:45.909740" elapsed="0.000606"/>
</kw>
<kw name="Log To Console" owner="BuiltIn">
<arg>✅ Booking ${booking_id} created and updated successfully</arg>
<doc>Logs the given message to the console.</doc>
<status status="PASS" start="2025-08-24T18:24:45.910464" elapsed="0.000128"/>
</kw>
<var name="${index}">1</var>
<status status="PASS" start="2025-08-24T18:24:39.277658" elapsed="6.632964"/>
</iter>
<iter>
<kw name="Get From List" owner="Collections">
<msg time="2025-08-24T18:24:45.910945" level="INFO">${payload} = {'firstname': 'Kabelo', 'lastname': 'Mahlangu', 'totalprice': 161, 'depositpaid': True, 'bookingdates': {'checkin': '2025-08-07', 'checkout': '2025-08-17'}, 'additionalneeds': 'Parking'}</msg>
<var>${payload}</var>
<arg>${payload_list}</arg>
<arg>${index}</arg>
<doc>Returns the value specified with an ``index`` from ``list``.</doc>
<status status="PASS" start="2025-08-24T18:24:45.910812" elapsed="0.000153"/>
</kw>
<kw name="Create Dictionary" owner="BuiltIn">
<msg time="2025-08-24T18:24:45.911223" level="INFO">${headers} = {'Content-Type': 'application/json', 'Accept': 'application/json', 'Authorization': 'Basic YWRtaW46cGFzc3dvcmQxMjM='}</msg>
<var>${headers}</var>
<arg>Content-Type=application/json</arg>
<arg>Accept=application/json</arg>
<arg>Authorization=${auth_header}</arg>
<doc>Creates and returns a dictionary based on the given ``items``.</doc>
<status status="PASS" start="2025-08-24T18:24:45.911055" elapsed="0.000188"/>
</kw>
<kw name="POST On Session" owner="RequestsLibrary">
<msg time="2025-08-24T18:24:47.882074" level="INFO">POST Request : url=https://restful-booker.herokuapp.com/booking 
 path_url=/booking 
 headers={'User-Agent': 'python-requests/2.32.4', 'Accept-Encoding': 'gzip, deflate, br', 'Accept': 'application/json', 'Connection': 'keep-alive', 'Content-Type': 'application/json', 'Authorization': 'Basic YWRtaW46cGFzc3dvcmQxMjM=', 'Content-Length': '186'} 
 body=b'{"firstname": "Kabelo", "lastname": "Mahlangu", "totalprice": 161, "depositpaid": true, "bookingdates": {"checkin": "2025-08-07", "checkout": "2025-08-17"}, "additionalneeds": "Parking"}' 
 </msg>
<msg time="2025-08-24T18:24:47.882235" level="INFO">POST Response : url=https://restful-booker.herokuapp.com/booking 
 status=200, reason=OK 
 headers={'Content-Length': '201', 'Content-Type': 'application/json; charset=utf-8', 'Date': 'Sun, 24 Aug 2025 16:24:47 GMT', 'Etag': 'W/"c9-lMmr5lM15DB6mgSQ1vy2jSiwLus"', 'Nel': '{"report_to":"heroku-nel","response_headers":["Via"],"max_age":3600,"success_fraction":0.01,"failure_fraction":0.1}', 'Report-To': '{"group":"heroku-nel","endpoints":[{"url":"https://nel.heroku.com/reports?s=dmdjlX8TkZJdsuMG0yh9lf49JAd3dCrY98YxEfATW3k%3D\\u0026sid=c46efe9b-d3d2-4a0c-8c76-bfafa16c5add\\u0026ts=1756052687"}],"max_age":3600}', 'Reporting-Endpoints': 'heroku-nel="https://nel.heroku.com/reports?s=dmdjlX8TkZJdsuMG0yh9lf49JAd3dCrY98YxEfATW3k%3D&amp;sid=c46efe9b-d3d2-4a0c-8c76-bfafa16c5add&amp;ts=1756052687"', 'Server': 'Heroku', 'Via': '1.1 heroku-router', 'X-Powered-By': 'Express'} 
 body={"bookingid":2077,"booking":{"firstname":"Kabelo","lastname":"Mahlangu","totalprice":161,"depositpaid":true,"bookingdates":{"checkin":"2025-08-07","checkout":"2025-08-17"},"additionalneeds":"Parking"}} 
 </msg>
<msg time="2025-08-24T18:24:47.882304" level="INFO">C:\Users\arenaho.muhali\PycharmProjects\MUHALI_ARENAHO_HOLDINGS\.venv\Lib\site-packages\urllib3\connectionpool.py:1097: InsecureRequestWarning: Unverified HTTPS request is being made to host 'restful-booker.herokuapp.com'. Adding certificate verification is strongly advised. See: https://urllib3.readthedocs.io/en/latest/advanced-usage.html#tls-warnings
  warnings.warn(</msg>
<msg time="2025-08-24T18:24:47.882427" level="INFO">${response} = &lt;Response [200]&gt;</msg>
<var>${response}</var>
<arg>mysession</arg>
<arg>${BOOKING_EP}</arg>
<arg>json=${payload}</arg>
<arg>headers=${headers}</arg>
<doc>Sends a POST request on a previously created HTTP Session.</doc>
<status status="PASS" start="2025-08-24T18:24:45.911323" elapsed="1.971125"/>
</kw>
<kw name="Should Be Equal As Numbers" owner="BuiltIn">
<msg time="2025-08-24T18:24:47.883075" level="INFO">Argument types are:
&lt;class 'int'&gt;
&lt;class 'str'&gt;</msg>
<arg>${response.status_code}</arg>
<arg>200</arg>
<doc>Fails if objects are unequal after converting them to real numbers.</doc>
<status status="PASS" start="2025-08-24T18:24:47.882599" elapsed="0.000529"/>
</kw>
<kw name="To Json" owner="RequestsLibrary">
<msg time="2025-08-24T18:24:47.883253" level="WARN">Keyword 'RequestsLibrary.To Json' is deprecated. Please use ${resp.json()} instead. Have a look at the improved HTML output as pretty printing replacement.</msg>
<msg time="2025-08-24T18:24:47.883686" level="INFO">To JSON using : content={"bookingid":2077,"booking":{"firstname":"Kabelo","lastname":"Mahlangu","totalprice":161,"depositpaid":true,"bookingdates":{"checkin":"2025-08-07","checkout":"2025-08-17"},"additionalneeds":"Parking"}} </msg>
<msg time="2025-08-24T18:24:47.883708" level="INFO">To JSON using : pretty_print=False </msg>
<msg time="2025-08-24T18:24:47.883773" level="INFO">${booking} = {'bookingid': 2077, 'booking': {'firstname': 'Kabelo', 'lastname': 'Mahlangu', 'totalprice': 161, 'depositpaid': True, 'bookingdates': {'checkin': '2025-08-07', 'checkout': '2025-08-17'}, 'additionaln...</msg>
<var>${booking}</var>
<arg>${response.content}</arg>
<doc>*DEPRECATED* Please use ${resp.json()} instead. Have a look at the improved HTML output as pretty printing replacement.</doc>
<status status="PASS" start="2025-08-24T18:24:47.883233" elapsed="0.000559"/>
</kw>
<kw name="Get From Dictionary" owner="Collections">
<msg time="2025-08-24T18:24:47.884449" level="INFO">${booking_id} = 2077</msg>
<var>${booking_id}</var>
<arg>${booking}</arg>
<arg>bookingid</arg>
<doc>Returns a value from the given ``dictionary`` based on the given ``key``.</doc>
<status status="PASS" start="2025-08-24T18:24:47.884293" elapsed="0.000178"/>
</kw>
<kw name="PUT On Session" owner="RequestsLibrary">
<msg time="2025-08-24T18:24:49.839768" level="INFO">PUT Request : url=https://restful-booker.herokuapp.com/booking/2077 
 path_url=/booking/2077 
 headers={'User-Agent': 'python-requests/2.32.4', 'Accept-Encoding': 'gzip, deflate, br', 'Accept': 'application/json', 'Connection': 'keep-alive', 'Content-Type': 'application/json', 'Authorization': 'Basic YWRtaW46cGFzc3dvcmQxMjM=', 'Content-Length': '186'} 
 body=b'{"firstname": "Kabelo", "lastname": "Mahlangu", "totalprice": 161, "depositpaid": true, "bookingdates": {"checkin": "2025-08-07", "checkout": "2025-08-17"}, "additionalneeds": "Parking"}' 
 </msg>
<msg time="2025-08-24T18:24:49.839894" level="INFO">PUT Response : url=https://restful-booker.herokuapp.com/booking/2077 
 status=200, reason=OK 
 headers={'Content-Length': '172', 'Content-Type': 'application/json; charset=utf-8', 'Date': 'Sun, 24 Aug 2025 16:24:49 GMT', 'Etag': 'W/"ac-dOUaZtHT18bePSVaKr4Yt7cNLzw"', 'Nel': '{"report_to":"heroku-nel","response_headers":["Via"],"max_age":3600,"success_fraction":0.01,"failure_fraction":0.1}', 'Report-To': '{"group":"heroku-nel","endpoints":[{"url":"https://nel.heroku.com/reports?s=bUUspWrQ1kc3UEtKyBNjRVglzN8BEgqZ6Ca6Cy%2BIZNw%3D\\u0026sid=c46efe9b-d3d2-4a0c-8c76-bfafa16c5add\\u0026ts=1756052689"}],"max_age":3600}', 'Reporting-Endpoints': 'heroku-nel="https://nel.heroku.com/reports?s=bUUspWrQ1kc3UEtKyBNjRVglzN8BEgqZ6Ca6Cy%2BIZNw%3D&amp;sid=c46efe9b-d3d2-4a0c-8c76-bfafa16c5add&amp;ts=1756052689"', 'Server': 'Heroku', 'Via': '1.1 heroku-router', 'X-Powered-By': 'Express'} 
 body={"firstname":"Kabelo","lastname":"Mahlangu","totalprice":161,"depositpaid":true,"bookingdates":{"checkin":"2025-08-07","checkout":"2025-08-17"},"additionalneeds":"Parking"} 
 </msg>
<msg time="2025-08-24T18:24:49.840239" level="INFO">C:\Users\arenaho.muhali\PycharmProjects\MUHALI_ARENAHO_HOLDINGS\.venv\Lib\site-packages\urllib3\connectionpool.py:1097: InsecureRequestWarning: Unverified HTTPS request is being made to host 'restful-booker.herokuapp.com'. Adding certificate verification is strongly advised. See: https://urllib3.readthedocs.io/en/latest/advanced-usage.html#tls-warnings
  warnings.warn(</msg>
<msg time="2025-08-24T18:24:49.840463" level="INFO">${put_response} = &lt;Response [200]&gt;</msg>
<var>${put_response}</var>
<arg>mysession</arg>
<arg>${BOOKING_EP}/${booking_id}</arg>
<arg>json=${payload}</arg>
<arg>headers=${headers}</arg>
<doc>Sends a PUT request on a previously created HTTP Session.</doc>
<status status="PASS" start="2025-08-24T18:24:47.884562" elapsed="1.955938"/>
</kw>
<kw name="Should Be Equal As Numbers" owner="BuiltIn">
<msg time="2025-08-24T18:24:49.841280" level="INFO">Argument types are:
&lt;class 'int'&gt;
&lt;class 'str'&gt;</msg>
<arg>${put_response.status_code}</arg>
<arg>200</arg>
<doc>Fails if objects are unequal after converting them to real numbers.</doc>
<status status="PASS" start="2025-08-24T18:24:49.840687" elapsed="0.000676"/>
</kw>
<kw name="Log To Console" owner="BuiltIn">
<arg>✅ Booking ${booking_id} created and updated successfully</arg>
<doc>Logs the given message to the console.</doc>
<status status="PASS" start="2025-08-24T18:24:49.841520" elapsed="0.000180"/>
</kw>
<var name="${index}">2</var>
<status status="PASS" start="2025-08-24T18:24:45.910740" elapsed="3.930996"/>
</iter>
<iter>
<kw name="Get From List" owner="Collections">
<msg time="2025-08-24T18:24:49.842074" level="INFO">${payload} = {'firstname': 'Ayanda', 'lastname': 'Sithole', 'totalprice': 217, 'depositpaid': True, 'bookingdates': {'checkin': '2025-08-04', 'checkout': '2025-08-10'}, 'additionalneeds': 'None'}</msg>
<var>${payload}</var>
<arg>${payload_list}</arg>
<arg>${index}</arg>
<doc>Returns the value specified with an ``index`` from ``list``.</doc>
<status status="PASS" start="2025-08-24T18:24:49.841928" elapsed="0.000168"/>
</kw>
<kw name="Create Dictionary" owner="BuiltIn">
<msg time="2025-08-24T18:24:49.842365" level="INFO">${headers} = {'Content-Type': 'application/json', 'Accept': 'application/json', 'Authorization': 'Basic YWRtaW46cGFzc3dvcmQxMjM='}</msg>
<var>${headers}</var>
<arg>Content-Type=application/json</arg>
<arg>Accept=application/json</arg>
<arg>Authorization=${auth_header}</arg>
<doc>Creates and returns a dictionary based on the given ``items``.</doc>
<status status="PASS" start="2025-08-24T18:24:49.842188" elapsed="0.000197"/>
</kw>
<kw name="POST On Session" owner="RequestsLibrary">
<msg time="2025-08-24T18:24:53.452042" level="INFO">POST Request : url=https://restful-booker.herokuapp.com/booking 
 path_url=/booking 
 headers={'User-Agent': 'python-requests/2.32.4', 'Accept-Encoding': 'gzip, deflate, br', 'Accept': 'application/json', 'Connection': 'keep-alive', 'Content-Type': 'application/json', 'Authorization': 'Basic YWRtaW46cGFzc3dvcmQxMjM=', 'Content-Length': '182'} 
 body=b'{"firstname": "Ayanda", "lastname": "Sithole", "totalprice": 217, "depositpaid": true, "bookingdates": {"checkin": "2025-08-04", "checkout": "2025-08-10"}, "additionalneeds": "None"}' 
 </msg>
<msg time="2025-08-24T18:24:53.452163" level="INFO">POST Response : url=https://restful-booker.herokuapp.com/booking 
 status=200, reason=OK 
 headers={'Content-Length': '197', 'Content-Type': 'application/json; charset=utf-8', 'Date': 'Sun, 24 Aug 2025 16:24:53 GMT', 'Etag': 'W/"c5-/glidusCRMklg77qHmBXmQF9xAc"', 'Nel': '{"report_to":"heroku-nel","response_headers":["Via"],"max_age":3600,"success_fraction":0.01,"failure_fraction":0.1}', 'Report-To': '{"group":"heroku-nel","endpoints":[{"url":"https://nel.heroku.com/reports?s=1l88R4SfvdT3bUECTKyuqqgFabFM55kcqHaOmMbiMd0%3D\\u0026sid=c46efe9b-d3d2-4a0c-8c76-bfafa16c5add\\u0026ts=1756052693"}],"max_age":3600}', 'Reporting-Endpoints': 'heroku-nel="https://nel.heroku.com/reports?s=1l88R4SfvdT3bUECTKyuqqgFabFM55kcqHaOmMbiMd0%3D&amp;sid=c46efe9b-d3d2-4a0c-8c76-bfafa16c5add&amp;ts=1756052693"', 'Server': 'Heroku', 'Via': '1.1 heroku-router', 'X-Powered-By': 'Express'} 
 body={"bookingid":2123,"booking":{"firstname":"Ayanda","lastname":"Sithole","totalprice":217,"depositpaid":true,"bookingdates":{"checkin":"2025-08-04","checkout":"2025-08-10"},"additionalneeds":"None"}} 
 </msg>
<msg time="2025-08-24T18:24:53.452255" level="INFO">C:\Users\arenaho.muhali\PycharmProjects\MUHALI_ARENAHO_HOLDINGS\.venv\Lib\site-packages\urllib3\connectionpool.py:1097: InsecureRequestWarning: Unverified HTTPS request is being made to host 'restful-booker.herokuapp.com'. Adding certificate verification is strongly advised. See: https://urllib3.readthedocs.io/en/latest/advanced-usage.html#tls-warnings
  warnings.warn(</msg>
<msg time="2025-08-24T18:24:53.452433" level="INFO">${response} = &lt;Response [200]&gt;</msg>
<var>${response}</var>
<arg>mysession</arg>
<arg>${BOOKING_EP}</arg>
<arg>json=${payload}</arg>
<arg>headers=${headers}</arg>
<doc>Sends a POST request on a previously created HTTP Session.</doc>
<status status="PASS" start="2025-08-24T18:24:49.842471" elapsed="3.609996"/>
</kw>
<kw name="Should Be Equal As Numbers" owner="BuiltIn">
<msg time="2025-08-24T18:24:53.453540" level="INFO">Argument types are:
&lt;class 'int'&gt;
&lt;class 'str'&gt;</msg>
<arg>${response.status_code}</arg>
<arg>200</arg>
<doc>Fails if objects are unequal after converting them to real numbers.</doc>
<status status="PASS" start="2025-08-24T18:24:53.452740" elapsed="0.000900"/>
</kw>
<kw name="To Json" owner="RequestsLibrary">
<msg time="2025-08-24T18:24:53.453879" level="WARN">Keyword 'RequestsLibrary.To Json' is deprecated. Please use ${resp.json()} instead. Have a look at the improved HTML output as pretty printing replacement.</msg>
<msg time="2025-08-24T18:24:53.454675" level="INFO">To JSON using : content={"bookingid":2123,"booking":{"firstname":"Ayanda","lastname":"Sithole","totalprice":217,"depositpaid":true,"bookingdates":{"checkin":"2025-08-04","checkout":"2025-08-10"},"additionalneeds":"None"}} </msg>
<msg time="2025-08-24T18:24:53.454746" level="INFO">To JSON using : pretty_print=False </msg>
<msg time="2025-08-24T18:24:53.454859" level="INFO">${booking} = {'bookingid': 2123, 'booking': {'firstname': 'Ayanda', 'lastname': 'Sithole', 'totalprice': 217, 'depositpaid': True, 'bookingdates': {'checkin': '2025-08-04', 'checkout': '2025-08-10'}, 'additionalne...</msg>
<var>${booking}</var>
<arg>${response.content}</arg>
<doc>*DEPRECATED* Please use ${resp.json()} instead. Have a look at the improved HTML output as pretty printing replacement.</doc>
<status status="PASS" start="2025-08-24T18:24:53.453837" elapsed="0.001047"/>
</kw>
<kw name="Get From Dictionary" owner="Collections">
<msg time="2025-08-24T18:24:53.455232" level="INFO">${booking_id} = 2123</msg>
<var>${booking_id}</var>
<arg>${booking}</arg>
<arg>bookingid</arg>
<doc>Returns a value from the given ``dictionary`` based on the given ``key``.</doc>
<status status="PASS" start="2025-08-24T18:24:53.455064" elapsed="0.000190"/>
</kw>
<kw name="PUT On Session" owner="RequestsLibrary">
<msg time="2025-08-24T18:24:57.179824" level="INFO">PUT Request : url=https://restful-booker.herokuapp.com/booking/2123 
 path_url=/booking/2123 
 headers={'User-Agent': 'python-requests/2.32.4', 'Accept-Encoding': 'gzip, deflate, br', 'Accept': 'application/json', 'Connection': 'keep-alive', 'Content-Type': 'application/json', 'Authorization': 'Basic YWRtaW46cGFzc3dvcmQxMjM=', 'Content-Length': '182'} 
 body=b'{"firstname": "Ayanda", "lastname": "Sithole", "totalprice": 217, "depositpaid": true, "bookingdates": {"checkin": "2025-08-04", "checkout": "2025-08-10"}, "additionalneeds": "None"}' 
 </msg>
<msg time="2025-08-24T18:24:57.179939" level="INFO">PUT Response : url=https://restful-booker.herokuapp.com/booking/2123 
 status=200, reason=OK 
 headers={'Content-Length': '168', 'Content-Type': 'application/json; charset=utf-8', 'Date': 'Sun, 24 Aug 2025 16:24:57 GMT', 'Etag': 'W/"a8-92x0ggAcRJUJQVvOUdmx/j7BxeA"', 'Nel': '{"report_to":"heroku-nel","response_headers":["Via"],"max_age":3600,"success_fraction":0.01,"failure_fraction":0.1}', 'Report-To': '{"group":"heroku-nel","endpoints":[{"url":"https://nel.heroku.com/reports?s=FWEv1ePXUo4umwB4vClOu2H4M8msgPqe29X1%2FtqBQNQ%3D\\u0026sid=c46efe9b-d3d2-4a0c-8c76-bfafa16c5add\\u0026ts=1756052697"}],"max_age":3600}', 'Reporting-Endpoints': 'heroku-nel="https://nel.heroku.com/reports?s=FWEv1ePXUo4umwB4vClOu2H4M8msgPqe29X1%2FtqBQNQ%3D&amp;sid=c46efe9b-d3d2-4a0c-8c76-bfafa16c5add&amp;ts=1756052697"', 'Server': 'Heroku', 'Via': '1.1 heroku-router', 'X-Powered-By': 'Express'} 
 body={"firstname":"Ayanda","lastname":"Sithole","totalprice":217,"depositpaid":true,"bookingdates":{"checkin":"2025-08-04","checkout":"2025-08-10"},"additionalneeds":"None"} 
 </msg>
<msg time="2025-08-24T18:24:57.180429" level="INFO">C:\Users\arenaho.muhali\PycharmProjects\MUHALI_ARENAHO_HOLDINGS\.venv\Lib\site-packages\urllib3\connectionpool.py:1097: InsecureRequestWarning: Unverified HTTPS request is being made to host 'restful-booker.herokuapp.com'. Adding certificate verification is strongly advised. See: https://urllib3.readthedocs.io/en/latest/advanced-usage.html#tls-warnings
  warnings.warn(</msg>
<msg time="2025-08-24T18:24:57.180610" level="INFO">${put_response} = &lt;Response [200]&gt;</msg>
<var>${put_response}</var>
<arg>mysession</arg>
<arg>${BOOKING_EP}/${booking_id}</arg>
<arg>json=${payload}</arg>
<arg>headers=${headers}</arg>
<doc>Sends a PUT request on a previously created HTTP Session.</doc>
<status status="PASS" start="2025-08-24T18:24:53.455353" elapsed="3.725281"/>
</kw>
<kw name="Should Be Equal As Numbers" owner="BuiltIn">
<msg time="2025-08-24T18:24:57.181281" level="INFO">Argument types are:
&lt;class 'int'&gt;
&lt;class 'str'&gt;</msg>
<arg>${put_response.status_code}</arg>
<arg>200</arg>
<doc>Fails if objects are unequal after converting them to real numbers.</doc>
<status status="PASS" start="2025-08-24T18:24:57.180820" elapsed="0.000508"/>
</kw>
<kw name="Log To Console" owner="BuiltIn">
<arg>✅ Booking ${booking_id} created and updated successfully</arg>
<doc>Logs the given message to the console.</doc>
<status status="PASS" start="2025-08-24T18:24:57.181422" elapsed="0.000123"/>
</kw>
<var name="${index}">3</var>
<status status="PASS" start="2025-08-24T18:24:49.841853" elapsed="7.339721"/>
</iter>
<iter>
<kw name="Get From List" owner="Collections">
<msg time="2025-08-24T18:24:57.181921" level="INFO">${payload} = {'firstname': 'Nomsa', 'lastname': 'Mahlangu', 'totalprice': 453, 'depositpaid': True, 'bookingdates': {'checkin': '2025-08-08', 'checkout': '2025-08-09'}, 'additionalneeds': 'Lunch'}</msg>
<var>${payload}</var>
<arg>${payload_list}</arg>
<arg>${index}</arg>
<doc>Returns the value specified with an ``index`` from ``list``.</doc>
<status status="PASS" start="2025-08-24T18:24:57.181770" elapsed="0.000170"/>
</kw>
<kw name="Create Dictionary" owner="BuiltIn">
<msg time="2025-08-24T18:24:57.182184" level="INFO">${headers} = {'Content-Type': 'application/json', 'Accept': 'application/json', 'Authorization': 'Basic YWRtaW46cGFzc3dvcmQxMjM='}</msg>
<var>${headers}</var>
<arg>Content-Type=application/json</arg>
<arg>Accept=application/json</arg>
<arg>Authorization=${auth_header}</arg>
<doc>Creates and returns a dictionary based on the given ``items``.</doc>
<status status="PASS" start="2025-08-24T18:24:57.182024" elapsed="0.000178"/>
</kw>
<kw name="POST On Session" owner="RequestsLibrary">
<msg time="2025-08-24T18:25:00.432089" level="INFO">POST Request : url=https://restful-booker.herokuapp.com/booking 
 path_url=/booking 
 headers={'User-Agent': 'python-requests/2.32.4', 'Accept-Encoding': 'gzip, deflate, br', 'Accept': 'application/json', 'Connection': 'keep-alive', 'Content-Type': 'application/json', 'Authorization': 'Basic YWRtaW46cGFzc3dvcmQxMjM=', 'Content-Length': '183'} 
 body=b'{"firstname": "Nomsa", "lastname": "Mahlangu", "totalprice": 453, "depositpaid": true, "bookingdates": {"checkin": "2025-08-08", "checkout": "2025-08-09"}, "additionalneeds": "Lunch"}' 
 </msg>
<msg time="2025-08-24T18:25:00.432224" level="INFO">POST Response : url=https://restful-booker.herokuapp.com/booking 
 status=200, reason=OK 
 headers={'Content-Length': '198', 'Content-Type': 'application/json; charset=utf-8', 'Date': 'Sun, 24 Aug 2025 16:25:00 GMT', 'Etag': 'W/"c6-0gMNChw8Tlje3H8+YV4j02rtjg8"', 'Nel': '{"report_to":"heroku-nel","response_headers":["Via"],"max_age":3600,"success_fraction":0.01,"failure_fraction":0.1}', 'Report-To': '{"group":"heroku-nel","endpoints":[{"url":"https://nel.heroku.com/reports?s=ODLmRK4faE6hbC54i3zKMV9NsjmrGfxdWPbsFqGFrXA%3D\\u0026sid=c46efe9b-d3d2-4a0c-8c76-bfafa16c5add\\u0026ts=1756052700"}],"max_age":3600}', 'Reporting-Endpoints': 'heroku-nel="https://nel.heroku.com/reports?s=ODLmRK4faE6hbC54i3zKMV9NsjmrGfxdWPbsFqGFrXA%3D&amp;sid=c46efe9b-d3d2-4a0c-8c76-bfafa16c5add&amp;ts=1756052700"', 'Server': 'Heroku', 'Via': '1.1 heroku-router', 'X-Powered-By': 'Express'} 
 body={"bookingid":2185,"booking":{"firstname":"Nomsa","lastname":"Mahlangu","totalprice":453,"depositpaid":true,"bookingdates":{"checkin":"2025-08-08","checkout":"2025-08-09"},"additionalneeds":"Lunch"}} 
 </msg>
<msg time="2025-08-24T18:25:00.432309" level="INFO">C:\Users\arenaho.muhali\PycharmProjects\MUHALI_ARENAHO_HOLDINGS\.venv\Lib\site-packages\urllib3\connectionpool.py:1097: InsecureRequestWarning: Unverified HTTPS request is being made to host 'restful-booker.herokuapp.com'. Adding certificate verification is strongly advised. See: https://urllib3.readthedocs.io/en/latest/advanced-usage.html#tls-warnings
  warnings.warn(</msg>
<msg time="2025-08-24T18:25:00.432502" level="INFO">${response} = &lt;Response [200]&gt;</msg>
<var>${response}</var>
<arg>mysession</arg>
<arg>${BOOKING_EP}</arg>
<arg>json=${payload}</arg>
<arg>headers=${headers}</arg>
<doc>Sends a POST request on a previously created HTTP Session.</doc>
<status status="PASS" start="2025-08-24T18:24:57.182278" elapsed="3.250251"/>
</kw>
<kw name="Should Be Equal As Numbers" owner="BuiltIn">
<msg time="2025-08-24T18:25:00.433466" level="INFO">Argument types are:
&lt;class 'int'&gt;
&lt;class 'str'&gt;</msg>
<arg>${response.status_code}</arg>
<arg>200</arg>
<doc>Fails if objects are unequal after converting them to real numbers.</doc>
<status status="PASS" start="2025-08-24T18:25:00.432777" elapsed="0.000762"/>
</kw>
<kw name="To Json" owner="RequestsLibrary">
<msg time="2025-08-24T18:25:00.433706" level="WARN">Keyword 'RequestsLibrary.To Json' is deprecated. Please use ${resp.json()} instead. Have a look at the improved HTML output as pretty printing replacement.</msg>
<msg time="2025-08-24T18:25:00.434230" level="INFO">To JSON using : content={"bookingid":2185,"booking":{"firstname":"Nomsa","lastname":"Mahlangu","totalprice":453,"depositpaid":true,"bookingdates":{"checkin":"2025-08-08","checkout":"2025-08-09"},"additionalneeds":"Lunch"}} </msg>
<msg time="2025-08-24T18:25:00.434254" level="INFO">To JSON using : pretty_print=False </msg>
<msg time="2025-08-24T18:25:00.434325" level="INFO">${booking} = {'bookingid': 2185, 'booking': {'firstname': 'Nomsa', 'lastname': 'Mahlangu', 'totalprice': 453, 'depositpaid': True, 'bookingdates': {'checkin': '2025-08-08', 'checkout': '2025-08-09'}, 'additionalne...</msg>
<var>${booking}</var>
<arg>${response.content}</arg>
<doc>*DEPRECATED* Please use ${resp.json()} instead. Have a look at the improved HTML output as pretty printing replacement.</doc>
[...]
 body={"firstname":"Lerato","lastname":"Van der Merwe","totalprice":133,"depositpaid":false,"bookingdates":{"checkin":"2025-08-03","checkout":"2025-08-12"},"additionalneeds":"Parking"} 
 </msg>
<msg time="2025-08-24T18:25:27.827716" level="INFO">C:\Users\arenaho.muhali\PycharmProjects\MUHALI_ARENAHO_HOLDINGS\.venv\Lib\site-packages\urllib3\connectionpool.py:1097: InsecureRequestWarning: Unverified HTTPS request is being made to host 'restful-booker.herokuapp.com'. Adding certificate verification is strongly advised. See: https://urllib3.readthedocs.io/en/latest/advanced-usage.html#tls-warnings
  warnings.warn(</msg>
<msg time="2025-08-24T18:25:27.827823" level="INFO">${put_response} = &lt;Response [200]&gt;</msg>
<var>${put_response}</var>
<arg>mysession</arg>
<arg>${BOOKING_EP}/${booking_id}</arg>
<arg>json=${payload}</arg>
<arg>headers=${headers}</arg>
<doc>Sends a PUT request on a previously created HTTP Session.</doc>
<status status="PASS" start="2025-08-24T18:25:27.386259" elapsed="0.441582"/>
</kw>
<kw name="Should Be Equal As Numbers" owner="BuiltIn">
<msg time="2025-08-24T18:25:27.828398" level="INFO">Argument types are:
&lt;class 'int'&gt;
&lt;class 'str'&gt;</msg>
<arg>${put_response.status_code}</arg>
<arg>200</arg>
<doc>Fails if objects are unequal after converting them to real numbers.</doc>
<status status="PASS" start="2025-08-24T18:25:27.827956" elapsed="0.000502"/>
</kw>
<kw name="Log To Console" owner="BuiltIn">
<arg>✅ Booking ${booking_id} created and updated successfully</arg>
<doc>Logs the given message to the console.</doc>
<status status="PASS" start="2025-08-24T18:25:27.828588" elapsed="0.000144"/>
</kw>
<var name="${index}">11</var>
<status status="PASS" start="2025-08-24T18:25:27.153272" elapsed="0.675487"/>
</iter>
<iter>
<kw name="Get From List" owner="Collections">
<msg time="2025-08-24T18:25:27.829052" level="INFO">${payload} = {'firstname': 'Gugu', 'lastname': 'Dlamini', 'totalprice': 489, 'depositpaid': True, 'bookingdates': {'checkin': '2025-08-04', 'checkout': '2025-08-06'}, 'additionalneeds': 'Lunch'}</msg>
<var>${payload}</var>
<arg>${payload_list}</arg>
<arg>${index}</arg>
<doc>Returns the value specified with an ``index`` from ``list``.</doc>
<status status="PASS" start="2025-08-24T18:25:27.828905" elapsed="0.000176"/>
</kw>
<kw name="Create Dictionary" owner="BuiltIn">
<msg time="2025-08-24T18:25:27.829386" level="INFO">${headers} = {'Content-Type': 'application/json', 'Accept': 'application/json', 'Authorization': 'Basic YWRtaW46cGFzc3dvcmQxMjM='}</msg>
<var>${headers}</var>
<arg>Content-Type=application/json</arg>
<arg>Accept=application/json</arg>
<arg>Authorization=${auth_header}</arg>
<doc>Creates and returns a dictionary based on the given ``items``.</doc>
<status status="PASS" start="2025-08-24T18:25:27.829182" elapsed="0.000224"/>
</kw>
<kw name="POST On Session" owner="RequestsLibrary">
<msg time="2025-08-24T18:25:28.419660" level="INFO">POST Request : url=https://restful-booker.herokuapp.com/booking 
 path_url=/booking 
 headers={'User-Agent': 'python-requests/2.32.4', 'Accept-Encoding': 'gzip, deflate, br', 'Accept': 'application/json', 'Connection': 'keep-alive', 'Content-Type': 'application/json', 'Authorization': 'Basic YWRtaW46cGFzc3dvcmQxMjM=', 'Content-Length': '181'} 
 body=b'{"firstname": "Gugu", "lastname": "Dlamini", "totalprice": 489, "depositpaid": true, "bookingdates": {"checkin": "2025-08-04", "checkout": "2025-08-06"}, "additionalneeds": "Lunch"}' 
 </msg>
<msg time="2025-08-24T18:25:28.419771" level="INFO">POST Response : url=https://restful-booker.herokuapp.com/booking 
 status=200, reason=OK 
 headers={'Content-Length': '196', 'Content-Type': 'application/json; charset=utf-8', 'Date': 'Sun, 24 Aug 2025 16:25:28 GMT', 'Etag': 'W/"c4-mq6+XtEBysAg4lUvThShA4bti5Q"', 'Nel': '{"report_to":"heroku-nel","response_headers":["Via"],"max_age":3600,"success_fraction":0.01,"failure_fraction":0.1}', 'Report-To': '{"group":"heroku-nel","endpoints":[{"url":"https://nel.heroku.com/reports?s=4WCeF6x%2FNx4xNeQIvOJ%2FdDfHVLaT%2BGY059%2BTfLHRACA%3D\\u0026sid=c46efe9b-d3d2-4a0c-8c76-bfafa16c5add\\u0026ts=1756052728"}],"max_age":3600}', 'Reporting-Endpoints': 'heroku-nel="https://nel.heroku.com/reports?s=4WCeF6x%2FNx4xNeQIvOJ%2FdDfHVLaT%2BGY059%2BTfLHRACA%3D&amp;sid=c46efe9b-d3d2-4a0c-8c76-bfafa16c5add&amp;ts=1756052728"', 'Server': 'Heroku', 'Via': '1.1 heroku-router', 'X-Powered-By': 'Express'} 
 body={"bookingid":2441,"booking":{"firstname":"Gugu","lastname":"Dlamini","totalprice":489,"depositpaid":true,"bookingdates":{"checkin":"2025-08-04","checkout":"2025-08-06"},"additionalneeds":"Lunch"}} 
 </msg>
<msg time="2025-08-24T18:25:28.419886" level="INFO">C:\Users\arenaho.muhali\PycharmProjects\MUHALI_ARENAHO_HOLDINGS\.venv\Lib\site-packages\urllib3\connectionpool.py:1097: InsecureRequestWarning: Unverified HTTPS request is being made to host 'restful-booker.herokuapp.com'. Adding certificate verification is strongly advised. See: https://urllib3.readthedocs.io/en/latest/advanced-usage.html#tls-warnings
  warnings.warn(</msg>
<msg time="2025-08-24T18:25:28.420010" level="INFO">${response} = &lt;Response [200]&gt;</msg>
<var>${response}</var>
<arg>mysession</arg>
<arg>${BOOKING_EP}</arg>
<arg>json=${payload}</arg>
<arg>headers=${headers}</arg>
<doc>Sends a POST request on a previously created HTTP Session.</doc>
<status status="PASS" start="2025-08-24T18:25:27.829485" elapsed="0.590546"/>
</kw>
<kw name="Should Be Equal As Numbers" owner="BuiltIn">
<msg time="2025-08-24T18:25:28.420648" level="INFO">Argument types are:
&lt;class 'int'&gt;
&lt;class 'str'&gt;</msg>
<arg>${response.status_code}</arg>
<arg>200</arg>
<doc>Fails if objects are unequal after converting them to real numbers.</doc>
<status status="PASS" start="2025-08-24T18:25:28.420183" elapsed="0.000543"/>
</kw>
<kw name="To Json" owner="RequestsLibrary">
<msg time="2025-08-24T18:25:28.420918" level="WARN">Keyword 'RequestsLibrary.To Json' is deprecated. Please use ${resp.json()} instead. Have a look at the improved HTML output as pretty printing replacement.</msg>
<msg time="2025-08-24T18:25:28.421847" level="INFO">To JSON using : content={"bookingid":2441,"booking":{"firstname":"Gugu","lastname":"Dlamini","totalprice":489,"depositpaid":true,"bookingdates":{"checkin":"2025-08-04","checkout":"2025-08-06"},"additionalneeds":"Lunch"}} </msg>
<msg time="2025-08-24T18:25:28.421879" level="INFO">To JSON using : pretty_print=False </msg>
<msg time="2025-08-24T18:25:28.421967" level="INFO">${booking} = {'bookingid': 2441, 'booking': {'firstname': 'Gugu', 'lastname': 'Dlamini', 'totalprice': 489, 'depositpaid': True, 'bookingdates': {'checkin': '2025-08-04', 'checkout': '2025-08-06'}, 'additionalneed...</msg>
<var>${booking}</var>
<arg>${response.content}</arg>
<doc>*DEPRECATED* Please use ${resp.json()} instead. Have a look at the improved HTML output as pretty printing replacement.</doc>
<status status="PASS" start="2025-08-24T18:25:28.420884" elapsed="0.001142"/>
</kw>
<kw name="Get From Dictionary" owner="Collections">
<msg time="2025-08-24T18:25:28.422368" level="INFO">${booking_id} = 2441</msg>
<var>${booking_id}</var>
<arg>${booking}</arg>
<arg>bookingid</arg>
<doc>Returns a value from the given ``dictionary`` based on the given ``key``.</doc>
<status status="PASS" start="2025-08-24T18:25:28.422213" elapsed="0.000176"/>
</kw>
<kw name="PUT On Session" owner="RequestsLibrary">
<msg time="2025-08-24T18:25:28.665868" level="INFO">PUT Request : url=https://restful-booker.herokuapp.com/booking/2441 
 path_url=/booking/2441 
 headers={'User-Agent': 'python-requests/2.32.4', 'Accept-Encoding': 'gzip, deflate, br', 'Accept': 'application/json', 'Connection': 'keep-alive', 'Content-Type': 'application/json', 'Authorization': 'Basic YWRtaW46cGFzc3dvcmQxMjM=', 'Content-Length': '181'} 
 body=b'{"firstname": "Gugu", "lastname": "Dlamini", "totalprice": 489, "depositpaid": true, "bookingdates": {"checkin": "2025-08-04", "checkout": "2025-08-06"}, "additionalneeds": "Lunch"}' 
 </msg>
<msg time="2025-08-24T18:25:28.665949" level="INFO">PUT Response : url=https://restful-booker.herokuapp.com/booking/2441 
 status=200, reason=OK 
 headers={'Content-Length': '167', 'Content-Type': 'application/json; charset=utf-8', 'Date': 'Sun, 24 Aug 2025 16:25:28 GMT', 'Etag': 'W/"a7-OtziYP31lsQ2zWts5/HU5HFr3Y4"', 'Nel': '{"report_to":"heroku-nel","response_headers":["Via"],"max_age":3600,"success_fraction":0.01,"failure_fraction":0.1}', 'Report-To': '{"group":"heroku-nel","endpoints":[{"url":"https://nel.heroku.com/reports?s=4WCeF6x%2FNx4xNeQIvOJ%2FdDfHVLaT%2BGY059%2BTfLHRACA%3D\\u0026sid=c46efe9b-d3d2-4a0c-8c76-bfafa16c5add\\u0026ts=1756052728"}],"max_age":3600}', 'Reporting-Endpoints': 'heroku-nel="https://nel.heroku.com/reports?s=4WCeF6x%2FNx4xNeQIvOJ%2FdDfHVLaT%2BGY059%2BTfLHRACA%3D&amp;sid=c46efe9b-d3d2-4a0c-8c76-bfafa16c5add&amp;ts=1756052728"', 'Server': 'Heroku', 'Via': '1.1 heroku-router', 'X-Powered-By': 'Express'} 
 body={"firstname":"Gugu","lastname":"Dlamini","totalprice":489,"depositpaid":true,"bookingdates":{"checkin":"2025-08-04","checkout":"2025-08-06"},"additionalneeds":"Lunch"} 
 </msg>
<msg time="2025-08-24T18:25:28.665999" level="INFO">C:\Users\arenaho.muhali\PycharmProjects\MUHALI_ARENAHO_HOLDINGS\.venv\Lib\site-packages\urllib3\connectionpool.py:1097: InsecureRequestWarning: Unverified HTTPS request is being made to host 'restful-booker.herokuapp.com'. Adding certificate verification is strongly advised. See: https://urllib3.readthedocs.io/en/latest/advanced-usage.html#tls-warnings
  warnings.warn(</msg>
<msg time="2025-08-24T18:25:28.666108" level="INFO">${put_response} = &lt;Response [200]&gt;</msg>
<var>${put_response}</var>
<arg>mysession</arg>
<arg>${BOOKING_EP}/${booking_id}</arg>
<arg>json=${payload}</arg>
<arg>headers=${headers}</arg>
<doc>Sends a PUT request on a previously created HTTP Session.</doc>
<status status="PASS" start="2025-08-24T18:25:28.422476" elapsed="0.243649"/>
</kw>
<kw name="Should Be Equal As Numbers" owner="BuiltIn">
<msg time="2025-08-24T18:25:28.666670" level="INFO">Argument types are:
&lt;class 'int'&gt;
&lt;class 'str'&gt;</msg>
<arg>${put_response.status_code}</arg>
<arg>200</arg>
<doc>Fails if objects are unequal after converting them to real numbers.</doc>
<status status="PASS" start="2025-08-24T18:25:28.666250" elapsed="0.000478"/>
</kw>
<kw name="Log To Console" owner="BuiltIn">
<arg>✅ Booking ${booking_id} created and updated successfully</arg>
<doc>Logs the given message to the console.</doc>
<status status="PASS" start="2025-08-24T18:25:28.666815" elapsed="0.000126"/>
</kw>
<var name="${index}">12</var>
<status status="PASS" start="2025-08-24T18:25:27.828847" elapsed="0.838121"/>
</iter>
<var>${index}</var>
<value>${length}</value>
<status status="PASS" start="2025-08-24T18:25:20.960329" elapsed="7.706664"/>
</for>
<kw name="Log To Console" owner="BuiltIn">
<arg>✅✅✅ ALL BOOKINGS CREATED, UPDATED AND VERIFIED SUCCESSFULLY ✅✅✅</arg>
<doc>Logs the given message to the console.</doc>
<status status="PASS" start="2025-08-24T18:25:28.667076" elapsed="0.000081"/>
</kw>
<status status="PASS" start="2025-08-24T18:25:20.953870" elapsed="7.713337"/>
</kw>
<status status="PASS" start="2025-08-24T18:25:20.952769" elapsed="7.714501"/>
</test>
<test id="s1-t5" name="Delete from the API" line="32">
<kw name="DELETE" owner="RequestsLibrary">
<msg time="2025-08-24T18:25:28.668044" level="WARN">You might have an = symbol in url. You better place 'url=' before, example: 'url=/your-url/foo?param=a' or use '/your-url/foo  params=param=a' or escape it</msg>
<msg time="2025-08-24T18:25:28.668438" level="FAIL">TypeError: RequestsKeywords.session_less_delete() missing 1 required positional argument: 'url'</msg>
<doc>Sends a DELETE request.</doc>
<status status="FAIL" start="2025-08-24T18:25:28.667592" elapsed="0.018429">TypeError: RequestsKeywords.session_less_delete() missing 1 required positional argument: 'url'</status>
</kw>
<status status="FAIL" start="2025-08-24T18:25:28.667387" elapsed="0.018843">TypeError: RequestsKeywords.session_less_delete() missing 1 required positional argument: 'url'</status>
</test>
<status status="FAIL" start="2025-08-24T18:22:51.591184" elapsed="157.100415"/>
</suite>
<statistics>
<total>
<stat pass="3" fail="2" skip="0">All Tests</stat>
</total>
<tag>
</tag>
<suite>
<stat name="Main" id="s1" pass="3" fail="2" skip="0">Main</stat>
</suite>
</statistics>
<errors>
<msg time="2025-08-24T18:22:51.663460" level="ERROR">Error in file 'C:\Users\arenaho.muhali\PycharmProjects\MUHALI_ARENAHO_HOLDINGS\API TESTING\main.robot' on line 2: Importing library 'DataDriver' failed: ModuleNotFoundError: No module named 'DataDriver'
Traceback (most recent call last):
  None
PYTHONPATH:
  C:\Users\arenaho.muhali\PycharmProjects\MUHALI_ARENAHO_HOLDINGS\.venv\Scripts\robot.exe
  C:\Users\arenaho.muhali\PycharmProjects\MUHALI_ARENAHO_HOLDINGS
  C:\Users\arenaho.muhali\PycharmProjects\MUHALI_ARENAHO_HOLDINGS\Web_Automation
  C:\Users\arenaho.muhali\PycharmProjects\MUHALI_ARENAHO_HOLDINGS\.venv\Scripts\python313.zip
  C:\Users\arenaho.muhali\AppData\Local\Programs\Python\Python313\DLLs
  C:\Users\arenaho.muhali\AppData\Local\Programs\Python\Python313\Lib
  C:\Users\arenaho.muhali\AppData\Local\Programs\Python\Python313
  C:\Users\arenaho.muhali\PycharmProjects\MUHALI_ARENAHO_HOLDINGS\.venv
  C:\Users\arenaho.muhali\PycharmProjects\MUHALI_ARENAHO_HOLDINGS\.venv\Lib\site-packages
  C:\Users\arenaho.muhali\PycharmProjects\MUHALI_ARENAHO_HOLDINGS\.venv\Lib\site-packages\win32
  C:\Users\arenaho.muhali\PycharmProjects\MUHALI_ARENAHO_HOLDINGS\.venv\Lib\site-packages\win32\lib
  C:\Users\arenaho.muhali\PycharmProjects\MUHALI_ARENAHO_HOLDINGS\.venv\Lib\site-packages\Pythonwin</msg>
<msg time="2025-08-24T18:22:53.092170" level="ERROR">Error in file 'C:\Users\arenaho.muhali\PycharmProjects\MUHALI_ARENAHO_HOLDINGS\API TESTING\main.robot' on line 7: Error in file 'C:\Users\arenaho.muhali\PycharmProjects\MUHALI_ARENAHO_HOLDINGS\API TESTING\delete.robot' on line 12: Resource file with 'Test Cases' section is invalid.</msg>
<msg time="2025-08-24T18:24:36.513554" level="WARN">Keyword 'RequestsLibrary.To Json' is deprecated. Please use ${resp.json()} instead. Have a look at the improved HTML output as pretty printing replacement.</msg>
<msg time="2025-08-24T18:24:42.676067" level="WARN">Keyword 'RequestsLibrary.To Json' is deprecated. Please use ${resp.json()} instead. Have a look at the improved HTML output as pretty printing replacement.</msg>
<msg time="2025-08-24T18:24:47.883253" level="WARN">Keyword 'RequestsLibrary.To Json' is deprecated. Please use ${resp.json()} instead. Have a look at the improved HTML output as pretty printing replacement.</msg>
<msg time="2025-08-24T18:24:53.453879" level="WARN">Keyword 'RequestsLibrary.To Json' is deprecated. Please use ${resp.json()} instead. Have a look at the improved HTML output as pretty printing replacement.</msg>
<msg time="2025-08-24T18:25:00.433706" level="WARN">Keyword 'RequestsLibrary.To Json' is deprecated. Please use ${resp.json()} instead. Have a look at the improved HTML output as pretty printing replacement.</msg>
<msg time="2025-08-24T18:25:04.916734" level="WARN">Keyword 'RequestsLibrary.To Json' is deprecated. Please use ${resp.json()} instead. Have a look at the improved HTML output as pretty printing replacement.</msg>
<msg time="2025-08-24T18:25:06.753325" level="WARN">Keyword 'RequestsLibrary.To Json' is deprecated. Please use ${resp.json()} instead. Have a look at the improved HTML output as pretty printing replacement.</msg>
<msg time="2025-08-24T18:25:10.065506" level="WARN">Keyword 'RequestsLibrary.To Json' is deprecated. Please use ${resp.json()} instead. Have a look at the improved HTML output as pretty printing replacement.</msg>
<msg time="2025-08-24T18:25:13.254635" level="WARN">Keyword 'RequestsLibrary.To Json' is deprecated. Please use ${resp.json()} instead. Have a look at the improved HTML output as pretty printing replacement.</msg>
<msg time="2025-08-24T18:25:15.946935" level="WARN">Keyword 'RequestsLibrary.To Json' is deprecated. Please use ${resp.json()} instead. Have a look at the improved HTML output as pretty printing replacement.</msg>
<msg time="2025-08-24T18:25:18.257416" level="WARN">Keyword 'RequestsLibrary.To Json' is deprecated. Please use ${resp.json()} instead. Have a look at the improved HTML output as pretty printing replacement.</msg>
<msg time="2025-08-24T18:25:20.162757" level="WARN">Keyword 'RequestsLibrary.To Json' is deprecated. Please use ${resp.json()} instead. Have a look at the improved HTML output as pretty printing replacement.</msg>
<msg time="2025-08-24T18:25:20.705351" level="WARN">Keyword 'RequestsLibrary.To Json' is deprecated. Please use ${resp.json()} instead. Have a look at the improved HTML output as pretty printing replacement.</msg>
<msg time="2025-08-24T18:25:21.964352" level="WARN">Keyword 'RequestsLibrary.To Json' is deprecated. Please use ${resp.json()} instead. Have a look at the improved HTML output as pretty printing replacement.</msg>
<msg time="2025-08-24T18:25:22.473003" level="WARN">Keyword 'RequestsLibrary.To Json' is deprecated. Please use ${resp.json()} instead. Have a look at the improved HTML output as pretty printing replacement.</msg>
<msg time="2025-08-24T18:25:22.946599" level="WARN">Keyword 'RequestsLibrary.To Json' is deprecated. Please use ${resp.json()} instead. Have a look at the improved HTML output as pretty printing replacement.</msg>
<msg time="2025-08-24T18:25:23.426202" level="WARN">Keyword 'RequestsLibrary.To Json' is deprecated. Please use ${resp.json()} instead. Have a look at the improved HTML output as pretty printing replacement.</msg>
<msg time="2025-08-24T18:25:24.006644" level="WARN">Keyword 'RequestsLibrary.To Json' is deprecated. Please use ${resp.json()} instead. Have a look at the improved HTML output as pretty printing replacement.</msg>
<msg time="2025-08-24T18:25:24.505639" level="WARN">Keyword 'RequestsLibrary.To Json' is deprecated. Please use ${resp.json()} instead. Have a look at the improved HTML output as pretty printing replacement.</msg>
<msg time="2025-08-24T18:25:24.997766" level="WARN">Keyword 'RequestsLibrary.To Json' is deprecated. Please use ${resp.json()} instead. Have a look at the improved HTML output as pretty printing replacement.</msg>
<msg time="2025-08-24T18:25:25.473210" level="WARN">Keyword 'RequestsLibrary.To Json' is deprecated. Please use ${resp.json()} instead. Have a look at the improved HTML output as pretty printing replacement.</msg>
<msg time="2025-08-24T18:25:25.952471" level="WARN">Keyword 'RequestsLibrary.To Json' is deprecated. Please use ${resp.json()} instead. Have a look at the improved HTML output as pretty printing replacement.</msg>
<msg time="2025-08-24T18:25:26.430993" level="WARN">Keyword 'RequestsLibrary.To Json' is deprecated. Please use ${resp.json()} instead. Have a look at the improved HTML output as pretty printing replacement.</msg>
<msg time="2025-08-24T18:25:26.913260" level="WARN">Keyword 'RequestsLibrary.To Json' is deprecated. Please use ${resp.json()} instead. Have a look at the improved HTML output as pretty printing replacement.</msg>
<msg time="2025-08-24T18:25:27.385513" level="WARN">Keyword 'RequestsLibrary.To Json' is deprecated. Please use ${resp.json()} instead. Have a look at the improved HTML output as pretty printing replacement.</msg>
<msg time="2025-08-24T18:25:28.420918" level="WARN">Keyword 'RequestsLibrary.To Json' is deprecated. Please use ${resp.json()} instead. Have a look at the improved HTML output as pretty printing replacement.</msg>
<msg time="2025-08-24T18:25:28.668044" level="WARN">You might have an = symbol in url. You better place 'url=' before, example: 'url=/your-url/foo?param=a' or use '/your-url/foo  params=param=a' or escape it</msg>
</errors>
</robot>
